2019-10-22 17:39:41 | INFO | Base_Logging | inner | You have this exception
2019-10-22 17:39:41 | INFO | Base_Logging | inner | Exception in method: check_temp_and_click_product_category
2019-10-22 17:39:41 | INFO | Base_Logging | inner | PYTHON SAYS: 'charmap' codec can't encode character '\u2103' in position 39: character maps to <undefined>
2019-10-22 17:39:41 | INFO | Base_Logging | log_result | FAIL: Failed to click right button
On
2019-10-22 17:39:41 | INFO | Base_Logging | test_add_all_items_to_cart_and_checkout | Script duration: 14 seconds

2019-10-22 17:39:46 | DEBUG | Base_Logging | conditional_write | Clicked on add button
2019-10-22 17:39:50 | DEBUG | Base_Logging | conditional_write | Clicked on add button
2019-10-22 17:39:55 | DEBUG | Base_Logging | conditional_write | Clicked on cart button
2019-10-22 17:39:57 | DEBUG | Base_Logging | conditional_write | Landed on cart screen
2019-10-22 17:39:58 | INFO | Base_Logging | log_result | FAIL: Failed to All moisturizers to the cart
On
2019-10-22 17:39:58 | INFO | Base_Logging | test_add_all_items_to_cart_and_checkout | Script duration: 31 seconds

2019-10-22 17:40:01 | DEBUG | Base_Logging | conditional_write | Clicked on pay with card
2019-10-22 17:40:08 | DEBUG | Base_Logging | conditional_write | Switched to Iframe
2019-10-22 17:40:09 | DEBUG | Base_Logging | conditional_write | Set the email to: afcszdfbc@abcxzy.com
2019-10-22 17:40:10 | DEBUG | Base_Logging | conditional_write | Set the credit card number to: 4242 4242 4242 4242
2019-10-22 17:40:14 | DEBUG | Base_Logging | get_element | Message: target frame detached
  (Session info: chrome=77.0.3865.120)

2019-10-22 17:40:14 | INFO | Base_Logging | get_element | Check your locator-'xpath,//*[contains(@class,'Fieldset-input Textbox-control')][1]/following::*[contains(@placeholder,'MM / YY')]' in the conf/locators.conf file
2019-10-22 17:40:14 | DEBUG | Base_Logging | conditional_write | Failed to set the mm/yy  in the form
2019-10-22 17:40:19 | DEBUG | Base_Logging | get_element | Message: no such element: Unable to locate element: {"method":"xpath","selector":"//*[contains(@class,'Fieldset-input Textbox-control')][1]/following::*[contains(@placeholder,'CVC')]"}
  (Session info: chrome=77.0.3865.120)

2019-10-22 17:40:19 | INFO | Base_Logging | get_element | Check your locator-'xpath,//*[contains(@class,'Fieldset-input Textbox-control')][1]/following::*[contains(@placeholder,'CVC')]' in the conf/locators.conf file
2019-10-22 17:40:19 | DEBUG | Base_Logging | conditional_write | Failed to set the cvc  in the form
2019-10-22 17:40:24 | DEBUG | Base_Logging | get_element | Message: no such element: Unable to locate element: {"method":"xpath","selector":"//*[contains(@class,'Fieldset-input Textbox-control')][1]/following::*[contains(@placeholder,'ZIP Code')]"}
  (Session info: chrome=77.0.3865.120)

2019-10-22 17:40:24 | INFO | Base_Logging | get_element | Check your locator-'xpath,//*[contains(@class,'Fieldset-input Textbox-control')][1]/following::*[contains(@placeholder,'ZIP Code')]' in the conf/locators.conf file
2019-10-22 17:40:24 | DEBUG | Base_Logging | conditional_write | Failed to set the zip code  in the form
2019-10-22 17:40:30 | DEBUG | Base_Logging | get_element | Message: no such element: Unable to locate element: {"method":"xpath","selector":"//div[contains(@class,'Checkbox-tick')]"}
  (Session info: chrome=77.0.3865.120)

2019-10-22 17:40:30 | INFO | Base_Logging | get_element | Check your locator-'xpath,//div[contains(@class,'Checkbox-tick')]' in the conf/locators.conf file
2019-10-22 17:40:30 | INFO | Base_Logging | select_checkbox | 'NoneType' object has no attribute 'is_selected'
2019-10-22 17:40:30 | DEBUG | Base_Logging | conditional_write | Failed to check remember me checkbox in the form
2019-10-22 17:40:35 | DEBUG | Base_Logging | get_element | Message: no such element: Unable to locate element: {"method":"xpath","selector":"//*[contains(@class,'Fieldset-input Textbox-control')][1]/following::*[contains(@value,'+91')]"}
  (Session info: chrome=77.0.3865.120)

2019-10-22 17:40:35 | INFO | Base_Logging | get_element | Check your locator-'xpath,//*[contains(@class,'Fieldset-input Textbox-control')][1]/following::*[contains(@value,'+91')]' in the conf/locators.conf file
2019-10-22 17:40:35 | DEBUG | Base_Logging | conditional_write | Failed to set the phone in the form
2019-10-22 17:40:39 | DEBUG | Base_Logging | conditional_write | Clicked on pay button
2019-10-22 17:40:39 | DEBUG | Base_Logging | conditional_write | Could not land on confirmation screen
2019-10-22 17:40:40 | INFO | Base_Logging | log_result | FAIL: Failed to checkout
On
2019-10-22 17:40:40 | INFO | Base_Logging | test_add_all_items_to_cart_and_checkout | Script duration: 73 seconds

2019-10-22 17:40:40 | INFO | Base_Logging | write_test_summary | 

************************
--------RESULT--------
Total number of checks=3
2019-10-22 17:40:40 | INFO | Base_Logging | write_test_summary | Total number of checks passed=0
----------------------
************************


2019-10-22 17:40:40 | INFO | Base_Logging | write_test_summary | Total number of mini-checks=16
2019-10-22 17:40:40 | INFO | Base_Logging | write_test_summary | Total number of mini-checks passed=10
2019-10-22 17:40:40 | INFO | Base_Logging | write_test_summary | 
--------FAILURE SUMMARY--------

2019-10-22 17:40:40 | INFO | Base_Logging | write_test_summary | FAIL: Failed to click right button
On
2019-10-22 17:40:40 | INFO | Base_Logging | write_test_summary | FAIL: Failed to All moisturizers to the cart
On
2019-10-22 17:40:40 | INFO | Base_Logging | write_test_summary | FAIL: Failed to checkout
On
2019-10-22 17:40:40 | INFO | Base_Logging | write_test_summary | 
--------USEFUL EXCEPTION--------

2019-10-22 17:40:40 | INFO | Base_Logging | write_test_summary | 1- Check your locator-'xpath,//div[contains(@class,'Checkbox-tick')]' in the conf/locators.conf file
2019-10-22 17:40:40 | INFO | Base_Logging | write_test_summary | 2- Check your locator-'xpath,//*[contains(@class,'Fieldset-input Textbox-control')][1]/following::*[contains(@placeholder,'CVC')]' in the conf/locators.conf file
2019-10-22 17:40:40 | INFO | Base_Logging | write_test_summary | 3- Check your locator-'xpath,//*[contains(@class,'Fieldset-input Textbox-control')][1]/following::*[contains(@placeholder,'MM / YY')]' in the conf/locators.conf file
2019-10-22 17:40:40 | INFO | Base_Logging | write_test_summary | 4- Check your locator-'xpath,//*[contains(@class,'Fieldset-input Textbox-control')][1]/following::*[contains(@value,'+91')]' in the conf/locators.conf file
2019-10-22 17:40:40 | INFO | Base_Logging | write_test_summary | 5- Error when selecting checkbox-'xpath,//div[contains(@class,'Checkbox-tick')]' in the conf/locators.conf file
2019-10-22 17:40:40 | INFO | Base_Logging | write_test_summary | 6- Check your locator-'xpath,//*[contains(@class,'Fieldset-input Textbox-control')][1]/following::*[contains(@placeholder,'ZIP Code')]' in the conf/locators.conf file
2019-10-22 17:40:40 | INFO | Base_Logging | write_test_summary | ************************
2019-10-22 17:43:37 | DEBUG | Base_Logging | conditional_write | The temperature is 35 °C
2019-10-22 17:43:44 | DEBUG | Base_Logging | conditional_write | Clicked on Buy sunscreen
2019-10-22 17:43:49 | DEBUG | Base_Logging | conditional_write | The heading of the page is Sunscreens
2019-10-22 17:43:51 | DEBUG | Base_Logging | conditional_write | Landed on Sunscreen screen
2019-10-22 17:43:52 | INFO | Base_Logging | log_result | PASS: clicked on right button

2019-10-22 17:43:52 | INFO | Base_Logging | test_add_all_items_to_cart_and_checkout | Script duration: 29 seconds

2019-10-22 17:43:55 | DEBUG | Base_Logging | conditional_write | Clicked on add button
2019-10-22 17:43:58 | DEBUG | Base_Logging | conditional_write | Clicked on add button
2019-10-22 17:44:01 | DEBUG | Base_Logging | conditional_write | Clicked on add button
2019-10-22 17:44:04 | DEBUG | Base_Logging | conditional_write | Clicked on add button
2019-10-22 17:44:07 | DEBUG | Base_Logging | conditional_write | Clicked on add button
2019-10-22 17:44:10 | DEBUG | Base_Logging | conditional_write | Clicked on add button
2019-10-22 17:44:11 | DEBUG | Base_Logging | conditional_write | All items added to the cart
2019-10-22 17:44:22 | DEBUG | Base_Logging | conditional_write | Clicked on cart button
2019-10-22 17:44:24 | DEBUG | Base_Logging | conditional_write | Landed on cart screen
2019-10-22 17:44:25 | INFO | Base_Logging | log_result | PASS: All moisturizers added successfully to the cart

2019-10-22 17:44:25 | INFO | Base_Logging | test_add_all_items_to_cart_and_checkout | Script duration: 62 seconds

2019-10-22 17:44:28 | DEBUG | Base_Logging | conditional_write | Clicked on pay with card
2019-10-22 17:44:35 | DEBUG | Base_Logging | conditional_write | Switched to Iframe
2019-10-22 17:44:36 | DEBUG | Base_Logging | conditional_write | Set the email to: aq_-#Yg!X(qN@a.com
2019-10-22 17:44:37 | DEBUG | Base_Logging | conditional_write | Set the credit card number to: 4242 4242 4242 4242
2019-10-22 17:44:37 | DEBUG | Base_Logging | conditional_write | Set the mm/yy number to: 10/30
2019-10-22 17:44:38 | DEBUG | Base_Logging | conditional_write | Set the cvc number to: 123
2019-10-22 17:44:39 | DEBUG | Base_Logging | conditional_write | Set the zip code number to: 123456
2019-10-22 17:44:42 | DEBUG | Base_Logging | conditional_write | Set the remember me checkbox
2019-10-22 17:44:42 | DEBUG | Base_Logging | conditional_write | Set the phone number to: 9900378310
2019-10-22 17:44:46 | DEBUG | Base_Logging | conditional_write | Clicked on pay button
2019-10-22 17:44:46 | DEBUG | Base_Logging | conditional_write | Could not land on confirmation screen
2019-10-22 17:44:47 | INFO | Base_Logging | log_result | FAIL: Failed to checkout
On
2019-10-22 17:44:47 | INFO | Base_Logging | test_add_all_items_to_cart_and_checkout | Script duration: 84 seconds

2019-10-22 17:44:47 | INFO | Base_Logging | write_test_summary | 

************************
--------RESULT--------
Total number of checks=3
2019-10-22 17:44:47 | INFO | Base_Logging | write_test_summary | Total number of checks passed=2
----------------------
************************


2019-10-22 17:44:47 | INFO | Base_Logging | write_test_summary | Total number of mini-checks=24
2019-10-22 17:44:47 | INFO | Base_Logging | write_test_summary | Total number of mini-checks passed=23
2019-10-22 17:44:47 | INFO | Base_Logging | write_test_summary | 
--------FAILURE SUMMARY--------

2019-10-22 17:44:47 | INFO | Base_Logging | write_test_summary | FAIL: Failed to checkout
On
2019-10-22 17:44:47 | INFO | Base_Logging | write_test_summary | ************************
2019-10-23 17:42:27 | INFO | Base_Logging | inner | You have this exception
2019-10-23 17:42:27 | INFO | Base_Logging | inner | Exception in method: check_temp_and_click_product_category
2019-10-23 17:42:27 | INFO | Base_Logging | inner | PYTHON SAYS: 'charmap' codec can't encode character '\u2103' in position 39: character maps to <undefined>
2019-10-23 17:42:28 | INFO | Base_Logging | log_result | FAIL: Failed to click right button
On
2019-10-23 17:42:28 | INFO | Base_Logging | test_add_all_items_to_cart_and_checkout | Script duration: 16 seconds

2019-10-23 17:42:35 | DEBUG | Base_Logging | conditional_write | Clicked on add button
2019-10-23 17:42:38 | DEBUG | Base_Logging | conditional_write | Clicked on add button
2019-10-23 17:42:45 | DEBUG | Base_Logging | conditional_write | Clicked on cart button
2019-10-23 17:42:47 | DEBUG | Base_Logging | conditional_write | Landed on cart screen
2019-10-23 17:42:48 | INFO | Base_Logging | log_result | FAIL: Failed to All moisturizers to the cart
On
2019-10-23 17:42:48 | INFO | Base_Logging | test_add_all_items_to_cart_and_checkout | Script duration: 36 seconds

2019-10-23 17:42:51 | DEBUG | Base_Logging | conditional_write | Clicked on pay with card
2019-10-23 17:42:59 | DEBUG | Base_Logging | conditional_write | Switched to Iframe
2019-10-23 17:42:59 | DEBUG | Base_Logging | conditional_write | Set the email to: aq:c9#7!zs%X@a.com
2019-10-23 17:43:00 | DEBUG | Base_Logging | conditional_write | Set the credit card number to: 4242 4242 4242 4242
2019-10-23 17:43:01 | DEBUG | Base_Logging | conditional_write | Set the mm/yy number to: 10/30
2019-10-23 17:43:01 | DEBUG | Base_Logging | conditional_write | Set the cvc number to: 123
2019-10-23 17:43:02 | DEBUG | Base_Logging | conditional_write | Set the zip code number to: 123456
2019-10-23 17:43:05 | DEBUG | Base_Logging | conditional_write | Set the remember me checkbox
2019-10-23 17:43:06 | DEBUG | Base_Logging | conditional_write | Set the phone number to: 9900378310
2019-10-23 17:43:09 | DEBUG | Base_Logging | conditional_write | Clicked on pay button
2019-10-23 17:43:11 | DEBUG | Base_Logging | conditional_write | Switched back from Iframe
2019-10-23 17:43:12 | DEBUG | Base_Logging | conditional_write | Landed on confirmation screen
2019-10-23 17:43:12 | INFO | Base_Logging | log_result | PASS: Successfully checkout is completed

2019-10-23 17:43:12 | INFO | Base_Logging | test_add_all_items_to_cart_and_checkout | Script duration: 60 seconds

2019-10-23 17:43:12 | INFO | Base_Logging | write_test_summary | 

************************
--------RESULT--------
Total number of checks=3
2019-10-23 17:43:12 | INFO | Base_Logging | write_test_summary | Total number of checks passed=1
----------------------
************************


2019-10-23 17:43:12 | INFO | Base_Logging | write_test_summary | Total number of mini-checks=17
2019-10-23 17:43:12 | INFO | Base_Logging | write_test_summary | Total number of mini-checks passed=17
2019-10-23 17:43:12 | INFO | Base_Logging | write_test_summary | 
--------FAILURE SUMMARY--------

2019-10-23 17:43:12 | INFO | Base_Logging | write_test_summary | FAIL: Failed to click right button
On
2019-10-23 17:43:12 | INFO | Base_Logging | write_test_summary | FAIL: Failed to All moisturizers to the cart
On
2019-10-23 17:43:12 | INFO | Base_Logging | write_test_summary | ************************
2019-10-23 17:43:36 | DEBUG | Base_Logging | conditional_write | Clicked on add moisturizer button
2019-10-23 17:43:39 | DEBUG | Base_Logging | conditional_write | Clicked on add moisturizer button
2019-10-23 17:43:42 | DEBUG | Base_Logging | conditional_write | Clicked on add moisturizer button
2019-10-23 17:43:45 | DEBUG | Base_Logging | conditional_write | Clicked on add moisturizer button
2019-10-23 17:43:48 | DEBUG | Base_Logging | conditional_write | Clicked on add moisturizer button
2019-10-23 17:43:52 | DEBUG | Base_Logging | conditional_write | Clicked on add moisturizer button
2019-10-23 17:43:52 | DEBUG | Base_Logging | conditional_write | All items added to the cart
2019-10-23 17:43:53 | INFO | Base_Logging | log_result | PASS: All moisturizers added successfully to the cart

2019-10-23 17:43:53 | INFO | Base_Logging | test_add_all_moiturizers_to_cart | Script duration: 35 seconds

2019-10-23 17:43:53 | INFO | Base_Logging | write_test_summary | 

************************
--------RESULT--------
Total number of checks=1
2019-10-23 17:43:53 | INFO | Base_Logging | write_test_summary | Total number of checks passed=1
----------------------
************************


2019-10-23 17:43:53 | INFO | Base_Logging | write_test_summary | Total number of mini-checks=7
2019-10-23 17:43:53 | INFO | Base_Logging | write_test_summary | Total number of mini-checks passed=7
2019-10-23 17:43:53 | INFO | Base_Logging | write_test_summary | ************************
2019-10-23 17:44:17 | DEBUG | Base_Logging | conditional_write | Clicked on add Sunscreen button
2019-10-23 17:44:20 | DEBUG | Base_Logging | conditional_write | Clicked on add Sunscreen button
2019-10-23 17:44:23 | DEBUG | Base_Logging | conditional_write | Clicked on add Sunscreen button
2019-10-23 17:44:26 | DEBUG | Base_Logging | conditional_write | Clicked on add Sunscreen button
2019-10-23 17:44:29 | DEBUG | Base_Logging | conditional_write | Clicked on add Sunscreen button
2019-10-23 17:44:32 | DEBUG | Base_Logging | conditional_write | Clicked on add Sunscreen button
2019-10-23 17:44:32 | DEBUG | Base_Logging | conditional_write | All items added to the cart
2019-10-23 17:44:33 | INFO | Base_Logging | log_result | PASS: All sunscreens added successfully to the cart

2019-10-23 17:44:33 | INFO | Base_Logging | test_add_all_sunscreens_to_cart | Script duration: 35 seconds

2019-10-23 17:44:33 | INFO | Base_Logging | write_test_summary | 

************************
--------RESULT--------
Total number of checks=1
2019-10-23 17:44:33 | INFO | Base_Logging | write_test_summary | Total number of checks passed=1
----------------------
************************


2019-10-23 17:44:33 | INFO | Base_Logging | write_test_summary | Total number of mini-checks=7
2019-10-23 17:44:33 | INFO | Base_Logging | write_test_summary | Total number of mini-checks passed=7
2019-10-23 17:44:33 | INFO | Base_Logging | write_test_summary | ************************
2019-10-23 17:45:16 | DEBUG | Base_Logging | conditional_write | Most expensive item array is created
2019-10-23 17:45:17 | INFO | Base_Logging | log_result | PASS: Collected the list of prices of all moisturizer

2019-10-23 17:45:17 | INFO | Base_Logging | inner | You have this exception
2019-10-23 17:45:17 | INFO | Base_Logging | inner | Exception in method: select_expensive
2019-10-23 17:45:17 | INFO | Base_Logging | inner | PYTHON SAYS: 'Moisturizer_Page' object has no attribute 'click_add_expensive_moisturizer'
2019-10-23 17:45:17 | INFO | Base_Logging | log_result | FAIL: Failed to select most expensive sunscreen
On
2019-10-23 17:45:17 | INFO | Base_Logging | test_most_expensive_moisturizer | Script duration: 22 seconds

2019-10-23 17:45:17 | INFO | Base_Logging | write_test_summary | 

************************
--------RESULT--------
Total number of checks=2
2019-10-23 17:45:17 | INFO | Base_Logging | write_test_summary | Total number of checks passed=1
----------------------
************************


2019-10-23 17:45:17 | INFO | Base_Logging | write_test_summary | Total number of mini-checks=1
2019-10-23 17:45:17 | INFO | Base_Logging | write_test_summary | Total number of mini-checks passed=1
2019-10-23 17:45:17 | INFO | Base_Logging | write_test_summary | 
--------FAILURE SUMMARY--------

2019-10-23 17:45:17 | INFO | Base_Logging | write_test_summary | FAIL: Failed to select most expensive sunscreen
On
2019-10-23 17:45:17 | INFO | Base_Logging | write_test_summary | ************************
2019-10-23 17:45:43 | DEBUG | Base_Logging | conditional_write | Most expensive item array is created
2019-10-23 17:45:43 | INFO | Base_Logging | log_result | PASS: Collected the list of prices of all sunscreen

2019-10-23 17:45:46 | DEBUG | Base_Logging | conditional_write | Clicked on add of most expensive sunscreen
2019-10-23 17:45:47 | INFO | Base_Logging | log_result | PASS: Selected the most expensive sunscreen

2019-10-23 17:45:47 | INFO | Base_Logging | test_most_expensive_sunscreen | Script duration: 25 seconds

2019-10-23 17:45:47 | INFO | Base_Logging | write_test_summary | 

************************
--------RESULT--------
Total number of checks=2
2019-10-23 17:45:47 | INFO | Base_Logging | write_test_summary | Total number of checks passed=2
----------------------
************************


2019-10-23 17:45:47 | INFO | Base_Logging | write_test_summary | Total number of mini-checks=2
2019-10-23 17:45:47 | INFO | Base_Logging | write_test_summary | Total number of mini-checks passed=2
2019-10-23 17:45:47 | INFO | Base_Logging | write_test_summary | ************************
2019-10-23 17:46:06 | DEBUG | Base_Logging | conditional_write | The temperature is 43 °C
2019-10-23 17:46:17 | DEBUG | Base_Logging | conditional_write | Clicked on Buy sunscreen
2019-10-23 17:46:22 | DEBUG | Base_Logging | conditional_write | The heading of the page is Sunscreens
2019-10-23 17:46:25 | DEBUG | Base_Logging | conditional_write | Landed on Sunscreen screen
2019-10-23 17:46:25 | INFO | Base_Logging | log_result | PASS: clicked on right button

2019-10-23 17:46:25 | INFO | Base_Logging | test_read_weather_and_redirect | Script duration: 33 seconds

2019-10-23 17:46:25 | INFO | Base_Logging | write_test_summary | 

************************
--------RESULT--------
Total number of checks=1
2019-10-23 17:46:25 | INFO | Base_Logging | write_test_summary | Total number of checks passed=1
----------------------
************************


2019-10-23 17:46:25 | INFO | Base_Logging | write_test_summary | Total number of mini-checks=4
2019-10-23 17:46:25 | INFO | Base_Logging | write_test_summary | Total number of mini-checks passed=4
2019-10-23 17:46:25 | INFO | Base_Logging | write_test_summary | ************************
2019-10-23 17:46:51 | DEBUG | Base_Logging | conditional_write | Most expensive item array is created
2019-10-23 17:46:51 | DEBUG | Base_Logging | conditional_write | Most expensive item array is created
2019-10-23 17:46:51 | DEBUG | Base_Logging | conditional_write | Most expensive item array is created
2019-10-23 17:46:56 | DEBUG | Base_Logging | conditional_write | Most expensive item array is created
2019-10-23 17:46:56 | DEBUG | Base_Logging | conditional_write | Most expensive item array is created
2019-10-23 17:46:56 | DEBUG | Base_Logging | conditional_write | Most expensive item array is created
2019-10-23 17:47:04 | INFO | Base_Logging | log_result | PASS: Selected 2  least expensive moisturizers

2019-10-23 17:47:04 | INFO | Base_Logging | test_select_2_least_expensive_moisturizers | Script duration: 34 seconds

2019-10-23 17:47:04 | INFO | Base_Logging | write_test_summary | 

************************
--------RESULT--------
Total number of checks=1
2019-10-23 17:47:04 | INFO | Base_Logging | write_test_summary | Total number of checks passed=1
----------------------
************************


2019-10-23 17:47:04 | INFO | Base_Logging | write_test_summary | Total number of mini-checks=6
2019-10-23 17:47:04 | INFO | Base_Logging | write_test_summary | Total number of mini-checks passed=6
2019-10-23 17:47:04 | INFO | Base_Logging | write_test_summary | ************************
2019-10-24 11:57:25 | INFO | Base_Logging | inner | You have this exception
2019-10-24 11:57:25 | INFO | Base_Logging | inner | Exception in method: check_temp_and_click_product_category
2019-10-24 11:57:25 | INFO | Base_Logging | inner | PYTHON SAYS: 'charmap' codec can't encode character '\u2103' in position 40: character maps to <undefined>
2019-10-24 11:57:25 | INFO | Base_Logging | log_result | FAIL: Failed to click right button
On
2019-10-24 11:57:50 | DEBUG | Base_Logging | conditional_write | Clicked on add moisturizer button
2019-10-24 11:57:53 | DEBUG | Base_Logging | conditional_write | Clicked on add moisturizer button
2019-10-24 11:57:56 | DEBUG | Base_Logging | conditional_write | Clicked on add moisturizer button
2019-10-24 11:57:59 | DEBUG | Base_Logging | conditional_write | Clicked on add moisturizer button
2019-10-24 11:58:02 | DEBUG | Base_Logging | conditional_write | Clicked on add moisturizer button
2019-10-24 11:58:05 | DEBUG | Base_Logging | conditional_write | Clicked on add moisturizer button
2019-10-24 11:58:06 | DEBUG | Base_Logging | conditional_write | All items added to the cart
2019-10-24 11:58:07 | INFO | Base_Logging | log_result | PASS: All moisturizers added successfully to the cart

2019-10-24 11:58:07 | INFO | Base_Logging | test_add_all_moiturizers_to_cart | Script duration: 37 seconds

2019-10-24 11:58:07 | INFO | Base_Logging | write_test_summary | 

************************
--------RESULT--------
Total number of checks=2
2019-10-24 11:58:07 | INFO | Base_Logging | write_test_summary | Total number of checks passed=1
----------------------
************************


2019-10-24 11:58:07 | INFO | Base_Logging | write_test_summary | Total number of mini-checks=8
2019-10-24 11:58:07 | INFO | Base_Logging | write_test_summary | Total number of mini-checks passed=8
2019-10-24 11:58:07 | INFO | Base_Logging | write_test_summary | 
--------FAILURE SUMMARY--------

2019-10-24 11:58:07 | INFO | Base_Logging | write_test_summary | FAIL: Failed to click right button
On
2019-10-24 11:58:07 | INFO | Base_Logging | write_test_summary | ************************
2019-10-24 11:58:33 | DEBUG | Base_Logging | conditional_write | Most expensive item array is created
2019-10-24 11:58:37 | DEBUG | Base_Logging | conditional_write | Clicked on add of most expensive moisturizer
2019-10-24 11:58:43 | DEBUG | Base_Logging | conditional_write | Clicked on cart button
2019-10-24 11:58:45 | DEBUG | Base_Logging | conditional_write | Landed on cart screen
2019-10-24 11:58:46 | INFO | Base_Logging | log_result | PASS: Selected the most expensive moisturizer

2019-10-24 11:58:46 | INFO | Base_Logging | test_most_expensive_moisturizer | Script duration: 33 seconds

2019-10-24 11:58:46 | INFO | Base_Logging | write_test_summary | 

************************
--------RESULT--------
Total number of checks=1
2019-10-24 11:58:46 | INFO | Base_Logging | write_test_summary | Total number of checks passed=1
----------------------
************************


2019-10-24 11:58:46 | INFO | Base_Logging | write_test_summary | Total number of mini-checks=4
2019-10-24 11:58:46 | INFO | Base_Logging | write_test_summary | Total number of mini-checks passed=4
2019-10-24 11:58:46 | INFO | Base_Logging | write_test_summary | ************************
2019-10-24 11:59:12 | DEBUG | Base_Logging | conditional_write | Most expensive item array is created
2019-10-24 11:59:15 | DEBUG | Base_Logging | conditional_write | Clicked on add of most expensive sunscreen
2019-10-24 11:59:23 | DEBUG | Base_Logging | conditional_write | Clicked on cart button
2019-10-24 11:59:26 | DEBUG | Base_Logging | conditional_write | Landed on cart screen
2019-10-24 11:59:26 | INFO | Base_Logging | log_result | PASS: Selected the most expensive sunscreen

2019-10-24 11:59:26 | INFO | Base_Logging | test_most_expensive_sunscreen | Script duration: 35 seconds

2019-10-24 11:59:26 | INFO | Base_Logging | write_test_summary | 

************************
--------RESULT--------
Total number of checks=1
2019-10-24 11:59:26 | INFO | Base_Logging | write_test_summary | Total number of checks passed=1
----------------------
************************


2019-10-24 11:59:26 | INFO | Base_Logging | write_test_summary | Total number of mini-checks=4
2019-10-24 11:59:26 | INFO | Base_Logging | write_test_summary | Total number of mini-checks passed=4
2019-10-24 11:59:26 | INFO | Base_Logging | write_test_summary | ************************
2019-10-24 11:59:45 | DEBUG | Base_Logging | conditional_write | The temperature is 43 °C
2019-10-24 11:59:52 | DEBUG | Base_Logging | conditional_write | Clicked on Buy sunscreen
2019-10-24 11:59:58 | DEBUG | Base_Logging | conditional_write | The heading of the page is Sunscreens
2019-10-24 12:00:00 | DEBUG | Base_Logging | conditional_write | Landed on Sunscreen screen
2019-10-24 12:00:01 | INFO | Base_Logging | log_result | PASS: clicked on right button

2019-10-24 12:00:01 | INFO | Base_Logging | test_read_weather_and_redirect | Script duration: 29 seconds

2019-10-24 12:00:01 | INFO | Base_Logging | write_test_summary | 

************************
--------RESULT--------
Total number of checks=1
2019-10-24 12:00:01 | INFO | Base_Logging | write_test_summary | Total number of checks passed=1
----------------------
************************


2019-10-24 12:00:01 | INFO | Base_Logging | write_test_summary | Total number of mini-checks=4
2019-10-24 12:00:01 | INFO | Base_Logging | write_test_summary | Total number of mini-checks passed=4
2019-10-24 12:00:01 | INFO | Base_Logging | write_test_summary | ************************
2019-10-24 12:00:26 | DEBUG | Base_Logging | conditional_write | Almonds are added to the array
2019-10-24 12:00:26 | DEBUG | Base_Logging | conditional_write | Almonds are added to the array
2019-10-24 12:00:31 | DEBUG | Base_Logging | conditional_write | Aloe are added to the array
2019-10-24 12:00:31 | DEBUG | Base_Logging | conditional_write | Aloe are added to the array
2019-10-24 12:00:31 | DEBUG | Base_Logging | conditional_write | Aloe are added to the array
2019-10-24 12:00:31 | DEBUG | Base_Logging | conditional_write | Aloe are added to the array
2019-10-24 12:00:35 | DEBUG | Base_Logging | conditional_write | Clicked on almonds add button
2019-10-24 12:00:38 | DEBUG | Base_Logging | conditional_write | Clicked on aloe add button
2019-10-24 12:00:47 | DEBUG | Base_Logging | conditional_write | Clicked on cart button
2019-10-24 12:00:49 | DEBUG | Base_Logging | conditional_write | Landed on cart screen
2019-10-24 12:00:50 | INFO | Base_Logging | log_result | PASS: Selected 2 least expensive moisturizers

2019-10-24 12:00:50 | INFO | Base_Logging | test_select_2_least_expensive_moisturizers | Script duration: 44 seconds

2019-10-24 12:00:50 | INFO | Base_Logging | write_test_summary | 

************************
--------RESULT--------
Total number of checks=1
2019-10-24 12:00:50 | INFO | Base_Logging | write_test_summary | Total number of checks passed=1
----------------------
************************


2019-10-24 12:00:50 | INFO | Base_Logging | write_test_summary | Total number of mini-checks=10
2019-10-24 12:00:50 | INFO | Base_Logging | write_test_summary | Total number of mini-checks passed=10
2019-10-24 12:00:50 | INFO | Base_Logging | write_test_summary | ************************
2019-10-24 12:01:23 | DEBUG | Base_Logging | conditional_write | SPF-50 sunscreens are added to the array
2019-10-24 12:01:23 | DEBUG | Base_Logging | conditional_write | SPF-50 sunscreens are added to the array
2019-10-24 12:01:28 | DEBUG | Base_Logging | conditional_write | SPF-30 sunscreens are added to the array
2019-10-24 12:01:28 | DEBUG | Base_Logging | conditional_write | SPF-30 sunscreens are added to the array
2019-10-24 12:01:28 | DEBUG | Base_Logging | conditional_write | SPF-30 sunscreens are added to the array
2019-10-24 12:01:28 | DEBUG | Base_Logging | conditional_write | SPF-30 sunscreens are added to the array
2019-10-24 12:01:31 | DEBUG | Base_Logging | conditional_write | Clicked on SPF-50 sunscreen add button
2019-10-24 12:01:35 | DEBUG | Base_Logging | conditional_write | Clicked on SPF-30 sunscreen add button
2019-10-24 12:01:42 | DEBUG | Base_Logging | conditional_write | Clicked on cart button
2019-10-24 12:01:44 | DEBUG | Base_Logging | conditional_write | Landed on cart screen
2019-10-24 12:01:45 | INFO | Base_Logging | log_result | PASS: Selected 2 least expensive sunscreens

2019-10-24 12:01:45 | INFO | Base_Logging | test_select_2_least_expensive_sunscreens | Script duration: 49 seconds

2019-10-24 12:01:45 | INFO | Base_Logging | write_test_summary | 

************************
--------RESULT--------
Total number of checks=1
2019-10-24 12:01:45 | INFO | Base_Logging | write_test_summary | Total number of checks passed=1
----------------------
************************


2019-10-24 12:01:45 | INFO | Base_Logging | write_test_summary | Total number of mini-checks=10
2019-10-24 12:01:45 | INFO | Base_Logging | write_test_summary | Total number of mini-checks passed=10
2019-10-24 12:01:45 | INFO | Base_Logging | write_test_summary | ************************
2019-10-24 14:21:55 | INFO | Base_Logging | inner | You have this exception
2019-10-24 14:21:55 | INFO | Base_Logging | inner | Exception in method: check_temp_and_click_product_category
2019-10-24 14:21:55 | INFO | Base_Logging | inner | PYTHON SAYS: 'charmap' codec can't encode character '\u2103' in position 40: character maps to <undefined>
2019-10-24 14:21:56 | INFO | Base_Logging | log_result | FAIL: Failed to click right button
On
2019-10-24 14:36:44 | DEBUG | Base_Logging | conditional_write | The temperature is 40 °C
2019-10-24 14:36:50 | DEBUG | Base_Logging | conditional_write | Clicked on Buy sunscreen
2019-10-24 14:36:56 | DEBUG | Base_Logging | conditional_write | The heading of the page is Sunscreens
2019-10-24 14:36:58 | DEBUG | Base_Logging | conditional_write | Landed on Sunscreen screen
2019-10-24 14:36:59 | INFO | Base_Logging | log_result | PASS: Successfully clicked on right button

2019-10-24 14:37:02 | DEBUG | Base_Logging | conditional_write | Clicked on add button
2019-10-24 14:37:05 | DEBUG | Base_Logging | conditional_write | Clicked on add button
2019-10-24 14:37:08 | DEBUG | Base_Logging | conditional_write | Clicked on add button
2019-10-24 14:37:11 | DEBUG | Base_Logging | conditional_write | Clicked on add button
2019-10-24 14:37:14 | DEBUG | Base_Logging | conditional_write | Clicked on add button
2019-10-24 14:37:17 | DEBUG | Base_Logging | conditional_write | Clicked on add button
2019-10-24 14:37:18 | DEBUG | Base_Logging | conditional_write | All items added to the cart
2019-10-24 14:37:24 | DEBUG | Base_Logging | conditional_write | Clicked on cart button
2019-10-24 14:37:26 | DEBUG | Base_Logging | conditional_write | Landed on cart screen
2019-10-24 14:37:27 | INFO | Base_Logging | log_result | PASS: All items added successfully to the cart

2019-10-24 14:37:30 | DEBUG | Base_Logging | conditional_write | Clicked on pay with card
2019-10-24 14:37:38 | DEBUG | Base_Logging | conditional_write | Switched to Iframe
2019-10-24 14:37:38 | DEBUG | Base_Logging | conditional_write | Set the email to: aqv$kW>JuO:0@a.com
2019-10-24 14:37:39 | DEBUG | Base_Logging | conditional_write | Set the credit card number to: 4242 4242 4242 4242
2019-10-24 14:37:40 | DEBUG | Base_Logging | conditional_write | Set the mm/yy number to: 10/30
2019-10-24 14:37:40 | DEBUG | Base_Logging | conditional_write | Set the cvc number to: 123
2019-10-24 14:37:41 | DEBUG | Base_Logging | conditional_write | Set the zip code number to: 123456
2019-10-24 14:37:44 | DEBUG | Base_Logging | conditional_write | Set the remember me checkbox
2019-10-24 14:37:45 | DEBUG | Base_Logging | conditional_write | Set the phone number to: 9900378310
2019-10-24 14:37:48 | DEBUG | Base_Logging | conditional_write | Clicked on pay button
2019-10-24 14:37:51 | DEBUG | Base_Logging | conditional_write | Switched back from Iframe
2019-10-24 14:37:51 | DEBUG | Base_Logging | conditional_write | Landed on confirmation screen
2019-10-24 14:37:51 | INFO | Base_Logging | log_result | PASS: Successfully checkout is completed

2019-10-24 14:37:51 | INFO | Base_Logging | test_add_all_items_to_cart_and_checkout | Script duration: 80 seconds

2019-10-24 14:37:51 | INFO | Base_Logging | write_test_summary | 

************************
--------RESULT--------
Total number of checks=3
2019-10-24 14:37:51 | INFO | Base_Logging | write_test_summary | Total number of checks passed=3
----------------------
************************


2019-10-24 14:37:52 | INFO | Base_Logging | write_test_summary | Total number of mini-checks=25
2019-10-24 14:37:52 | INFO | Base_Logging | write_test_summary | Total number of mini-checks passed=25
2019-10-24 14:37:52 | INFO | Base_Logging | write_test_summary | ************************
2019-10-24 14:42:10 | DEBUG | Base_Logging | conditional_write | The temperature is 37 °C
2019-10-24 14:42:16 | DEBUG | Base_Logging | conditional_write | Clicked on Buy sunscreen
2019-10-24 14:42:22 | DEBUG | Base_Logging | conditional_write | The heading of the page is Sunscreens
2019-10-24 14:42:24 | DEBUG | Base_Logging | conditional_write | Landed on Sunscreen screen
2019-10-24 14:42:25 | INFO | Base_Logging | log_result | PASS: Successfully clicked on right button

2019-10-24 14:42:28 | DEBUG | Base_Logging | conditional_write | Clicked on add button
2019-10-24 14:42:31 | DEBUG | Base_Logging | conditional_write | Clicked on add button
2019-10-24 14:42:34 | DEBUG | Base_Logging | conditional_write | Clicked on add button
2019-10-24 14:42:37 | DEBUG | Base_Logging | conditional_write | Clicked on add button
2019-10-24 14:42:40 | DEBUG | Base_Logging | conditional_write | Clicked on add button
2019-10-24 14:42:43 | DEBUG | Base_Logging | conditional_write | Clicked on add button
2019-10-24 14:42:43 | DEBUG | Base_Logging | conditional_write | All items added to the cart
2019-10-24 14:42:49 | DEBUG | Base_Logging | conditional_write | Clicked on cart button
2019-10-24 14:42:51 | DEBUG | Base_Logging | conditional_write | Landed on cart screen
2019-10-24 14:42:52 | INFO | Base_Logging | log_result | PASS: All items added successfully to the cart

2019-10-24 14:42:55 | DEBUG | Base_Logging | conditional_write | Clicked on pay with card
2019-10-24 14:43:02 | DEBUG | Base_Logging | conditional_write | Switched to Iframe
2019-10-24 14:43:03 | DEBUG | Base_Logging | conditional_write | Set the email to: aqa9YCO1~=p_@a.com
2019-10-24 14:43:04 | DEBUG | Base_Logging | conditional_write | Set the credit card number to: 4242 4242 4242 4242
2019-10-24 14:43:04 | DEBUG | Base_Logging | conditional_write | Set the mm/yy number to: 10/30
2019-10-24 14:43:05 | DEBUG | Base_Logging | conditional_write | Set the cvc number to: 123
2019-10-24 14:43:05 | DEBUG | Base_Logging | conditional_write | Set the zip code number to: 123456
2019-10-24 14:43:09 | DEBUG | Base_Logging | conditional_write | Set the remember me checkbox
2019-10-24 14:43:14 | DEBUG | Base_Logging | get_element | Message: no such element: Unable to locate element: {"method":"xpath","selector":"//*[contains(@class,'Fieldset-input Textbox-control')][1]/following::*[contains(@value,'+91')]"}
  (Session info: chrome=77.0.3865.120)

2019-10-24 14:43:14 | INFO | Base_Logging | get_element | Check your locator-'xpath,//*[contains(@class,'Fieldset-input Textbox-control')][1]/following::*[contains(@value,'+91')]' in the conf/locators.conf file
2019-10-24 14:43:14 | DEBUG | Base_Logging | conditional_write | Failed to set the phone in the form
2019-10-24 14:43:18 | DEBUG | Base_Logging | conditional_write | Clicked on pay button
2019-10-24 14:43:20 | DEBUG | Base_Logging | conditional_write | Switched back from Iframe
2019-10-24 14:43:20 | DEBUG | Base_Logging | conditional_write | Could not land on confirmation screen
2019-10-24 14:43:21 | INFO | Base_Logging | log_result | FAIL: Failed to checkout
On
2019-10-24 14:43:21 | INFO | Base_Logging | test_add_all_items_to_cart_and_checkout | Script duration: 84 seconds

2019-10-24 14:43:21 | INFO | Base_Logging | write_test_summary | 

************************
--------RESULT--------
Total number of checks=3
2019-10-24 14:43:21 | INFO | Base_Logging | write_test_summary | Total number of checks passed=2
----------------------
************************


2019-10-24 14:43:21 | INFO | Base_Logging | write_test_summary | Total number of mini-checks=25
2019-10-24 14:43:21 | INFO | Base_Logging | write_test_summary | Total number of mini-checks passed=23
2019-10-24 14:43:21 | INFO | Base_Logging | write_test_summary | 
--------FAILURE SUMMARY--------

2019-10-24 14:43:21 | INFO | Base_Logging | write_test_summary | FAIL: Failed to checkout
On
2019-10-24 14:43:21 | INFO | Base_Logging | write_test_summary | 
--------USEFUL EXCEPTION--------

2019-10-24 14:43:21 | INFO | Base_Logging | write_test_summary | 1- Check your locator-'xpath,//*[contains(@class,'Fieldset-input Textbox-control')][1]/following::*[contains(@value,'+91')]' in the conf/locators.conf file
2019-10-24 14:43:21 | INFO | Base_Logging | write_test_summary | ************************
2019-10-24 14:43:44 | DEBUG | Base_Logging | conditional_write | Clicked on add moisturizer button
2019-10-24 14:43:47 | DEBUG | Base_Logging | conditional_write | Clicked on add moisturizer button
2019-10-24 14:43:50 | DEBUG | Base_Logging | conditional_write | Clicked on add moisturizer button
2019-10-24 14:43:53 | DEBUG | Base_Logging | conditional_write | Clicked on add moisturizer button
2019-10-24 14:43:56 | DEBUG | Base_Logging | conditional_write | Clicked on add moisturizer button
2019-10-24 14:43:59 | DEBUG | Base_Logging | conditional_write | Clicked on add moisturizer button
2019-10-24 14:44:00 | DEBUG | Base_Logging | conditional_write | All items added to the cart
2019-10-24 14:44:00 | INFO | Base_Logging | log_result | PASS: All moisturizers added successfully to the cart

2019-10-24 14:44:00 | INFO | Base_Logging | test_add_all_moiturizers_to_cart | Script duration: 34 seconds

2019-10-24 14:44:00 | INFO | Base_Logging | write_test_summary | 

************************
--------RESULT--------
Total number of checks=1
2019-10-24 14:44:00 | INFO | Base_Logging | write_test_summary | Total number of checks passed=1
----------------------
************************


2019-10-24 14:44:00 | INFO | Base_Logging | write_test_summary | Total number of mini-checks=7
2019-10-24 14:44:00 | INFO | Base_Logging | write_test_summary | Total number of mini-checks passed=7
2019-10-24 14:44:00 | INFO | Base_Logging | write_test_summary | ************************
2019-10-24 14:44:26 | DEBUG | Base_Logging | conditional_write | Most expensive item array is created
2019-10-24 14:44:29 | DEBUG | Base_Logging | conditional_write | Clicked on add of most expensive moisturizer
2019-10-24 14:44:35 | DEBUG | Base_Logging | conditional_write | Clicked on cart button
2019-10-24 14:44:38 | DEBUG | Base_Logging | conditional_write | Landed on cart screen
2019-10-24 14:44:38 | INFO | Base_Logging | log_result | PASS: Selected the most expensive moisturizer

2019-10-24 14:44:38 | INFO | Base_Logging | test_most_expensive_moisturizer | Script duration: 32 seconds

2019-10-24 14:44:38 | INFO | Base_Logging | write_test_summary | 

************************
--------RESULT--------
Total number of checks=1
2019-10-24 14:44:38 | INFO | Base_Logging | write_test_summary | Total number of checks passed=1
----------------------
************************


2019-10-24 14:44:38 | INFO | Base_Logging | write_test_summary | Total number of mini-checks=4
2019-10-24 14:44:38 | INFO | Base_Logging | write_test_summary | Total number of mini-checks passed=4
2019-10-24 14:44:38 | INFO | Base_Logging | write_test_summary | ************************
2019-10-24 14:45:05 | DEBUG | Base_Logging | conditional_write | Most expensive item array is created
2019-10-24 14:45:08 | DEBUG | Base_Logging | conditional_write | Clicked on add of most expensive sunscreen
2019-10-24 14:45:14 | DEBUG | Base_Logging | conditional_write | Clicked on cart button
2019-10-24 14:45:16 | DEBUG | Base_Logging | conditional_write | Landed on cart screen
2019-10-24 14:45:16 | INFO | Base_Logging | log_result | PASS: Selected the most expensive sunscreen

2019-10-24 14:45:17 | INFO | Base_Logging | test_most_expensive_sunscreen | Script duration: 33 seconds

2019-10-24 14:45:17 | INFO | Base_Logging | write_test_summary | 

************************
--------RESULT--------
Total number of checks=1
2019-10-24 14:45:17 | INFO | Base_Logging | write_test_summary | Total number of checks passed=1
----------------------
************************


2019-10-24 14:45:17 | INFO | Base_Logging | write_test_summary | Total number of mini-checks=4
2019-10-24 14:45:17 | INFO | Base_Logging | write_test_summary | Total number of mini-checks passed=4
2019-10-24 14:45:17 | INFO | Base_Logging | write_test_summary | ************************
2019-10-24 14:45:35 | DEBUG | Base_Logging | conditional_write | The temperature is 46 °C
2019-10-24 14:45:40 | DEBUG | Base_Logging | conditional_write | Clicked on Buy sunscreen
2019-10-24 14:45:46 | DEBUG | Base_Logging | conditional_write | The heading of the page is Sunscreens
2019-10-24 14:45:48 | DEBUG | Base_Logging | conditional_write | Landed on Sunscreen screen
2019-10-24 14:45:49 | INFO | Base_Logging | log_result | PASS: clicked on right button

2019-10-24 14:45:49 | INFO | Base_Logging | test_read_weather_and_redirect | Script duration: 27 seconds

2019-10-24 14:45:49 | INFO | Base_Logging | write_test_summary | 

************************
--------RESULT--------
Total number of checks=1
2019-10-24 14:45:49 | INFO | Base_Logging | write_test_summary | Total number of checks passed=1
----------------------
************************


2019-10-24 14:45:49 | INFO | Base_Logging | write_test_summary | Total number of mini-checks=4
2019-10-24 14:45:49 | INFO | Base_Logging | write_test_summary | Total number of mini-checks passed=4
2019-10-24 14:45:49 | INFO | Base_Logging | write_test_summary | ************************
2019-10-24 14:46:16 | DEBUG | Base_Logging | conditional_write | Almonds are added to the array
2019-10-24 14:46:16 | DEBUG | Base_Logging | conditional_write | Almonds are added to the array
2019-10-24 14:46:16 | DEBUG | Base_Logging | conditional_write | Almonds are added to the array
2019-10-24 14:46:16 | DEBUG | Base_Logging | conditional_write | Almonds are added to the array
2019-10-24 14:46:22 | DEBUG | Base_Logging | conditional_write | Aloe are added to the array
2019-10-24 14:46:22 | DEBUG | Base_Logging | conditional_write | Aloe are added to the array
2019-10-24 14:46:25 | DEBUG | Base_Logging | conditional_write | Clicked on almonds add button
2019-10-24 14:46:29 | DEBUG | Base_Logging | conditional_write | Clicked on aloe add button
2019-10-24 14:46:35 | DEBUG | Base_Logging | conditional_write | Clicked on cart button
2019-10-24 14:46:38 | DEBUG | Base_Logging | conditional_write | Landed on cart screen
2019-10-24 14:46:38 | INFO | Base_Logging | log_result | PASS: Selected 2 least expensive moisturizers

2019-10-24 14:46:38 | INFO | Base_Logging | test_select_2_least_expensive_moisturizers | Script duration: 44 seconds

2019-10-24 14:46:38 | INFO | Base_Logging | write_test_summary | 

************************
--------RESULT--------
Total number of checks=1
2019-10-24 14:46:38 | INFO | Base_Logging | write_test_summary | Total number of checks passed=1
----------------------
************************


2019-10-24 14:46:38 | INFO | Base_Logging | write_test_summary | Total number of mini-checks=10
2019-10-24 14:46:38 | INFO | Base_Logging | write_test_summary | Total number of mini-checks passed=10
2019-10-24 14:46:38 | INFO | Base_Logging | write_test_summary | ************************
2019-10-24 14:47:05 | DEBUG | Base_Logging | conditional_write | SPF-50 sunscreens are added to the array
2019-10-24 14:47:05 | DEBUG | Base_Logging | conditional_write | SPF-50 sunscreens are added to the array
2019-10-24 14:47:10 | DEBUG | Base_Logging | conditional_write | SPF-30 sunscreens are added to the array
2019-10-24 14:47:10 | DEBUG | Base_Logging | conditional_write | SPF-30 sunscreens are added to the array
2019-10-24 14:47:10 | DEBUG | Base_Logging | conditional_write | SPF-30 sunscreens are added to the array
2019-10-24 14:47:14 | DEBUG | Base_Logging | conditional_write | Clicked on SPF-50 sunscreen add button
2019-10-24 14:47:17 | DEBUG | Base_Logging | conditional_write | Clicked on SPF-30 sunscreen add button
2019-10-24 14:47:24 | DEBUG | Base_Logging | conditional_write | Clicked on cart button
2019-10-24 14:47:26 | DEBUG | Base_Logging | conditional_write | Landed on cart screen
2019-10-24 14:47:27 | INFO | Base_Logging | log_result | PASS: Selected 2 least expensive sunscreens

2019-10-24 14:47:27 | INFO | Base_Logging | test_select_2_least_expensive_sunscreens | Script duration: 44 seconds

2019-10-24 14:47:27 | INFO | Base_Logging | write_test_summary | 

************************
--------RESULT--------
Total number of checks=1
2019-10-24 14:47:27 | INFO | Base_Logging | write_test_summary | Total number of checks passed=1
----------------------
************************


2019-10-24 14:47:27 | INFO | Base_Logging | write_test_summary | Total number of mini-checks=9
2019-10-24 14:47:27 | INFO | Base_Logging | write_test_summary | Total number of mini-checks passed=9
2019-10-24 14:47:27 | INFO | Base_Logging | write_test_summary | ************************
2019-10-24 14:49:36 | INFO | Base_Logging | inner | You have this exception
2019-10-24 14:49:36 | INFO | Base_Logging | inner | Exception in method: check_temp_and_click_product_category
2019-10-24 14:49:36 | INFO | Base_Logging | inner | PYTHON SAYS: unsupported operand type(s) for &=: 'bool' and 'method'
2019-10-24 14:49:37 | INFO | Base_Logging | log_result | FAIL: Failed to click right button
On
2019-10-24 14:49:42 | DEBUG | Base_Logging | conditional_write | Clicked on add button
2019-10-24 14:49:45 | DEBUG | Base_Logging | conditional_write | Clicked on add button
2019-10-24 14:49:46 | INFO | Base_Logging | inner | You have this exception
2019-10-24 14:49:46 | INFO | Base_Logging | inner | Exception in method: add_all_items_and_verify_cart
2019-10-24 14:49:46 | INFO | Base_Logging | inner | PYTHON SAYS: 'Weather_Shopper_Main_Page' object has no attribute 'click_cart'
2019-10-24 14:49:46 | INFO | Base_Logging | log_result | FAIL: Failed to add all items to the cart
On
2019-10-24 14:53:07 | INFO | Base_Logging | inner | You have this exception
2019-10-24 14:53:07 | INFO | Base_Logging | inner | Exception in method: click_product_category
2019-10-24 14:53:07 | INFO | Base_Logging | inner | PYTHON SAYS: 'charmap' codec can't encode character '\u2103' in position 40: character maps to <undefined>
2019-10-24 14:53:07 | INFO | Base_Logging | inner | You have this exception
2019-10-24 14:53:07 | INFO | Base_Logging | inner | Exception in method: check_temp_and_click_product_category
2019-10-24 14:53:07 | INFO | Base_Logging | inner | PYTHON SAYS: unsupported operand type(s) for &=: 'bool' and 'NoneType'
2019-10-24 14:53:08 | INFO | Base_Logging | log_result | FAIL: Failed to click right button
On
2019-10-24 14:53:14 | DEBUG | Base_Logging | conditional_write | Clicked on add button
2019-10-24 14:53:17 | DEBUG | Base_Logging | conditional_write | Clicked on add button
2019-10-24 14:53:24 | DEBUG | Base_Logging | conditional_write | Clicked on cart button
2019-10-24 14:53:26 | DEBUG | Base_Logging | conditional_write | Landed on cart screen
2019-10-24 14:53:27 | INFO | Base_Logging | log_result | FAIL: Failed to add all items to the cart
On
2019-10-24 14:53:30 | DEBUG | Base_Logging | conditional_write | Clicked on pay with card
2019-10-24 14:53:38 | DEBUG | Base_Logging | conditional_write | Switched to Iframe
2019-10-24 14:53:38 | DEBUG | Base_Logging | conditional_write | Set the email to: aqQt%WI8[C%G@a.com
2019-10-24 14:53:39 | DEBUG | Base_Logging | conditional_write | Set the credit card number to: 4242 4242 4242 4242
2019-10-24 14:53:40 | DEBUG | Base_Logging | conditional_write | Set the mm/yy number to: 10/30
2019-10-24 14:53:40 | DEBUG | Base_Logging | conditional_write | Set the cvc number to: 123
2019-10-24 14:53:41 | DEBUG | Base_Logging | conditional_write | Set the zip code number to: 123456
2019-10-24 14:53:44 | DEBUG | Base_Logging | conditional_write | Set the remember me checkbox
2019-10-24 14:53:45 | DEBUG | Base_Logging | conditional_write | Set the phone number to: 12345789
2019-10-24 14:53:48 | DEBUG | Base_Logging | conditional_write | Clicked on pay button
2019-10-24 14:53:50 | DEBUG | Base_Logging | conditional_write | Switched back from Iframe
2019-10-24 14:53:51 | DEBUG | Base_Logging | conditional_write | Landed on confirmation screen
2019-10-24 14:53:51 | INFO | Base_Logging | log_result | PASS: Successfully checkout is completed

2019-10-24 14:53:51 | INFO | Base_Logging | test_add_all_items_to_cart_and_checkout | Script duration: 57 seconds

2019-10-24 14:53:51 | INFO | Base_Logging | write_test_summary | 

************************
--------RESULT--------
Total number of checks=3
2019-10-24 14:53:51 | INFO | Base_Logging | write_test_summary | Total number of checks passed=1
----------------------
************************


2019-10-24 14:53:51 | INFO | Base_Logging | write_test_summary | Total number of mini-checks=17
2019-10-24 14:53:51 | INFO | Base_Logging | write_test_summary | Total number of mini-checks passed=17
2019-10-24 14:53:51 | INFO | Base_Logging | write_test_summary | 
--------FAILURE SUMMARY--------

2019-10-24 14:53:51 | INFO | Base_Logging | write_test_summary | FAIL: Failed to click right button
On
2019-10-24 14:53:51 | INFO | Base_Logging | write_test_summary | FAIL: Failed to add all items to the cart
On
2019-10-24 14:53:51 | INFO | Base_Logging | write_test_summary | ************************
2019-10-24 14:56:43 | INFO | Base_Logging | inner | You have this exception
2019-10-24 14:56:43 | INFO | Base_Logging | inner | Exception in method: get_temperature
2019-10-24 14:56:43 | INFO | Base_Logging | inner | PYTHON SAYS: 'str' object has no attribute 'decode'
2019-10-24 14:56:44 | INFO | Base_Logging | inner | You have this exception
2019-10-24 14:56:44 | INFO | Base_Logging | inner | Exception in method: click_product_category
2019-10-24 14:56:44 | INFO | Base_Logging | inner | PYTHON SAYS: 'str' object has no attribute 'decode'
2019-10-24 14:56:44 | INFO | Base_Logging | inner | You have this exception
2019-10-24 14:56:44 | INFO | Base_Logging | inner | Exception in method: check_temp_and_click_product_category
2019-10-24 14:56:44 | INFO | Base_Logging | inner | PYTHON SAYS: unsupported operand type(s) for &=: 'NoneType' and 'NoneType'
2019-10-24 14:56:44 | INFO | Base_Logging | log_result | FAIL: Failed to click right button
On
2019-10-24 14:56:51 | DEBUG | Base_Logging | conditional_write | Clicked on add button
2019-10-24 14:56:54 | DEBUG | Base_Logging | conditional_write | Clicked on add button
2019-10-24 14:56:55 | INFO | Base_Logging | inner | You have this exception
2019-10-24 14:56:55 | INFO | Base_Logging | inner | Exception in method: check_added_count
2019-10-24 14:56:55 | INFO | Base_Logging | inner | PYTHON SAYS: 'str' object has no attribute 'decode'
2019-10-24 14:56:55 | INFO | Base_Logging | inner | You have this exception
2019-10-24 14:56:55 | INFO | Base_Logging | inner | Exception in method: add_all_items_and_verify_cart
2019-10-24 14:56:55 | INFO | Base_Logging | inner | PYTHON SAYS: unsupported operand type(s) for &=: 'bool' and 'NoneType'
2019-10-24 14:56:55 | INFO | Base_Logging | log_result | FAIL: Failed to add all items to the cart
On
2019-10-24 15:54:39 | INFO | Base_Logging | inner | You have this exception
2019-10-24 15:54:39 | INFO | Base_Logging | inner | Exception in method: click_product_category
2019-10-24 15:54:40 | INFO | Base_Logging | inner | PYTHON SAYS: 'charmap' codec can't encode character '\u2103' in position 40: character maps to <undefined>
2019-10-24 15:54:40 | INFO | Base_Logging | inner | You have this exception
2019-10-24 15:54:40 | INFO | Base_Logging | inner | Exception in method: check_temp_and_click_product_category
2019-10-24 15:54:40 | INFO | Base_Logging | inner | PYTHON SAYS: unsupported operand type(s) for &=: 'bool' and 'NoneType'
2019-10-24 15:54:40 | INFO | Base_Logging | log_result | FAIL: Failed to click right button
On
2019-10-24 15:54:46 | DEBUG | Base_Logging | conditional_write | Clicked on add button
2019-10-24 15:54:49 | DEBUG | Base_Logging | conditional_write | Clicked on add button
2019-10-24 15:54:55 | DEBUG | Base_Logging | conditional_write | Clicked on cart button
2019-10-24 15:54:58 | DEBUG | Base_Logging | conditional_write | Landed on cart screen
2019-10-24 15:54:58 | INFO | Base_Logging | log_result | FAIL: Failed to add all items to the cart
On
2019-10-24 15:55:01 | DEBUG | Base_Logging | conditional_write | Clicked on pay with card
2019-10-24 15:55:09 | DEBUG | Base_Logging | conditional_write | Switched to Iframe
2019-10-24 15:55:09 | DEBUG | Base_Logging | conditional_write | Set the email to: aqR_79]BS#=:@a.com
2019-10-24 15:55:10 | DEBUG | Base_Logging | conditional_write | Set the credit card number to: 4242 4242 4242 4242
2019-10-24 15:55:11 | DEBUG | Base_Logging | conditional_write | Set the mm/yy number to: 10/30
2019-10-24 15:55:11 | DEBUG | Base_Logging | conditional_write | Set the cvc number to: 123
2019-10-24 15:55:12 | DEBUG | Base_Logging | conditional_write | Set the zip code number to: 123456
2019-10-24 15:55:15 | DEBUG | Base_Logging | conditional_write | Set the remember me checkbox
2019-10-24 15:55:16 | DEBUG | Base_Logging | conditional_write | Set the phone number to: 12345789
2019-10-24 15:55:19 | DEBUG | Base_Logging | conditional_write | Clicked on pay button
2019-10-24 15:55:22 | DEBUG | Base_Logging | conditional_write | Switched back from Iframe
2019-10-24 15:55:22 | DEBUG | Base_Logging | conditional_write | Landed on confirmation screen
2019-10-24 15:55:23 | INFO | Base_Logging | log_result | PASS: Successfully checkout is completed

2019-10-24 15:55:23 | INFO | Base_Logging | test_add_all_items_to_cart_and_checkout | Script duration: 60 seconds

2019-10-24 15:55:23 | INFO | Base_Logging | write_test_summary | 

************************
--------RESULT--------
Total number of checks=3
2019-10-24 15:55:23 | INFO | Base_Logging | write_test_summary | Total number of checks passed=1
----------------------
************************


2019-10-24 15:55:23 | INFO | Base_Logging | write_test_summary | Total number of mini-checks=17
2019-10-24 15:55:23 | INFO | Base_Logging | write_test_summary | Total number of mini-checks passed=17
2019-10-24 15:55:23 | INFO | Base_Logging | write_test_summary | 
--------FAILURE SUMMARY--------

2019-10-24 15:55:23 | INFO | Base_Logging | write_test_summary | FAIL: Failed to click right button
On
2019-10-24 15:55:23 | INFO | Base_Logging | write_test_summary | FAIL: Failed to add all items to the cart
On
2019-10-24 15:55:23 | INFO | Base_Logging | write_test_summary | ************************
2019-10-24 15:55:45 | DEBUG | Base_Logging | conditional_write | Clicked on add moisturizer button
2019-10-24 15:55:48 | DEBUG | Base_Logging | conditional_write | Clicked on add moisturizer button
2019-10-24 15:55:51 | DEBUG | Base_Logging | conditional_write | Clicked on add moisturizer button
2019-10-24 15:55:55 | DEBUG | Base_Logging | conditional_write | Clicked on add moisturizer button
2019-10-24 15:55:58 | DEBUG | Base_Logging | conditional_write | Clicked on add moisturizer button
2019-10-24 15:56:01 | DEBUG | Base_Logging | conditional_write | Clicked on add moisturizer button
2019-10-24 15:56:01 | DEBUG | Base_Logging | conditional_write | All items added to the cart
2019-10-24 15:56:02 | INFO | Base_Logging | log_result | PASS: All moisturizers added successfully to the cart

2019-10-24 15:56:02 | INFO | Base_Logging | test_add_all_moiturizers_to_cart | Script duration: 34 seconds

2019-10-24 15:56:02 | INFO | Base_Logging | write_test_summary | 

************************
--------RESULT--------
Total number of checks=1
2019-10-24 15:56:02 | INFO | Base_Logging | write_test_summary | Total number of checks passed=1
----------------------
************************


2019-10-24 15:56:02 | INFO | Base_Logging | write_test_summary | Total number of mini-checks=7
2019-10-24 15:56:02 | INFO | Base_Logging | write_test_summary | Total number of mini-checks passed=7
2019-10-24 15:56:02 | INFO | Base_Logging | write_test_summary | ************************
2019-10-24 15:56:27 | DEBUG | Base_Logging | conditional_write | Most expensive item array is created
2019-10-24 15:56:31 | DEBUG | Base_Logging | conditional_write | Clicked on add of most expensive moisturizer
2019-10-24 15:56:37 | DEBUG | Base_Logging | conditional_write | Clicked on cart button
2019-10-24 15:56:39 | DEBUG | Base_Logging | conditional_write | Landed on cart screen
2019-10-24 15:56:40 | INFO | Base_Logging | log_result | PASS: Selected the most expensive moisturizer

2019-10-24 15:56:40 | INFO | Base_Logging | test_most_expensive_moisturizer | Script duration: 33 seconds

2019-10-24 15:56:40 | INFO | Base_Logging | write_test_summary | 

************************
--------RESULT--------
Total number of checks=1
2019-10-24 15:56:40 | INFO | Base_Logging | write_test_summary | Total number of checks passed=1
----------------------
************************


2019-10-24 15:56:40 | INFO | Base_Logging | write_test_summary | Total number of mini-checks=4
2019-10-24 15:56:40 | INFO | Base_Logging | write_test_summary | Total number of mini-checks passed=4
2019-10-24 15:56:40 | INFO | Base_Logging | write_test_summary | ************************
2019-10-24 15:57:08 | DEBUG | Base_Logging | conditional_write | Most expensive item array is created
2019-10-24 15:57:11 | DEBUG | Base_Logging | conditional_write | Clicked on add of most expensive sunscreen
2019-10-24 15:57:16 | DEBUG | Base_Logging | conditional_write | Clicked on cart button
2019-10-24 15:57:18 | DEBUG | Base_Logging | conditional_write | Landed on cart screen
2019-10-24 15:57:19 | INFO | Base_Logging | log_result | PASS: Selected the most expensive sunscreen

2019-10-24 15:57:19 | INFO | Base_Logging | test_most_expensive_sunscreen | Script duration: 34 seconds

2019-10-24 15:57:19 | INFO | Base_Logging | write_test_summary | 

************************
--------RESULT--------
Total number of checks=1
2019-10-24 15:57:19 | INFO | Base_Logging | write_test_summary | Total number of checks passed=1
----------------------
************************


2019-10-24 15:57:19 | INFO | Base_Logging | write_test_summary | Total number of mini-checks=4
2019-10-24 15:57:19 | INFO | Base_Logging | write_test_summary | Total number of mini-checks passed=4
2019-10-24 15:57:19 | INFO | Base_Logging | write_test_summary | ************************
2019-10-24 15:57:37 | DEBUG | Base_Logging | conditional_write | The temperature is 37 °C
2019-10-24 15:57:43 | DEBUG | Base_Logging | conditional_write | Clicked on buy sunscreen button
2019-10-24 15:57:48 | DEBUG | Base_Logging | conditional_write | The heading of the page is Sunscreens
2019-10-24 15:57:51 | DEBUG | Base_Logging | conditional_write | Landed on sunscreen page
2019-10-24 15:57:52 | INFO | Base_Logging | log_result | PASS: clicked on right button

2019-10-24 15:57:52 | INFO | Base_Logging | test_read_weather_and_redirect | Script duration: 28 seconds

2019-10-24 15:57:52 | INFO | Base_Logging | write_test_summary | 

************************
--------RESULT--------
Total number of checks=1
2019-10-24 15:57:52 | INFO | Base_Logging | write_test_summary | Total number of checks passed=1
----------------------
************************


2019-10-24 15:57:52 | INFO | Base_Logging | write_test_summary | Total number of mini-checks=4
2019-10-24 15:57:52 | INFO | Base_Logging | write_test_summary | Total number of mini-checks passed=4
2019-10-24 15:57:52 | INFO | Base_Logging | write_test_summary | ************************
2019-10-24 15:58:16 | DEBUG | Base_Logging | conditional_write | Almonds are added to the array
2019-10-24 15:58:16 | DEBUG | Base_Logging | conditional_write | Almonds are added to the array
2019-10-24 15:58:22 | DEBUG | Base_Logging | conditional_write | Aloe are added to the array
2019-10-24 15:58:22 | DEBUG | Base_Logging | conditional_write | Aloe are added to the array
2019-10-24 15:58:22 | DEBUG | Base_Logging | conditional_write | Aloe are added to the array
2019-10-24 15:58:22 | DEBUG | Base_Logging | conditional_write | Aloe are added to the array
2019-10-24 15:58:25 | DEBUG | Base_Logging | conditional_write | Clicked on almonds add button
2019-10-24 15:58:29 | DEBUG | Base_Logging | conditional_write | Clicked on aloe add button
2019-10-24 15:58:34 | DEBUG | Base_Logging | conditional_write | Clicked on cart button
2019-10-24 15:58:37 | DEBUG | Base_Logging | conditional_write | Landed on cart screen
2019-10-24 15:58:37 | INFO | Base_Logging | log_result | PASS: Selected 2 least expensive moisturizers

2019-10-24 15:58:37 | INFO | Base_Logging | test_select_2_least_expensive_moisturizers | Script duration: 40 seconds

2019-10-24 15:58:37 | INFO | Base_Logging | write_test_summary | 

************************
--------RESULT--------
Total number of checks=1
2019-10-24 15:58:37 | INFO | Base_Logging | write_test_summary | Total number of checks passed=1
----------------------
************************


2019-10-24 15:58:37 | INFO | Base_Logging | write_test_summary | Total number of mini-checks=10
2019-10-24 15:58:37 | INFO | Base_Logging | write_test_summary | Total number of mini-checks passed=10
2019-10-24 15:58:37 | INFO | Base_Logging | write_test_summary | ************************
2019-10-24 15:59:02 | DEBUG | Base_Logging | conditional_write | SPF-50 sunscreens are added to the array
2019-10-24 15:59:02 | DEBUG | Base_Logging | conditional_write | SPF-50 sunscreens are added to the array
2019-10-24 15:59:02 | DEBUG | Base_Logging | conditional_write | SPF-50 sunscreens are added to the array
2019-10-24 15:59:08 | DEBUG | Base_Logging | conditional_write | SPF-30 sunscreens are added to the array
2019-10-24 15:59:08 | DEBUG | Base_Logging | conditional_write | SPF-30 sunscreens are added to the array
2019-10-24 15:59:08 | DEBUG | Base_Logging | conditional_write | SPF-30 sunscreens are added to the array
2019-10-24 15:59:11 | DEBUG | Base_Logging | conditional_write | Clicked on SPF-50 sunscreen add button
2019-10-24 15:59:15 | DEBUG | Base_Logging | conditional_write | Clicked on SPF-30 sunscreen add button
2019-10-24 15:59:19 | DEBUG | Base_Logging | conditional_write | Clicked on cart button
2019-10-24 15:59:22 | DEBUG | Base_Logging | conditional_write | Landed on cart screen
2019-10-24 15:59:23 | INFO | Base_Logging | log_result | PASS: Selected 2 least expensive sunscreens

2019-10-24 15:59:23 | INFO | Base_Logging | test_select_2_least_expensive_sunscreens | Script duration: 41 seconds

2019-10-24 15:59:23 | INFO | Base_Logging | write_test_summary | 

************************
--------RESULT--------
Total number of checks=1
2019-10-24 15:59:23 | INFO | Base_Logging | write_test_summary | Total number of checks passed=1
----------------------
************************


2019-10-24 15:59:23 | INFO | Base_Logging | write_test_summary | Total number of mini-checks=10
2019-10-24 15:59:23 | INFO | Base_Logging | write_test_summary | Total number of mini-checks passed=10
2019-10-24 15:59:23 | INFO | Base_Logging | write_test_summary | ************************
2019-10-28 12:38:57 | INFO | Base_Logging | inner | You have this exception
2019-10-28 12:38:57 | INFO | Base_Logging | inner | Exception in method: check_temp_and_click_product_category
2019-10-28 12:38:57 | INFO | Base_Logging | inner | PYTHON SAYS: name 'temp_text1' is not defined
2019-10-28 12:38:58 | INFO | Base_Logging | log_result | FAIL: Failed to click right button
On
2019-10-28 12:38:58 | DEBUG | Base_Logging | get_element | Message: invalid argument: invalid locator
  (Session info: chrome=77.0.3865.120)

2019-10-28 12:38:58 | INFO | Base_Logging | inner | You have this exception
2019-10-28 12:38:58 | INFO | Base_Logging | inner | Exception in method: click_all_add_button
2019-10-28 12:38:58 | INFO | Base_Logging | inner | PYTHON SAYS: tuple index out of range
2019-10-28 12:38:58 | DEBUG | Base_Logging | get_elements | Message: invalid argument: invalid locator
  (Session info: chrome=77.0.3865.120)

2019-10-28 12:38:58 | INFO | Base_Logging | inner | You have this exception
2019-10-28 12:38:58 | INFO | Base_Logging | inner | Exception in method: check_added_count
2019-10-28 12:38:58 | INFO | Base_Logging | inner | PYTHON SAYS: tuple index out of range
2019-10-28 12:38:58 | INFO | Base_Logging | inner | You have this exception
2019-10-28 12:38:58 | INFO | Base_Logging | inner | Exception in method: add_all_items_and_verify_cart
2019-10-28 12:38:58 | INFO | Base_Logging | inner | PYTHON SAYS: unsupported operand type(s) for &=: 'NoneType' and 'NoneType'
2019-10-28 12:38:59 | INFO | Base_Logging | log_result | FAIL: Failed to add all items to the cart
On
2019-10-28 12:40:42 | INFO | Base_Logging | inner | You have this exception
2019-10-28 12:40:42 | INFO | Base_Logging | inner | Exception in method: check_temp_and_click_product_category
2019-10-28 12:40:42 | INFO | Base_Logging | inner | PYTHON SAYS: name 'temp_text1' is not defined
2019-10-28 12:40:43 | INFO | Base_Logging | log_result | FAIL: Failed to click right button
On
2019-10-28 12:40:43 | DEBUG | Base_Logging | get_element | Message: invalid argument: invalid locator
  (Session info: chrome=77.0.3865.120)

2019-10-28 12:40:43 | INFO | Base_Logging | inner | You have this exception
2019-10-28 12:40:43 | INFO | Base_Logging | inner | Exception in method: click_all_add_button
2019-10-28 12:40:43 | INFO | Base_Logging | inner | PYTHON SAYS: tuple index out of range
2019-10-28 12:40:43 | DEBUG | Base_Logging | get_elements | Message: invalid argument: invalid locator
  (Session info: chrome=77.0.3865.120)

2019-10-28 12:40:43 | INFO | Base_Logging | inner | You have this exception
2019-10-28 12:40:43 | INFO | Base_Logging | inner | Exception in method: check_added_count
2019-10-28 12:40:43 | INFO | Base_Logging | inner | PYTHON SAYS: tuple index out of range
2019-10-28 12:40:43 | INFO | Base_Logging | inner | You have this exception
2019-10-28 12:40:43 | INFO | Base_Logging | inner | Exception in method: add_all_items_and_verify_cart
2019-10-28 12:40:43 | INFO | Base_Logging | inner | PYTHON SAYS: unsupported operand type(s) for &=: 'NoneType' and 'NoneType'
2019-10-28 12:40:44 | INFO | Base_Logging | log_result | FAIL: Failed to add all items to the cart
On
2019-10-28 12:42:08 | INFO | Base_Logging | inner | You have this exception
2019-10-28 12:42:08 | INFO | Base_Logging | inner | Exception in method: check_temp_and_click_product_category
2019-10-28 12:42:08 | INFO | Base_Logging | inner | PYTHON SAYS: invalid literal for int() with base 10: '°C'
2019-10-28 12:42:08 | INFO | Base_Logging | log_result | FAIL: Failed to click right button
On
2019-10-28 12:42:08 | DEBUG | Base_Logging | get_element | Message: invalid argument: invalid locator
  (Session info: chrome=77.0.3865.120)

2019-10-28 12:42:08 | INFO | Base_Logging | inner | You have this exception
2019-10-28 12:42:08 | INFO | Base_Logging | inner | Exception in method: click_all_add_button
2019-10-28 12:42:08 | INFO | Base_Logging | inner | PYTHON SAYS: tuple index out of range
2019-10-28 12:42:09 | DEBUG | Base_Logging | get_elements | Message: invalid argument: invalid locator
  (Session info: chrome=77.0.3865.120)

2019-10-28 12:42:09 | INFO | Base_Logging | inner | You have this exception
2019-10-28 12:42:09 | INFO | Base_Logging | inner | Exception in method: check_added_count
2019-10-28 12:42:09 | INFO | Base_Logging | inner | PYTHON SAYS: tuple index out of range
2019-10-28 12:42:09 | INFO | Base_Logging | inner | You have this exception
2019-10-28 12:42:09 | INFO | Base_Logging | inner | Exception in method: add_all_items_and_verify_cart
2019-10-28 12:42:09 | INFO | Base_Logging | inner | PYTHON SAYS: unsupported operand type(s) for &=: 'NoneType' and 'NoneType'
2019-10-28 12:42:09 | INFO | Base_Logging | log_result | FAIL: Failed to add all items to the cart
On
2019-10-28 12:43:33 | INFO | Base_Logging | inner | You have this exception
2019-10-28 12:43:33 | INFO | Base_Logging | inner | Exception in method: check_temp_and_click_product_category
2019-10-28 12:43:33 | INFO | Base_Logging | inner | PYTHON SAYS: name 'temp_text1' is not defined
2019-10-28 12:43:34 | INFO | Base_Logging | log_result | FAIL: Failed to click right button
On
2019-10-28 12:43:34 | DEBUG | Base_Logging | get_element | Message: invalid argument: invalid locator
  (Session info: chrome=77.0.3865.120)

2019-10-28 12:43:34 | INFO | Base_Logging | inner | You have this exception
2019-10-28 12:43:34 | INFO | Base_Logging | inner | Exception in method: click_all_add_button
2019-10-28 12:43:34 | INFO | Base_Logging | inner | PYTHON SAYS: tuple index out of range
2019-10-28 12:43:34 | DEBUG | Base_Logging | get_elements | Message: invalid argument: invalid locator
  (Session info: chrome=77.0.3865.120)

2019-10-28 12:43:34 | INFO | Base_Logging | inner | You have this exception
2019-10-28 12:43:34 | INFO | Base_Logging | inner | Exception in method: check_added_count
2019-10-28 12:43:34 | INFO | Base_Logging | inner | PYTHON SAYS: tuple index out of range
2019-10-28 12:43:34 | INFO | Base_Logging | inner | You have this exception
2019-10-28 12:43:34 | INFO | Base_Logging | inner | Exception in method: add_all_items_and_verify_cart
2019-10-28 12:43:34 | INFO | Base_Logging | inner | PYTHON SAYS: unsupported operand type(s) for &=: 'NoneType' and 'NoneType'
2019-10-28 12:43:35 | INFO | Base_Logging | log_result | FAIL: Failed to add all items to the cart
On
2019-10-28 12:44:49 | DEBUG | Base_Logging | get_element | Message: invalid selector: Unable to locate an element with the xpath expression //button[text()=='Buy sunscreens'] because of the following error:
SyntaxError: Failed to execute 'evaluate' on 'Document': The string '//button[text()=='Buy sunscreens']' is not a valid XPath expression.
  (Session info: chrome=77.0.3865.120)

2019-10-28 12:44:49 | INFO | Base_Logging | get_element | Check your locator-'xpath,//button[text()=='Buy sunscreens']' in the conf/locators.conf file
2019-10-28 12:44:49 | DEBUG | Base_Logging | conditional_write | Could not click buy moisturizers button
2019-10-28 12:44:59 | DEBUG | Base_Logging | get_element | Message: no such element: Unable to locate element: {"method":"xpath","selector":"//h2[contains(text(),'unsreens')]"}
  (Session info: chrome=77.0.3865.120)

2019-10-28 12:44:59 | INFO | Base_Logging | get_element | Check your locator-'xpath,//h2[contains(text(),'unsreens')]' in the conf/locators.conf file
2019-10-28 12:44:59 | INFO | Base_Logging | get_text | 'NoneType' object has no attribute 'text'
2019-10-28 12:44:59 | INFO | Base_Logging | inner | You have this exception
2019-10-28 12:44:59 | INFO | Base_Logging | inner | Exception in method: get_page_heading
2019-10-28 12:44:59 | INFO | Base_Logging | inner | PYTHON SAYS: 'NoneType' object has no attribute 'decode'
2019-10-28 12:45:00 | INFO | Base_Logging | inner | You have this exception
2019-10-28 12:45:00 | INFO | Base_Logging | inner | Exception in method: check_redirect_sunscreen
2019-10-28 12:45:00 | INFO | Base_Logging | inner | PYTHON SAYS: 'NoneType' object is not subscriptable
2019-10-28 12:45:00 | INFO | Base_Logging | inner | You have this exception
2019-10-28 12:45:00 | INFO | Base_Logging | inner | Exception in method: check_temp_and_click_product_category
2019-10-28 12:45:00 | INFO | Base_Logging | inner | PYTHON SAYS: unsupported operand type(s) for &=: 'bool' and 'NoneType'
2019-10-28 12:45:00 | INFO | Base_Logging | log_result | FAIL: Failed to click right button
On
2019-10-28 12:45:00 | DEBUG | Base_Logging | get_element | Message: invalid argument: invalid locator
  (Session info: chrome=77.0.3865.120)

2019-10-28 12:45:00 | INFO | Base_Logging | inner | You have this exception
2019-10-28 12:45:00 | INFO | Base_Logging | inner | Exception in method: click_all_add_button
2019-10-28 12:45:00 | INFO | Base_Logging | inner | PYTHON SAYS: tuple index out of range
2019-10-28 12:45:01 | DEBUG | Base_Logging | get_elements | Message: invalid argument: invalid locator
  (Session info: chrome=77.0.3865.120)

2019-10-28 12:45:01 | INFO | Base_Logging | inner | You have this exception
2019-10-28 12:45:01 | INFO | Base_Logging | inner | Exception in method: check_added_count
2019-10-28 12:45:01 | INFO | Base_Logging | inner | PYTHON SAYS: tuple index out of range
2019-10-28 12:45:01 | INFO | Base_Logging | inner | You have this exception
2019-10-28 12:45:01 | INFO | Base_Logging | inner | Exception in method: add_all_items_and_verify_cart
2019-10-28 12:45:01 | INFO | Base_Logging | inner | PYTHON SAYS: unsupported operand type(s) for &=: 'NoneType' and 'NoneType'
2019-10-28 12:45:01 | INFO | Base_Logging | log_result | FAIL: Failed to add all items to the cart
On
2019-10-28 12:47:27 | DEBUG | Base_Logging | conditional_write | Clicked on Buy sunscreen
2019-10-28 12:47:38 | DEBUG | Base_Logging | get_element | Message: no such element: Unable to locate element: {"method":"xpath","selector":"//h2[contains(text(),'unsreens')]"}
  (Session info: chrome=77.0.3865.120)

2019-10-28 12:47:38 | INFO | Base_Logging | get_element | Check your locator-'xpath,//h2[contains(text(),'unsreens')]' in the conf/locators.conf file
2019-10-28 12:47:38 | INFO | Base_Logging | get_text | 'NoneType' object has no attribute 'text'
2019-10-28 12:47:38 | INFO | Base_Logging | inner | You have this exception
2019-10-28 12:47:38 | INFO | Base_Logging | inner | Exception in method: get_page_heading
2019-10-28 12:47:38 | INFO | Base_Logging | inner | PYTHON SAYS: 'NoneType' object has no attribute 'decode'
2019-10-28 12:47:38 | INFO | Base_Logging | inner | You have this exception
2019-10-28 12:47:38 | INFO | Base_Logging | inner | Exception in method: check_redirect_sunscreen
2019-10-28 12:47:38 | INFO | Base_Logging | inner | PYTHON SAYS: 'NoneType' object is not subscriptable
2019-10-28 12:47:38 | INFO | Base_Logging | inner | You have this exception
2019-10-28 12:47:38 | INFO | Base_Logging | inner | Exception in method: check_temp_and_click_product_category
2019-10-28 12:47:38 | INFO | Base_Logging | inner | PYTHON SAYS: unsupported operand type(s) for &=: 'bool' and 'NoneType'
2019-10-28 12:47:39 | INFO | Base_Logging | log_result | FAIL: Failed to click right button
On
2019-10-28 12:47:39 | DEBUG | Base_Logging | get_element | Message: invalid argument: invalid locator
  (Session info: chrome=77.0.3865.120)

2019-10-28 12:47:39 | INFO | Base_Logging | inner | You have this exception
2019-10-28 12:47:39 | INFO | Base_Logging | inner | Exception in method: click_all_add_button
2019-10-28 12:47:39 | INFO | Base_Logging | inner | PYTHON SAYS: tuple index out of range
2019-10-28 12:47:39 | DEBUG | Base_Logging | get_elements | Message: invalid argument: invalid locator
  (Session info: chrome=77.0.3865.120)

2019-10-28 12:47:39 | INFO | Base_Logging | inner | You have this exception
2019-10-28 12:47:39 | INFO | Base_Logging | inner | Exception in method: check_added_count
2019-10-28 12:47:39 | INFO | Base_Logging | inner | PYTHON SAYS: tuple index out of range
2019-10-28 12:47:40 | INFO | Base_Logging | inner | You have this exception
2019-10-28 12:47:40 | INFO | Base_Logging | inner | Exception in method: add_all_items_and_verify_cart
2019-10-28 12:47:40 | INFO | Base_Logging | inner | PYTHON SAYS: unsupported operand type(s) for &=: 'NoneType' and 'NoneType'
2019-10-28 12:47:40 | INFO | Base_Logging | log_result | FAIL: Failed to add all items to the cart
On
2019-10-28 12:52:09 | INFO | Base_Logging | inner | You have this exception
2019-10-28 12:52:09 | INFO | Base_Logging | inner | Exception in method: check_temp_and_click_product_category
2019-10-28 12:52:09 | INFO | Base_Logging | inner | PYTHON SAYS: 'charmap' codec can't encode character '\u2103' in position 39: character maps to <undefined>
2019-10-28 12:52:10 | INFO | Base_Logging | log_result | FAIL: Failed to click right button
On
2019-10-28 12:52:10 | DEBUG | Base_Logging | get_element | Message: invalid argument: invalid locator
  (Session info: chrome=77.0.3865.120)

2019-10-28 12:52:10 | INFO | Base_Logging | inner | You have this exception
2019-10-28 12:52:10 | INFO | Base_Logging | inner | Exception in method: click_all_add_button
2019-10-28 12:52:10 | INFO | Base_Logging | inner | PYTHON SAYS: tuple index out of range
2019-10-28 12:52:10 | DEBUG | Base_Logging | get_elements | Message: invalid argument: invalid locator
  (Session info: chrome=77.0.3865.120)

2019-10-28 12:52:10 | INFO | Base_Logging | inner | You have this exception
2019-10-28 12:52:10 | INFO | Base_Logging | inner | Exception in method: check_added_count
2019-10-28 12:52:10 | INFO | Base_Logging | inner | PYTHON SAYS: tuple index out of range
2019-10-28 12:52:10 | INFO | Base_Logging | inner | You have this exception
2019-10-28 12:52:10 | INFO | Base_Logging | inner | Exception in method: add_all_items_and_verify_cart
2019-10-28 12:52:10 | INFO | Base_Logging | inner | PYTHON SAYS: unsupported operand type(s) for &=: 'NoneType' and 'NoneType'
2019-10-28 12:52:11 | INFO | Base_Logging | log_result | FAIL: Failed to add all items to the cart
On
2019-10-28 12:56:28 | INFO | Base_Logging | inner | You have this exception
2019-10-28 12:56:28 | INFO | Base_Logging | inner | Exception in method: check_temp_and_click_product_category
2019-10-28 12:56:28 | INFO | Base_Logging | inner | PYTHON SAYS: 'charmap' codec can't encode character '\u2103' in position 40: character maps to <undefined>
2019-10-28 12:56:28 | INFO | Base_Logging | log_result | FAIL: Failed to click right button
On
2019-10-28 12:56:28 | DEBUG | Base_Logging | get_element | Message: invalid argument: invalid locator
  (Session info: chrome=77.0.3865.120)

2019-10-28 12:56:28 | INFO | Base_Logging | inner | You have this exception
2019-10-28 12:56:28 | INFO | Base_Logging | inner | Exception in method: click_all_add_button
2019-10-28 12:56:28 | INFO | Base_Logging | inner | PYTHON SAYS: tuple index out of range
2019-10-28 12:56:29 | DEBUG | Base_Logging | get_elements | Message: invalid argument: invalid locator
  (Session info: chrome=77.0.3865.120)

2019-10-28 12:56:29 | INFO | Base_Logging | inner | You have this exception
2019-10-28 12:56:29 | INFO | Base_Logging | inner | Exception in method: check_added_count
2019-10-28 12:56:29 | INFO | Base_Logging | inner | PYTHON SAYS: tuple index out of range
2019-10-28 12:56:29 | INFO | Base_Logging | inner | You have this exception
2019-10-28 12:56:29 | INFO | Base_Logging | inner | Exception in method: add_all_items_and_verify_cart
2019-10-28 12:56:29 | INFO | Base_Logging | inner | PYTHON SAYS: unsupported operand type(s) for &=: 'NoneType' and 'NoneType'
2019-10-28 12:56:29 | INFO | Base_Logging | log_result | FAIL: Failed to add all items to the cart
On
2019-10-28 13:04:20 | INFO | Base_Logging | inner | You have this exception
2019-10-28 13:04:20 | INFO | Base_Logging | inner | Exception in method: check_temp_and_click_product_category
2019-10-28 13:04:20 | INFO | Base_Logging | inner | PYTHON SAYS: 'charmap' codec can't encode character '\u2103' in position 39: character maps to <undefined>
2019-10-28 13:04:20 | INFO | Base_Logging | log_result | FAIL: Failed to click right button
On
2019-10-28 13:04:20 | DEBUG | Base_Logging | get_element | Message: invalid argument: invalid locator
  (Session info: chrome=77.0.3865.120)

2019-10-28 13:04:20 | INFO | Base_Logging | inner | You have this exception
2019-10-28 13:04:20 | INFO | Base_Logging | inner | Exception in method: click_all_add_button
2019-10-28 13:04:20 | INFO | Base_Logging | inner | PYTHON SAYS: tuple index out of range
2019-10-28 13:04:20 | DEBUG | Base_Logging | get_elements | Message: invalid argument: invalid locator
  (Session info: chrome=77.0.3865.120)

2019-10-28 13:04:20 | INFO | Base_Logging | inner | You have this exception
2019-10-28 13:04:20 | INFO | Base_Logging | inner | Exception in method: check_added_count
2019-10-28 13:04:20 | INFO | Base_Logging | inner | PYTHON SAYS: tuple index out of range
2019-10-28 13:04:21 | INFO | Base_Logging | inner | You have this exception
2019-10-28 13:04:21 | INFO | Base_Logging | inner | Exception in method: add_all_items_and_verify_cart
2019-10-28 13:04:21 | INFO | Base_Logging | inner | PYTHON SAYS: unsupported operand type(s) for &=: 'NoneType' and 'NoneType'
2019-10-28 13:04:21 | INFO | Base_Logging | log_result | FAIL: Failed to add all items to the cart
On
2019-10-28 13:06:56 | INFO | Base_Logging | inner | You have this exception
2019-10-28 13:06:56 | INFO | Base_Logging | inner | Exception in method: check_temp_and_click_product_category
2019-10-28 13:06:56 | INFO | Base_Logging | inner | PYTHON SAYS: 'charmap' codec can't encode character '\u2103' in position 39: character maps to <undefined>
2019-10-28 13:06:56 | INFO | Base_Logging | log_result | FAIL: Failed to click right button
On
2019-10-28 13:06:56 | DEBUG | Base_Logging | get_element | Message: invalid argument: invalid locator
  (Session info: chrome=77.0.3865.120)

2019-10-28 13:06:56 | INFO | Base_Logging | inner | You have this exception
2019-10-28 13:06:56 | INFO | Base_Logging | inner | Exception in method: click_all_add_button
2019-10-28 13:06:56 | INFO | Base_Logging | inner | PYTHON SAYS: tuple index out of range
2019-10-28 13:06:57 | DEBUG | Base_Logging | get_elements | Message: invalid argument: invalid locator
  (Session info: chrome=77.0.3865.120)

2019-10-28 13:06:57 | INFO | Base_Logging | inner | You have this exception
2019-10-28 13:06:57 | INFO | Base_Logging | inner | Exception in method: check_added_count
2019-10-28 13:06:57 | INFO | Base_Logging | inner | PYTHON SAYS: tuple index out of range
2019-10-28 13:06:57 | INFO | Base_Logging | inner | You have this exception
2019-10-28 13:06:57 | INFO | Base_Logging | inner | Exception in method: add_all_items_and_verify_cart
2019-10-28 13:06:57 | INFO | Base_Logging | inner | PYTHON SAYS: unsupported operand type(s) for &=: 'NoneType' and 'NoneType'
2019-10-28 13:06:57 | INFO | Base_Logging | log_result | FAIL: Failed to add all items to the cart
On
2019-10-28 13:09:25 | DEBUG | Base_Logging | conditional_write | Clicked on Buy sunscreen
2019-10-28 13:09:31 | DEBUG | Base_Logging | conditional_write | The heading of the page is Sunscreens
2019-10-28 13:09:33 | DEBUG | Base_Logging | conditional_write | Landed on Sunscreen screen
2019-10-28 13:09:34 | INFO | Base_Logging | log_result | PASS: Successfully clicked on right button

2019-10-28 13:09:34 | DEBUG | Base_Logging | get_element | Message: invalid argument: invalid locator
  (Session info: chrome=77.0.3865.120)

2019-10-28 13:09:34 | INFO | Base_Logging | inner | You have this exception
2019-10-28 13:09:34 | INFO | Base_Logging | inner | Exception in method: click_all_add_button
2019-10-28 13:09:34 | INFO | Base_Logging | inner | PYTHON SAYS: tuple index out of range
2019-10-28 13:09:34 | DEBUG | Base_Logging | get_elements | Message: invalid argument: invalid locator
  (Session info: chrome=77.0.3865.120)

2019-10-28 13:09:34 | INFO | Base_Logging | inner | You have this exception
2019-10-28 13:09:34 | INFO | Base_Logging | inner | Exception in method: check_added_count
2019-10-28 13:09:34 | INFO | Base_Logging | inner | PYTHON SAYS: tuple index out of range
2019-10-28 13:09:34 | INFO | Base_Logging | inner | You have this exception
2019-10-28 13:09:34 | INFO | Base_Logging | inner | Exception in method: add_all_items_and_verify_cart
2019-10-28 13:09:34 | INFO | Base_Logging | inner | PYTHON SAYS: unsupported operand type(s) for &=: 'NoneType' and 'NoneType'
2019-10-28 13:09:35 | INFO | Base_Logging | log_result | FAIL: Failed to add all items to the cart
On
2019-10-28 13:10:22 | DEBUG | Base_Logging | conditional_write | Clicked on Buy sunscreen
2019-10-28 13:10:27 | DEBUG | Base_Logging | conditional_write | The heading of the page is Sunscreens
2019-10-28 13:10:30 | DEBUG | Base_Logging | conditional_write | Landed on Sunscreen screen
2019-10-28 13:10:30 | INFO | Base_Logging | log_result | PASS: Successfully clicked on right button

2019-10-28 13:10:30 | DEBUG | Base_Logging | get_element | Message: invalid argument: invalid locator
  (Session info: chrome=77.0.3865.120)

2019-10-28 13:10:30 | INFO | Base_Logging | inner | You have this exception
2019-10-28 13:10:30 | INFO | Base_Logging | inner | Exception in method: click_all_add_button
2019-10-28 13:10:30 | INFO | Base_Logging | inner | PYTHON SAYS: tuple index out of range
2019-10-28 13:10:31 | DEBUG | Base_Logging | get_elements | Message: invalid argument: invalid locator
  (Session info: chrome=77.0.3865.120)

2019-10-28 13:10:31 | INFO | Base_Logging | inner | You have this exception
2019-10-28 13:10:31 | INFO | Base_Logging | inner | Exception in method: check_added_count
2019-10-28 13:10:31 | INFO | Base_Logging | inner | PYTHON SAYS: tuple index out of range
2019-10-28 13:10:31 | INFO | Base_Logging | inner | You have this exception
2019-10-28 13:10:31 | INFO | Base_Logging | inner | Exception in method: add_all_items_and_verify_cart
2019-10-28 13:10:31 | INFO | Base_Logging | inner | PYTHON SAYS: unsupported operand type(s) for &=: 'NoneType' and 'NoneType'
2019-10-28 13:10:31 | INFO | Base_Logging | log_result | FAIL: Failed to add all items to the cart
On
2019-10-28 13:10:54 | INFO | Base_Logging | inner | You have this exception
2019-10-28 13:10:54 | INFO | Base_Logging | inner | Exception in method: check_temp_and_click_product_category
2019-10-28 13:10:54 | INFO | Base_Logging | inner | PYTHON SAYS: 'charmap' codec can't encode character '\u2103' in position 39: character maps to <undefined>
2019-10-28 13:10:54 | INFO | Base_Logging | log_result | FAIL: Failed to click right button
On
2019-10-28 13:10:54 | DEBUG | Base_Logging | get_element | Message: invalid argument: invalid locator
  (Session info: chrome=77.0.3865.120)

2019-10-28 13:10:54 | INFO | Base_Logging | inner | You have this exception
2019-10-28 13:10:54 | INFO | Base_Logging | inner | Exception in method: click_all_add_button
2019-10-28 13:10:54 | INFO | Base_Logging | inner | PYTHON SAYS: tuple index out of range
2019-10-28 13:10:55 | DEBUG | Base_Logging | get_elements | Message: invalid argument: invalid locator
  (Session info: chrome=77.0.3865.120)

2019-10-28 13:10:55 | INFO | Base_Logging | inner | You have this exception
2019-10-28 13:10:55 | INFO | Base_Logging | inner | Exception in method: check_added_count
2019-10-28 13:10:55 | INFO | Base_Logging | inner | PYTHON SAYS: tuple index out of range
2019-10-28 13:10:55 | INFO | Base_Logging | inner | You have this exception
2019-10-28 13:10:55 | INFO | Base_Logging | inner | Exception in method: add_all_items_and_verify_cart
2019-10-28 13:10:55 | INFO | Base_Logging | inner | PYTHON SAYS: unsupported operand type(s) for &=: 'NoneType' and 'NoneType'
2019-10-28 13:10:55 | INFO | Base_Logging | log_result | FAIL: Failed to add all items to the cart
On
2019-10-28 13:11:21 | DEBUG | Base_Logging | get_element | Message: invalid selector: Unable to locate an element with the xpath expression //button[text()=='Buy sunscreen'] because of the following error:
SyntaxError: Failed to execute 'evaluate' on 'Document': The string '//button[text()=='Buy sunscreen']' is not a valid XPath expression.
  (Session info: chrome=77.0.3865.120)

2019-10-28 13:11:21 | INFO | Base_Logging | get_element | Check your locator-'xpath,//button[text()=='Buy sunscreen']' in the conf/locators.conf file
2019-10-28 13:11:21 | DEBUG | Base_Logging | conditional_write | Could not click buy moisturizers button
2019-10-28 13:11:31 | DEBUG | Base_Logging | get_element | Message: no such element: Unable to locate element: {"method":"xpath","selector":"//h2[contains(text(),'Sunscreens')]"}
  (Session info: chrome=77.0.3865.120)

2019-10-28 13:11:31 | INFO | Base_Logging | get_element | Check your locator-'xpath,//h2[contains(text(),'Sunscreens')]' in the conf/locators.conf file
2019-10-28 13:11:31 | INFO | Base_Logging | get_text | 'NoneType' object has no attribute 'text'
2019-10-28 13:11:31 | INFO | Base_Logging | inner | You have this exception
2019-10-28 13:11:31 | INFO | Base_Logging | inner | Exception in method: get_page_heading
2019-10-28 13:11:31 | INFO | Base_Logging | inner | PYTHON SAYS: 'NoneType' object has no attribute 'decode'
2019-10-28 13:11:32 | INFO | Base_Logging | inner | You have this exception
2019-10-28 13:11:32 | INFO | Base_Logging | inner | Exception in method: check_redirect_sunscreen
2019-10-28 13:11:32 | INFO | Base_Logging | inner | PYTHON SAYS: 'NoneType' object is not subscriptable
2019-10-28 13:11:32 | INFO | Base_Logging | inner | You have this exception
2019-10-28 13:11:32 | INFO | Base_Logging | inner | Exception in method: check_temp_and_click_product_category
2019-10-28 13:11:32 | INFO | Base_Logging | inner | PYTHON SAYS: unsupported operand type(s) for &=: 'bool' and 'NoneType'
2019-10-28 13:11:32 | INFO | Base_Logging | log_result | FAIL: Failed to click right button
On
2019-10-28 13:11:32 | DEBUG | Base_Logging | get_element | Message: invalid argument: invalid locator
  (Session info: chrome=77.0.3865.120)

2019-10-28 13:11:32 | INFO | Base_Logging | inner | You have this exception
2019-10-28 13:11:32 | INFO | Base_Logging | inner | Exception in method: click_all_add_button
2019-10-28 13:11:32 | INFO | Base_Logging | inner | PYTHON SAYS: tuple index out of range
2019-10-28 13:11:33 | DEBUG | Base_Logging | get_elements | Message: invalid argument: invalid locator
  (Session info: chrome=77.0.3865.120)

2019-10-28 13:11:33 | INFO | Base_Logging | inner | You have this exception
2019-10-28 13:11:33 | INFO | Base_Logging | inner | Exception in method: check_added_count
2019-10-28 13:11:33 | INFO | Base_Logging | inner | PYTHON SAYS: tuple index out of range
2019-10-28 13:11:33 | INFO | Base_Logging | inner | You have this exception
2019-10-28 13:11:33 | INFO | Base_Logging | inner | Exception in method: add_all_items_and_verify_cart
2019-10-28 13:11:33 | INFO | Base_Logging | inner | PYTHON SAYS: unsupported operand type(s) for &=: 'NoneType' and 'NoneType'
2019-10-28 13:11:33 | INFO | Base_Logging | log_result | FAIL: Failed to add all items to the cart
On
2019-10-28 13:13:36 | DEBUG | Base_Logging | get_element | Message: invalid selector: Unable to locate an element with the xpath expression //button[text()=='Buy sunscreen'] because of the following error:
SyntaxError: Failed to execute 'evaluate' on 'Document': The string '//button[text()=='Buy sunscreen']' is not a valid XPath expression.
  (Session info: chrome=77.0.3865.120)

2019-10-28 13:13:36 | INFO | Base_Logging | get_element | Check your locator-'xpath,//button[text()=='Buy sunscreen']' in the conf/locators.conf file
2019-10-28 13:13:36 | DEBUG | Base_Logging | conditional_write | Could not click buy moisturizers button
2019-10-28 13:13:46 | DEBUG | Base_Logging | get_element | Message: no such element: Unable to locate element: {"method":"xpath","selector":"//h2[contains(text(),'Sunscreens')]"}
  (Session info: chrome=77.0.3865.120)

2019-10-28 13:13:46 | INFO | Base_Logging | get_element | Check your locator-'xpath,//h2[contains(text(),'Sunscreens')]' in the conf/locators.conf file
2019-10-28 13:13:46 | INFO | Base_Logging | get_text | 'NoneType' object has no attribute 'text'
2019-10-28 13:13:46 | INFO | Base_Logging | inner | You have this exception
2019-10-28 13:13:46 | INFO | Base_Logging | inner | Exception in method: get_page_heading
2019-10-28 13:13:46 | INFO | Base_Logging | inner | PYTHON SAYS: 'NoneType' object has no attribute 'decode'
2019-10-28 13:13:47 | INFO | Base_Logging | inner | You have this exception
2019-10-28 13:13:47 | INFO | Base_Logging | inner | Exception in method: check_redirect_sunscreen
2019-10-28 13:13:47 | INFO | Base_Logging | inner | PYTHON SAYS: 'NoneType' object is not subscriptable
2019-10-28 13:13:47 | INFO | Base_Logging | inner | You have this exception
2019-10-28 13:13:47 | INFO | Base_Logging | inner | Exception in method: check_temp_and_click_product_category
2019-10-28 13:13:47 | INFO | Base_Logging | inner | PYTHON SAYS: unsupported operand type(s) for &=: 'bool' and 'NoneType'
2019-10-28 13:13:47 | INFO | Base_Logging | log_result | FAIL: Failed to click right button
On
2019-10-28 13:13:47 | DEBUG | Base_Logging | get_element | Message: invalid argument: invalid locator
  (Session info: chrome=77.0.3865.120)

2019-10-28 13:13:47 | INFO | Base_Logging | inner | You have this exception
2019-10-28 13:13:47 | INFO | Base_Logging | inner | Exception in method: click_all_add_button
2019-10-28 13:13:47 | INFO | Base_Logging | inner | PYTHON SAYS: tuple index out of range
2019-10-28 13:13:48 | DEBUG | Base_Logging | get_elements | Message: invalid argument: invalid locator
  (Session info: chrome=77.0.3865.120)

2019-10-28 13:13:48 | INFO | Base_Logging | inner | You have this exception
2019-10-28 13:13:48 | INFO | Base_Logging | inner | Exception in method: check_added_count
2019-10-28 13:13:48 | INFO | Base_Logging | inner | PYTHON SAYS: tuple index out of range
2019-10-28 13:13:48 | INFO | Base_Logging | inner | You have this exception
2019-10-28 13:13:48 | INFO | Base_Logging | inner | Exception in method: add_all_items_and_verify_cart
2019-10-28 13:13:48 | INFO | Base_Logging | inner | PYTHON SAYS: unsupported operand type(s) for &=: 'NoneType' and 'NoneType'
2019-10-28 13:13:48 | INFO | Base_Logging | log_result | FAIL: Failed to add all items to the cart
On
2019-10-28 13:15:54 | DEBUG | Base_Logging | get_element | Message: no such element: Unable to locate element: {"method":"xpath","selector":"//button[text()='Buy sunscreen']"}
  (Session info: chrome=77.0.3865.120)

2019-10-28 13:15:54 | INFO | Base_Logging | get_element | Check your locator-'xpath,//button[text()='Buy sunscreen']' in the conf/locators.conf file
2019-10-28 13:15:54 | DEBUG | Base_Logging | conditional_write | Could not click buy moisturizers button
2019-10-28 13:16:05 | DEBUG | Base_Logging | get_element | Message: no such element: Unable to locate element: {"method":"xpath","selector":"//h2[contains(text(),'Sunscreens')]"}
  (Session info: chrome=77.0.3865.120)

2019-10-28 13:16:05 | INFO | Base_Logging | get_element | Check your locator-'xpath,//h2[contains(text(),'Sunscreens')]' in the conf/locators.conf file
2019-10-28 13:16:05 | INFO | Base_Logging | get_text | 'NoneType' object has no attribute 'text'
2019-10-28 13:16:05 | INFO | Base_Logging | inner | You have this exception
2019-10-28 13:16:05 | INFO | Base_Logging | inner | Exception in method: get_page_heading
2019-10-28 13:16:05 | INFO | Base_Logging | inner | PYTHON SAYS: 'NoneType' object has no attribute 'decode'
2019-10-28 13:16:05 | INFO | Base_Logging | inner | You have this exception
2019-10-28 13:16:05 | INFO | Base_Logging | inner | Exception in method: check_redirect_sunscreen
2019-10-28 13:16:05 | INFO | Base_Logging | inner | PYTHON SAYS: 'NoneType' object is not subscriptable
2019-10-28 13:16:05 | INFO | Base_Logging | inner | You have this exception
2019-10-28 13:16:05 | INFO | Base_Logging | inner | Exception in method: check_temp_and_click_product_category
2019-10-28 13:16:05 | INFO | Base_Logging | inner | PYTHON SAYS: unsupported operand type(s) for &=: 'bool' and 'NoneType'
2019-10-28 13:16:06 | INFO | Base_Logging | log_result | FAIL: Failed to click right button
On
2019-10-28 13:16:06 | DEBUG | Base_Logging | get_element | Message: invalid argument: invalid locator
  (Session info: chrome=77.0.3865.120)

2019-10-28 13:16:06 | INFO | Base_Logging | inner | You have this exception
2019-10-28 13:16:06 | INFO | Base_Logging | inner | Exception in method: click_all_add_button
2019-10-28 13:16:06 | INFO | Base_Logging | inner | PYTHON SAYS: tuple index out of range
2019-10-28 13:16:06 | DEBUG | Base_Logging | get_elements | Message: invalid argument: invalid locator
  (Session info: chrome=77.0.3865.120)

2019-10-28 13:16:06 | INFO | Base_Logging | inner | You have this exception
2019-10-28 13:16:06 | INFO | Base_Logging | inner | Exception in method: check_added_count
2019-10-28 13:16:06 | INFO | Base_Logging | inner | PYTHON SAYS: tuple index out of range
2019-10-28 13:16:06 | INFO | Base_Logging | inner | You have this exception
2019-10-28 13:16:06 | INFO | Base_Logging | inner | Exception in method: add_all_items_and_verify_cart
2019-10-28 13:16:06 | INFO | Base_Logging | inner | PYTHON SAYS: unsupported operand type(s) for &=: 'NoneType' and 'NoneType'
2019-10-28 13:16:07 | INFO | Base_Logging | log_result | FAIL: Failed to add all items to the cart
On
2019-10-28 13:17:21 | DEBUG | Base_Logging | get_element | Message: no such element: Unable to locate element: {"method":"xpath","selector":"//button[text()='Buy sunscreen']"}
  (Session info: chrome=77.0.3865.120)

2019-10-28 13:17:21 | INFO | Base_Logging | get_element | Check your locator-'xpath,//button[text()='Buy sunscreen']' in the conf/locators.conf file
2019-10-28 13:17:21 | DEBUG | Base_Logging | conditional_write | Could not click buy moisturizers button
2019-10-28 13:17:31 | DEBUG | Base_Logging | get_element | Message: no such element: Unable to locate element: {"method":"xpath","selector":"//h2[contains(text(),'Sunscreens')]"}
  (Session info: chrome=77.0.3865.120)

2019-10-28 13:17:31 | INFO | Base_Logging | get_element | Check your locator-'xpath,//h2[contains(text(),'Sunscreens')]' in the conf/locators.conf file
2019-10-28 13:17:31 | INFO | Base_Logging | get_text | 'NoneType' object has no attribute 'text'
2019-10-28 13:17:31 | INFO | Base_Logging | inner | You have this exception
2019-10-28 13:17:31 | INFO | Base_Logging | inner | Exception in method: get_page_heading
2019-10-28 13:17:31 | INFO | Base_Logging | inner | PYTHON SAYS: 'NoneType' object has no attribute 'decode'
2019-10-28 13:17:32 | INFO | Base_Logging | inner | You have this exception
2019-10-28 13:17:32 | INFO | Base_Logging | inner | Exception in method: check_redirect_sunscreen
2019-10-28 13:17:32 | INFO | Base_Logging | inner | PYTHON SAYS: 'NoneType' object is not subscriptable
2019-10-28 13:17:32 | INFO | Base_Logging | inner | You have this exception
2019-10-28 13:17:32 | INFO | Base_Logging | inner | Exception in method: check_temp_and_click_product_category
2019-10-28 13:17:32 | INFO | Base_Logging | inner | PYTHON SAYS: unsupported operand type(s) for &=: 'bool' and 'NoneType'
2019-10-28 13:17:32 | INFO | Base_Logging | log_result | FAIL: Failed to click right button
On
2019-10-28 13:17:32 | DEBUG | Base_Logging | get_element | Message: invalid argument: invalid locator
  (Session info: chrome=77.0.3865.120)

2019-10-28 13:17:32 | INFO | Base_Logging | inner | You have this exception
2019-10-28 13:17:32 | INFO | Base_Logging | inner | Exception in method: click_all_add_button
2019-10-28 13:17:32 | INFO | Base_Logging | inner | PYTHON SAYS: tuple index out of range
2019-10-28 13:17:33 | DEBUG | Base_Logging | get_elements | Message: invalid argument: invalid locator
  (Session info: chrome=77.0.3865.120)

2019-10-28 13:17:33 | INFO | Base_Logging | inner | You have this exception
2019-10-28 13:17:33 | INFO | Base_Logging | inner | Exception in method: check_added_count
2019-10-28 13:17:33 | INFO | Base_Logging | inner | PYTHON SAYS: tuple index out of range
2019-10-28 13:17:33 | INFO | Base_Logging | inner | You have this exception
2019-10-28 13:17:33 | INFO | Base_Logging | inner | Exception in method: add_all_items_and_verify_cart
2019-10-28 13:17:33 | INFO | Base_Logging | inner | PYTHON SAYS: unsupported operand type(s) for &=: 'NoneType' and 'NoneType'
2019-10-28 13:17:33 | INFO | Base_Logging | log_result | FAIL: Failed to add all items to the cart
On
2019-10-28 13:18:46 | DEBUG | Base_Logging | get_element | Message: no such element: Unable to locate element: {"method":"xpath","selector":"//button[text()='Buy sunscreen']"}
  (Session info: chrome=77.0.3865.120)

2019-10-28 13:18:46 | INFO | Base_Logging | get_element | Check your locator-'xpath,//button[text()='Buy sunscreen']' in the conf/locators.conf file
2019-10-28 13:18:46 | DEBUG | Base_Logging | conditional_write | Could not click buy moisturizers button
2019-10-28 13:18:57 | DEBUG | Base_Logging | get_element | Message: no such element: Unable to locate element: {"method":"xpath","selector":"//h2[contains(text(),'Sunscreens')]"}
  (Session info: chrome=77.0.3865.120)

2019-10-28 13:18:57 | INFO | Base_Logging | get_element | Check your locator-'xpath,//h2[contains(text(),'Sunscreens')]' in the conf/locators.conf file
2019-10-28 13:18:57 | INFO | Base_Logging | get_text | 'NoneType' object has no attribute 'text'
2019-10-28 13:18:57 | INFO | Base_Logging | inner | You have this exception
2019-10-28 13:18:57 | INFO | Base_Logging | inner | Exception in method: get_page_heading
2019-10-28 13:18:57 | INFO | Base_Logging | inner | PYTHON SAYS: 'NoneType' object has no attribute 'decode'
2019-10-28 13:18:57 | INFO | Base_Logging | inner | You have this exception
2019-10-28 13:18:57 | INFO | Base_Logging | inner | Exception in method: check_redirect_sunscreen
2019-10-28 13:18:57 | INFO | Base_Logging | inner | PYTHON SAYS: 'NoneType' object is not subscriptable
2019-10-28 13:18:57 | INFO | Base_Logging | inner | You have this exception
2019-10-28 13:18:57 | INFO | Base_Logging | inner | Exception in method: check_temp_and_click_product_category
2019-10-28 13:18:57 | INFO | Base_Logging | inner | PYTHON SAYS: unsupported operand type(s) for &=: 'bool' and 'NoneType'
2019-10-28 13:18:58 | INFO | Base_Logging | log_result | FAIL: Failed to click right button
On
2019-10-28 13:18:58 | DEBUG | Base_Logging | get_element | Message: invalid argument: invalid locator
  (Session info: chrome=77.0.3865.120)

2019-10-28 13:18:58 | INFO | Base_Logging | inner | You have this exception
2019-10-28 13:18:58 | INFO | Base_Logging | inner | Exception in method: click_all_add_button
2019-10-28 13:18:58 | INFO | Base_Logging | inner | PYTHON SAYS: tuple index out of range
2019-10-28 13:18:58 | DEBUG | Base_Logging | get_elements | Message: invalid argument: invalid locator
  (Session info: chrome=77.0.3865.120)

2019-10-28 13:18:58 | INFO | Base_Logging | inner | You have this exception
2019-10-28 13:18:58 | INFO | Base_Logging | inner | Exception in method: check_added_count
2019-10-28 13:18:58 | INFO | Base_Logging | inner | PYTHON SAYS: tuple index out of range
2019-10-28 13:18:58 | INFO | Base_Logging | inner | You have this exception
2019-10-28 13:18:58 | INFO | Base_Logging | inner | Exception in method: add_all_items_and_verify_cart
2019-10-28 13:18:58 | INFO | Base_Logging | inner | PYTHON SAYS: unsupported operand type(s) for &=: 'NoneType' and 'NoneType'
2019-10-28 13:18:59 | INFO | Base_Logging | log_result | FAIL: Failed to add all items to the cart
On
2019-10-28 13:19:22 | INFO | Base_Logging | inner | You have this exception
2019-10-28 13:19:22 | INFO | Base_Logging | inner | Exception in method: check_temp_and_click_product_category
2019-10-28 13:19:22 | INFO | Base_Logging | inner | PYTHON SAYS: 'charmap' codec can't encode character '\u2103' in position 39: character maps to <undefined>
2019-10-28 13:19:22 | INFO | Base_Logging | log_result | FAIL: Failed to click right button
On
2019-10-28 13:19:22 | DEBUG | Base_Logging | get_element | Message: invalid argument: invalid locator
  (Session info: chrome=77.0.3865.120)

2019-10-28 13:19:22 | INFO | Base_Logging | inner | You have this exception
2019-10-28 13:19:22 | INFO | Base_Logging | inner | Exception in method: click_all_add_button
2019-10-28 13:19:22 | INFO | Base_Logging | inner | PYTHON SAYS: tuple index out of range
2019-10-28 13:19:23 | DEBUG | Base_Logging | get_elements | Message: invalid argument: invalid locator
  (Session info: chrome=77.0.3865.120)

2019-10-28 13:19:23 | INFO | Base_Logging | inner | You have this exception
2019-10-28 13:19:23 | INFO | Base_Logging | inner | Exception in method: check_added_count
2019-10-28 13:19:23 | INFO | Base_Logging | inner | PYTHON SAYS: tuple index out of range
2019-10-28 13:19:23 | INFO | Base_Logging | inner | You have this exception
2019-10-28 13:19:23 | INFO | Base_Logging | inner | Exception in method: add_all_items_and_verify_cart
2019-10-28 13:19:23 | INFO | Base_Logging | inner | PYTHON SAYS: unsupported operand type(s) for &=: 'NoneType' and 'NoneType'
2019-10-28 13:19:24 | INFO | Base_Logging | log_result | FAIL: Failed to add all items to the cart
On
2019-10-28 13:21:27 | DEBUG | Base_Logging | conditional_write | Clicked on Buy sunscreen
2019-10-28 13:21:33 | DEBUG | Base_Logging | conditional_write | The heading of the page is Sunscreens
2019-10-28 13:21:35 | DEBUG | Base_Logging | conditional_write | Landed on Sunscreen screen
2019-10-28 13:21:36 | INFO | Base_Logging | log_result | PASS: Successfully clicked on right button

2019-10-28 13:21:36 | DEBUG | Base_Logging | get_element | Message: invalid argument: invalid locator
  (Session info: chrome=77.0.3865.120)

2019-10-28 13:21:36 | INFO | Base_Logging | inner | You have this exception
2019-10-28 13:21:36 | INFO | Base_Logging | inner | Exception in method: click_all_add_button
2019-10-28 13:21:36 | INFO | Base_Logging | inner | PYTHON SAYS: tuple index out of range
2019-10-28 13:21:36 | DEBUG | Base_Logging | get_elements | Message: invalid argument: invalid locator
  (Session info: chrome=77.0.3865.120)

2019-10-28 13:21:36 | INFO | Base_Logging | inner | You have this exception
2019-10-28 13:21:36 | INFO | Base_Logging | inner | Exception in method: check_added_count
2019-10-28 13:21:36 | INFO | Base_Logging | inner | PYTHON SAYS: tuple index out of range
2019-10-28 13:21:37 | INFO | Base_Logging | inner | You have this exception
2019-10-28 13:21:37 | INFO | Base_Logging | inner | Exception in method: add_all_items_and_verify_cart
2019-10-28 13:21:37 | INFO | Base_Logging | inner | PYTHON SAYS: unsupported operand type(s) for &=: 'NoneType' and 'NoneType'
2019-10-28 13:21:37 | INFO | Base_Logging | log_result | FAIL: Failed to add all items to the cart
On
2019-10-28 13:23:37 | DEBUG | Base_Logging | conditional_write | Clicked on Buy sunscreen
2019-10-28 13:23:51 | INFO | Base_Logging | inner | You have this exception
2019-10-28 13:23:51 | INFO | Base_Logging | inner | Exception in method: check_temp_and_click_product_category
2019-10-28 13:23:51 | INFO | Base_Logging | inner | PYTHON SAYS: Message: chrome not reachable
  (Session info: chrome=77.0.3865.120)

2019-10-28 13:24:44 | INFO | Base_Logging | inner | You have this exception
2019-10-28 13:24:44 | INFO | Base_Logging | inner | Exception in method: check_temp_and_click_product_category
2019-10-28 13:24:44 | INFO | Base_Logging | inner | PYTHON SAYS: 'charmap' codec can't encode character '\u2103' in position 39: character maps to <undefined>
2019-10-28 13:24:45 | INFO | Base_Logging | log_result | FAIL: Failed to click right button
On
2019-10-28 13:25:00 | DEBUG | Base_Logging | get_element | Message: no such element: Unable to locate element: {"method":"xpath","selector":"//span[contains(text(),'item(s)')]"}
  (Session info: chrome=77.0.3865.120)

2019-10-28 13:25:00 | INFO | Base_Logging | get_element | Check your locator-'xpath,//span[contains(text(),'item(s)')]' in the conf/locators.conf file
2019-10-28 13:25:00 | INFO | Base_Logging | get_text | 'NoneType' object has no attribute 'text'
2019-10-28 13:25:00 | INFO | Base_Logging | inner | You have this exception
2019-10-28 13:25:00 | INFO | Base_Logging | inner | Exception in method: check_added_count
2019-10-28 13:25:00 | INFO | Base_Logging | inner | PYTHON SAYS: 'NoneType' object has no attribute 'decode'
2019-10-28 13:25:00 | INFO | Base_Logging | inner | You have this exception
2019-10-28 13:25:00 | INFO | Base_Logging | inner | Exception in method: add_all_items_and_verify_cart
2019-10-28 13:25:00 | INFO | Base_Logging | inner | PYTHON SAYS: unsupported operand type(s) for &=: 'bool' and 'NoneType'
2019-10-28 13:25:01 | INFO | Base_Logging | log_result | FAIL: Failed to add all items to the cart
On
2019-10-28 13:27:42 | DEBUG | Base_Logging | conditional_write | Clicked on Buy sunscreen
2019-10-28 13:27:47 | DEBUG | Base_Logging | conditional_write | The heading of the page is Sunscreens
2019-10-28 13:27:50 | DEBUG | Base_Logging | conditional_write | Landed on Sunscreen screen
2019-10-28 13:27:50 | INFO | Base_Logging | log_result | PASS: Successfully clicked on right button

2019-10-28 13:28:06 | DEBUG | Base_Logging | get_element | Message: no such element: Unable to locate element: {"method":"xpath","selector":"//span[contains(text(),'item(s)')]"}
  (Session info: chrome=77.0.3865.120)

2019-10-28 13:28:06 | INFO | Base_Logging | get_element | Check your locator-'xpath,//span[contains(text(),'item(s)')]' in the conf/locators.conf file
2019-10-28 13:28:06 | INFO | Base_Logging | get_text | 'NoneType' object has no attribute 'text'
2019-10-28 13:28:06 | INFO | Base_Logging | inner | You have this exception
2019-10-28 13:28:06 | INFO | Base_Logging | inner | Exception in method: check_added_count
2019-10-28 13:28:06 | INFO | Base_Logging | inner | PYTHON SAYS: 'NoneType' object has no attribute 'decode'
2019-10-28 13:28:06 | INFO | Base_Logging | inner | You have this exception
2019-10-28 13:28:06 | INFO | Base_Logging | inner | Exception in method: add_all_items_and_verify_cart
2019-10-28 13:28:06 | INFO | Base_Logging | inner | PYTHON SAYS: unsupported operand type(s) for &=: 'bool' and 'NoneType'
2019-10-28 13:28:07 | INFO | Base_Logging | log_result | FAIL: Failed to add all items to the cart
On
2019-10-28 14:19:18 | INFO | Base_Logging | inner | You have this exception
2019-10-28 14:19:18 | INFO | Base_Logging | inner | Exception in method: check_temp_and_click_product_category
2019-10-28 14:19:18 | INFO | Base_Logging | inner | PYTHON SAYS: 'charmap' codec can't encode character '\u2103' in position 40: character maps to <undefined>
2019-10-28 14:19:18 | INFO | Base_Logging | log_result | FAIL: Failed to click right button
On
2019-10-28 14:19:34 | DEBUG | Base_Logging | get_element | Message: no such element: Unable to locate element: {"method":"xpath","selector":"//span[contains(text(),'item(s)')]"}
  (Session info: chrome=77.0.3865.120)

2019-10-28 14:19:34 | INFO | Base_Logging | get_element | Check your locator-'xpath,//span[contains(text(),'item(s)')]' in the conf/locators.conf file
2019-10-28 14:19:34 | INFO | Base_Logging | get_text | 'NoneType' object has no attribute 'text'
2019-10-28 14:19:34 | INFO | Base_Logging | inner | You have this exception
2019-10-28 14:19:34 | INFO | Base_Logging | inner | Exception in method: check_added_count
2019-10-28 14:19:34 | INFO | Base_Logging | inner | PYTHON SAYS: 'NoneType' object has no attribute 'decode'
2019-10-28 14:19:34 | INFO | Base_Logging | inner | You have this exception
2019-10-28 14:19:34 | INFO | Base_Logging | inner | Exception in method: add_all_items_and_verify_cart
2019-10-28 14:19:34 | INFO | Base_Logging | inner | PYTHON SAYS: unsupported operand type(s) for &=: 'bool' and 'NoneType'
2019-10-28 14:19:35 | INFO | Base_Logging | log_result | FAIL: Failed to add all items to the cart
On
2019-10-28 14:24:55 | INFO | Base_Logging | inner | You have this exception
2019-10-28 14:24:55 | INFO | Base_Logging | inner | Exception in method: check_temp_and_click_product_category
2019-10-28 14:24:55 | INFO | Base_Logging | inner | PYTHON SAYS: 'charmap' codec can't encode character '\u2103' in position 40: character maps to <undefined>
2019-10-28 14:24:55 | INFO | Base_Logging | log_result | FAIL: Failed to click right button
On
2019-10-28 14:25:11 | DEBUG | Base_Logging | get_element | Message: no such element: Unable to locate element: {"method":"xpath","selector":"//span[contains(text(),'item(s)')]"}
  (Session info: chrome=77.0.3865.120)

2019-10-28 14:25:11 | INFO | Base_Logging | get_element | Check your locator-'xpath,//span[contains(text(),'item(s)')]' in the conf/locators.conf file
2019-10-28 14:25:11 | INFO | Base_Logging | get_text | 'NoneType' object has no attribute 'text'
2019-10-28 14:25:11 | INFO | Base_Logging | inner | You have this exception
2019-10-28 14:25:11 | INFO | Base_Logging | inner | Exception in method: check_added_count
2019-10-28 14:25:11 | INFO | Base_Logging | inner | PYTHON SAYS: 'NoneType' object has no attribute 'decode'
2019-10-28 14:25:11 | INFO | Base_Logging | inner | You have this exception
2019-10-28 14:25:11 | INFO | Base_Logging | inner | Exception in method: add_all_items_and_verify_cart
2019-10-28 14:25:11 | INFO | Base_Logging | inner | PYTHON SAYS: unsupported operand type(s) for &=: 'bool' and 'NoneType'
2019-10-28 14:25:12 | INFO | Base_Logging | log_result | FAIL: Failed to add all items to the cart
On
2019-10-28 14:27:06 | INFO | Base_Logging | inner | You have this exception
2019-10-28 14:27:06 | INFO | Base_Logging | inner | Exception in method: check_temp_and_click_product_category
2019-10-28 14:27:06 | INFO | Base_Logging | inner | PYTHON SAYS: 'charmap' codec can't encode character '\u2103' in position 40: character maps to <undefined>
2019-10-28 14:27:06 | INFO | Base_Logging | log_result | FAIL: Failed to click right button
On
2019-10-28 14:27:22 | DEBUG | Base_Logging | get_element | Message: no such element: Unable to locate element: {"method":"xpath","selector":"//span[contains(text(),'item(s)')]"}
  (Session info: chrome=77.0.3865.120)

2019-10-28 14:27:22 | INFO | Base_Logging | get_element | Check your locator-'xpath,//span[contains(text(),'item(s)')]' in the conf/locators.conf file
2019-10-28 14:27:22 | INFO | Base_Logging | get_text | 'NoneType' object has no attribute 'text'
2019-10-28 14:27:22 | INFO | Base_Logging | inner | You have this exception
2019-10-28 14:27:22 | INFO | Base_Logging | inner | Exception in method: check_added_count
2019-10-28 14:27:22 | INFO | Base_Logging | inner | PYTHON SAYS: 'NoneType' object has no attribute 'decode'
2019-10-28 14:27:22 | INFO | Base_Logging | inner | You have this exception
2019-10-28 14:27:22 | INFO | Base_Logging | inner | Exception in method: add_all_items_and_verify_cart
2019-10-28 14:27:22 | INFO | Base_Logging | inner | PYTHON SAYS: unsupported operand type(s) for &=: 'bool' and 'NoneType'
2019-10-28 14:27:23 | INFO | Base_Logging | log_result | FAIL: Failed to add all items to the cart
On
2019-10-28 14:32:39 | DEBUG | Base_Logging | conditional_write | Clicked on Buy sunscreen
2019-10-28 14:32:45 | DEBUG | Base_Logging | conditional_write | The heading of the page is Sunscreens
2019-10-28 14:32:47 | DEBUG | Base_Logging | conditional_write | Landed on Sunscreen screen
2019-10-28 14:32:48 | INFO | Base_Logging | log_result | PASS: Successfully clicked on right button

2019-10-28 14:33:04 | DEBUG | Base_Logging | get_element | Message: no such element: Unable to locate element: {"method":"xpath","selector":"//span[contains(text(),'item(s)')]"}
  (Session info: chrome=77.0.3865.120)

2019-10-28 14:33:04 | INFO | Base_Logging | get_element | Check your locator-'xpath,//span[contains(text(),'item(s)')]' in the conf/locators.conf file
2019-10-28 14:33:04 | INFO | Base_Logging | get_text | 'NoneType' object has no attribute 'text'
2019-10-28 14:33:04 | INFO | Base_Logging | inner | You have this exception
2019-10-28 14:33:04 | INFO | Base_Logging | inner | Exception in method: check_added_count
2019-10-28 14:33:04 | INFO | Base_Logging | inner | PYTHON SAYS: 'NoneType' object has no attribute 'decode'
2019-10-28 14:33:05 | INFO | Base_Logging | inner | You have this exception
2019-10-28 14:33:05 | INFO | Base_Logging | inner | Exception in method: add_all_items_and_verify_cart
2019-10-28 14:33:05 | INFO | Base_Logging | inner | PYTHON SAYS: unsupported operand type(s) for &=: 'bool' and 'NoneType'
2019-10-28 14:33:05 | INFO | Base_Logging | log_result | FAIL: Failed to add all items to the cart
On
2019-10-28 15:30:16 | INFO | Base_Logging | inner | You have this exception
2019-10-28 15:30:16 | INFO | Base_Logging | inner | Exception in method: check_temp_and_click_product_category
2019-10-28 15:30:16 | INFO | Base_Logging | inner | PYTHON SAYS: 'charmap' codec can't encode character '\u2103' in position 40: character maps to <undefined>
2019-10-28 15:30:17 | INFO | Base_Logging | log_result | FAIL: Failed to click right button
On
2019-10-28 15:30:32 | DEBUG | Base_Logging | get_element | Message: no such element: Unable to locate element: {"method":"xpath","selector":"//span[contains(text(),'item(s)')]"}
  (Session info: chrome=77.0.3865.120)

2019-10-28 15:30:32 | INFO | Base_Logging | get_element | Check your locator-'xpath,//span[contains(text(),'item(s)')]' in the conf/locators.conf file
2019-10-28 15:30:32 | INFO | Base_Logging | get_text | 'NoneType' object has no attribute 'text'
2019-10-28 15:30:32 | INFO | Base_Logging | inner | You have this exception
2019-10-28 15:30:32 | INFO | Base_Logging | inner | Exception in method: check_added_count
2019-10-28 15:30:32 | INFO | Base_Logging | inner | PYTHON SAYS: 'NoneType' object has no attribute 'decode'
2019-10-28 15:30:33 | INFO | Base_Logging | inner | You have this exception
2019-10-28 15:30:33 | INFO | Base_Logging | inner | Exception in method: add_all_items_and_verify_cart
2019-10-28 15:30:33 | INFO | Base_Logging | inner | PYTHON SAYS: unsupported operand type(s) for &=: 'bool' and 'NoneType'
2019-10-28 15:30:33 | INFO | Base_Logging | log_result | FAIL: Failed to add all items to the cart
On
2019-10-28 15:35:01 | INFO | Base_Logging | inner | You have this exception
2019-10-28 15:35:01 | INFO | Base_Logging | inner | Exception in method: check_temp_and_click_product_category
2019-10-28 15:35:01 | INFO | Base_Logging | inner | PYTHON SAYS: 'charmap' codec can't encode character '\u2103' in position 40: character maps to <undefined>
2019-10-28 15:35:01 | INFO | Base_Logging | log_result | FAIL: Failed to click right button
On
2019-10-28 15:35:17 | DEBUG | Base_Logging | get_element | Message: no such element: Unable to locate element: {"method":"xpath","selector":"//span[contains(text(),'item(s)')]"}
  (Session info: chrome=77.0.3865.120)

2019-10-28 15:35:17 | INFO | Base_Logging | get_element | Check your locator-'xpath,//span[contains(text(),'item(s)')]' in the conf/locators.conf file
2019-10-28 15:35:17 | INFO | Base_Logging | get_text | 'NoneType' object has no attribute 'text'
2019-10-28 15:35:17 | INFO | Base_Logging | inner | You have this exception
2019-10-28 15:35:17 | INFO | Base_Logging | inner | Exception in method: check_added_count
2019-10-28 15:35:17 | INFO | Base_Logging | inner | PYTHON SAYS: 'NoneType' object has no attribute 'decode'
2019-10-28 15:35:17 | INFO | Base_Logging | inner | You have this exception
2019-10-28 15:35:17 | INFO | Base_Logging | inner | Exception in method: add_all_items_and_verify_cart
2019-10-28 15:35:17 | INFO | Base_Logging | inner | PYTHON SAYS: unsupported operand type(s) for &=: 'bool' and 'NoneType'
2019-10-28 15:35:17 | INFO | Base_Logging | log_result | FAIL: Failed to add all items to the cart
On
2019-10-28 15:37:13 | INFO | Base_Logging | inner | You have this exception
2019-10-28 15:37:13 | INFO | Base_Logging | inner | Exception in method: check_temp_and_click_product_category
2019-10-28 15:37:13 | INFO | Base_Logging | inner | PYTHON SAYS: 'charmap' codec can't encode character '\u2103' in position 40: character maps to <undefined>
2019-10-28 15:37:13 | INFO | Base_Logging | log_result | FAIL: Failed to click right button
On
2019-10-28 15:37:29 | DEBUG | Base_Logging | get_element | Message: no such element: Unable to locate element: {"method":"xpath","selector":"//span[contains(text(),'item(s)')]"}
  (Session info: chrome=77.0.3865.120)

2019-10-28 15:37:29 | INFO | Base_Logging | get_element | Check your locator-'xpath,//span[contains(text(),'item(s)')]' in the conf/locators.conf file
2019-10-28 15:37:29 | INFO | Base_Logging | get_text | 'NoneType' object has no attribute 'text'
2019-10-28 15:37:29 | INFO | Base_Logging | inner | You have this exception
2019-10-28 15:37:29 | INFO | Base_Logging | inner | Exception in method: check_added_count
2019-10-28 15:37:29 | INFO | Base_Logging | inner | PYTHON SAYS: 'NoneType' object has no attribute 'decode'
2019-10-28 15:37:29 | INFO | Base_Logging | inner | You have this exception
2019-10-28 15:37:29 | INFO | Base_Logging | inner | Exception in method: add_all_items_and_verify_cart
2019-10-28 15:37:29 | INFO | Base_Logging | inner | PYTHON SAYS: unsupported operand type(s) for &=: 'bool' and 'NoneType'
2019-10-28 15:37:30 | INFO | Base_Logging | log_result | FAIL: Failed to add all items to the cart
On
2019-10-28 15:38:53 | DEBUG | Base_Logging | conditional_write | Clicked on Buy sunscreen
2019-10-28 15:38:59 | DEBUG | Base_Logging | conditional_write | The heading of the page is Sunscreens
2019-10-28 15:39:01 | DEBUG | Base_Logging | conditional_write | Landed on Sunscreen screen
2019-10-28 15:39:02 | INFO | Base_Logging | log_result | PASS: Successfully clicked on right button

2019-10-28 15:39:17 | DEBUG | Base_Logging | get_element | Message: no such element: Unable to locate element: {"method":"xpath","selector":"//span[contains(text(),'item(s)')]"}
  (Session info: chrome=77.0.3865.120)

2019-10-28 15:39:17 | INFO | Base_Logging | get_element | Check your locator-'xpath,//span[contains(text(),'item(s)')]' in the conf/locators.conf file
2019-10-28 15:39:17 | INFO | Base_Logging | get_text | 'NoneType' object has no attribute 'text'
2019-10-28 15:39:17 | INFO | Base_Logging | inner | You have this exception
2019-10-28 15:39:17 | INFO | Base_Logging | inner | Exception in method: check_added_count
2019-10-28 15:39:17 | INFO | Base_Logging | inner | PYTHON SAYS: 'NoneType' object has no attribute 'decode'
2019-10-28 15:39:17 | INFO | Base_Logging | inner | You have this exception
2019-10-28 15:39:17 | INFO | Base_Logging | inner | Exception in method: add_all_items_and_verify_cart
2019-10-28 15:39:17 | INFO | Base_Logging | inner | PYTHON SAYS: unsupported operand type(s) for &=: 'bool' and 'NoneType'
2019-10-28 15:39:18 | INFO | Base_Logging | log_result | FAIL: Failed to add all items to the cart
On
2019-10-28 15:47:52 | INFO | Base_Logging | inner | You have this exception
2019-10-28 15:47:52 | INFO | Base_Logging | inner | Exception in method: check_temp_and_click_product_category
2019-10-28 15:47:52 | INFO | Base_Logging | inner | PYTHON SAYS: 'charmap' codec can't encode character '\u2103' in position 40: character maps to <undefined>
2019-10-28 15:47:52 | INFO | Base_Logging | log_result | FAIL: Failed to click right button
On
2019-10-28 15:47:57 | DEBUG | Base_Logging | conditional_write | Clicked on add button
2019-10-28 15:48:00 | DEBUG | Base_Logging | conditional_write | Clicked on add button
2019-10-28 15:48:06 | DEBUG | Base_Logging | get_element | Message: no such element: Unable to locate element: {"method":"xpath","selector":"//button[@class='thin text nav-link']"}
  (Session info: chrome=77.0.3865.120)

2019-10-28 15:48:06 | INFO | Base_Logging | get_element | Check your locator-'xpath,//button[@class='thin text nav-link']' in the conf/locators.conf file
2019-10-28 15:48:06 | DEBUG | Base_Logging | conditional_write | Could not click cart button
2019-10-28 15:48:07 | DEBUG | Base_Logging | conditional_write | Could not land on cart screen
2019-10-28 15:48:07 | INFO | Base_Logging | inner | You have this exception
2019-10-28 15:48:07 | INFO | Base_Logging | inner | Exception in method: add_all_items_and_verify_cart
2019-10-28 15:48:07 | INFO | Base_Logging | inner | PYTHON SAYS: name 'a' is not defined
2019-10-28 15:48:07 | INFO | Base_Logging | log_result | FAIL: Failed to add all items to the cart
On
2019-10-28 15:49:50 | INFO | Base_Logging | inner | You have this exception
2019-10-28 15:49:50 | INFO | Base_Logging | inner | Exception in method: check_temp_and_click_product_category
2019-10-28 15:49:50 | INFO | Base_Logging | inner | PYTHON SAYS: 'charmap' codec can't encode character '\u2103' in position 39: character maps to <undefined>
2019-10-28 15:49:50 | INFO | Base_Logging | log_result | FAIL: Failed to click right button
On
2019-10-28 15:49:56 | DEBUG | Base_Logging | conditional_write | Clicked on add button
2019-10-28 15:49:59 | DEBUG | Base_Logging | conditional_write | Clicked on add button
2019-10-28 15:50:06 | DEBUG | Base_Logging | conditional_write | Clicked on cart button
2019-10-28 15:50:06 | DEBUG | Base_Logging | conditional_write | Could not land on cart screen
2019-10-28 15:50:07 | INFO | Base_Logging | inner | You have this exception
2019-10-28 15:50:07 | INFO | Base_Logging | inner | Exception in method: add_all_items_and_verify_cart
2019-10-28 15:50:07 | INFO | Base_Logging | inner | PYTHON SAYS: name 'a' is not defined
2019-10-28 15:50:07 | INFO | Base_Logging | log_result | FAIL: Failed to add all items to the cart
On
2019-10-28 15:51:45 | INFO | Base_Logging | inner | You have this exception
2019-10-28 15:51:45 | INFO | Base_Logging | inner | Exception in method: check_temp_and_click_product_category
2019-10-28 15:51:45 | INFO | Base_Logging | inner | PYTHON SAYS: 'charmap' codec can't encode character '\u2103' in position 40: character maps to <undefined>
2019-10-28 15:51:45 | INFO | Base_Logging | log_result | FAIL: Failed to click right button
On
2019-10-28 15:51:51 | DEBUG | Base_Logging | conditional_write | Clicked on add button
2019-10-28 15:51:54 | DEBUG | Base_Logging | conditional_write | Clicked on add button
2019-10-28 15:52:01 | DEBUG | Base_Logging | conditional_write | Clicked on cart button
2019-10-28 15:52:01 | DEBUG | Base_Logging | conditional_write | Could not land on cart screen
2019-10-28 15:52:02 | INFO | Base_Logging | log_result | FAIL: Failed to add all items to the cart
On
2019-10-28 15:59:19 | DEBUG | Base_Logging | conditional_write | Clicked on Buy sunscreen
2019-10-28 15:59:24 | DEBUG | Base_Logging | conditional_write | The heading of the page is Sunscreens
2019-10-28 15:59:27 | DEBUG | Base_Logging | conditional_write | Landed on Sunscreen screen
2019-10-28 15:59:27 | INFO | Base_Logging | log_result | PASS: Successfully clicked on right button

2019-10-28 15:59:30 | DEBUG | Base_Logging | conditional_write | Clicked on add button
2019-10-28 15:59:33 | DEBUG | Base_Logging | conditional_write | Clicked on add button
2019-10-28 15:59:37 | DEBUG | Base_Logging | conditional_write | Clicked on add button
2019-10-28 15:59:40 | DEBUG | Base_Logging | conditional_write | Clicked on add button
2019-10-28 15:59:43 | DEBUG | Base_Logging | conditional_write | Clicked on add button
2019-10-28 15:59:46 | DEBUG | Base_Logging | conditional_write | Clicked on add button
2019-10-28 15:59:46 | DEBUG | Base_Logging | conditional_write | All items added to the cart
2019-10-28 15:59:53 | DEBUG | Base_Logging | conditional_write | Clicked on cart button
2019-10-28 15:59:53 | DEBUG | Base_Logging | conditional_write | Could not land on cart screen
2019-10-28 15:59:54 | INFO | Base_Logging | log_result | FAIL: Failed to add all items to the cart
On
2019-10-28 16:02:03 | DEBUG | Base_Logging | conditional_write | Clicked on Buy sunscreen
2019-10-28 16:02:09 | DEBUG | Base_Logging | conditional_write | The heading of the page is Sunscreens
2019-10-28 16:02:11 | DEBUG | Base_Logging | conditional_write | Landed on Sunscreen screen
2019-10-28 16:02:12 | INFO | Base_Logging | log_result | PASS: Successfully clicked on right button

2019-10-28 16:02:15 | DEBUG | Base_Logging | conditional_write | Clicked on add button
2019-10-28 16:02:18 | DEBUG | Base_Logging | conditional_write | Clicked on add button
2019-10-28 16:02:21 | DEBUG | Base_Logging | conditional_write | Clicked on add button
2019-10-28 16:02:24 | DEBUG | Base_Logging | conditional_write | Clicked on add button
2019-10-28 16:02:27 | DEBUG | Base_Logging | conditional_write | Clicked on add button
2019-10-28 16:02:30 | DEBUG | Base_Logging | conditional_write | Clicked on add button
2019-10-28 16:02:31 | DEBUG | Base_Logging | conditional_write | All items added to the cart
2019-10-28 16:02:36 | DEBUG | Base_Logging | conditional_write | Clicked on cart button
2019-10-28 16:02:36 | DEBUG | Base_Logging | conditional_write | Could not land on cart screen
2019-10-28 16:02:37 | INFO | Base_Logging | log_result | FAIL: Failed to add all items to the cart
On
2019-10-28 16:08:38 | DEBUG | Base_Logging | conditional_write | Clicked on Buy sunscreen
2019-10-28 16:08:44 | DEBUG | Base_Logging | conditional_write | The heading of the page is Sunscreens
2019-10-28 16:08:46 | DEBUG | Base_Logging | conditional_write | Landed on Sunscreen screen
2019-10-28 16:08:47 | INFO | Base_Logging | log_result | PASS: Successfully clicked on right button

2019-10-28 16:08:50 | DEBUG | Base_Logging | conditional_write | Clicked on add button
2019-10-28 16:08:53 | DEBUG | Base_Logging | conditional_write | Clicked on add button
2019-10-28 16:08:56 | DEBUG | Base_Logging | conditional_write | Clicked on add button
2019-10-28 16:08:59 | DEBUG | Base_Logging | conditional_write | Clicked on add button
2019-10-28 16:09:02 | DEBUG | Base_Logging | conditional_write | Clicked on add button
2019-10-28 16:09:05 | DEBUG | Base_Logging | conditional_write | Clicked on add button
2019-10-28 16:09:05 | DEBUG | Base_Logging | conditional_write | All items added to the cart
2019-10-28 16:09:12 | DEBUG | Base_Logging | conditional_write | Clicked on cart button
2019-10-28 16:09:12 | DEBUG | Base_Logging | conditional_write | Could not land on cart screen
2019-10-28 16:09:12 | INFO | Base_Logging | log_result | FAIL: Failed to add all items to the cart
On
2019-10-28 16:11:09 | INFO | Base_Logging | inner | You have this exception
2019-10-28 16:11:09 | INFO | Base_Logging | inner | Exception in method: check_temp_and_click_product_category
2019-10-28 16:11:09 | INFO | Base_Logging | inner | PYTHON SAYS: 'charmap' codec can't encode character '\u2103' in position 39: character maps to <undefined>
2019-10-28 16:11:09 | INFO | Base_Logging | log_result | FAIL: Failed to click right button
On
2019-10-28 16:11:15 | DEBUG | Base_Logging | conditional_write | Clicked on add button
2019-10-28 16:11:18 | DEBUG | Base_Logging | conditional_write | Clicked on add button
2019-10-28 16:11:25 | DEBUG | Base_Logging | conditional_write | Clicked on cart button
2019-10-28 16:11:25 | DEBUG | Base_Logging | conditional_write | Could not land on cart screen
2019-10-28 16:11:26 | INFO | Base_Logging | log_result | FAIL: Failed to add all items to the cart
On
2019-10-28 16:11:29 | DEBUG | Base_Logging | conditional_write | Clicked on pay with card
2019-10-28 16:11:34 | DEBUG | Base_Logging | get_element | Message: no such element: Unable to locate element: {"method":"xpath","selector":"//input[@type='email']"}
  (Session info: chrome=77.0.3865.120)

2019-10-28 16:11:34 | INFO | Base_Logging | get_element | Check your locator-'xpath,//input[@type='email']' in the conf/locators.conf file
2019-10-28 16:11:34 | DEBUG | Base_Logging | conditional_write | Failed to set the email in the form
2019-10-28 16:11:46 | INFO | Base_Logging | inner | You have this exception
2019-10-28 16:11:46 | INFO | Base_Logging | inner | Exception in method: switch_to_popup_iframe
2019-10-28 16:11:46 | INFO | Base_Logging | inner | PYTHON SAYS: Message: stripe_checkout_app1

2019-10-28 16:11:47 | INFO | Base_Logging | inner | You have this exception
2019-10-28 16:11:47 | INFO | Base_Logging | inner | Exception in method: do_checkout
2019-10-28 16:11:47 | INFO | Base_Logging | inner | PYTHON SAYS: unsupported operand type(s) for &=: 'bool' and 'NoneType'
2019-10-28 16:11:47 | INFO | Base_Logging | log_result | FAIL: Failed to checkout
On
2019-10-28 16:11:47 | INFO | Base_Logging | test_add_all_items_to_cart_and_checkout | Script duration: 51 seconds

2019-10-28 16:11:47 | INFO | Base_Logging | write_test_summary | 

************************
--------RESULT--------
Total number of checks=3
2019-10-28 16:11:47 | INFO | Base_Logging | write_test_summary | Total number of checks passed=0
----------------------
************************


2019-10-28 16:11:47 | INFO | Base_Logging | write_test_summary | Total number of mini-checks=6
2019-10-28 16:11:47 | INFO | Base_Logging | write_test_summary | Total number of mini-checks passed=4
2019-10-28 16:11:47 | INFO | Base_Logging | write_test_summary | 
--------FAILURE SUMMARY--------

2019-10-28 16:11:47 | INFO | Base_Logging | write_test_summary | FAIL: Failed to click right button
On
2019-10-28 16:11:47 | INFO | Base_Logging | write_test_summary | FAIL: Failed to add all items to the cart
On
2019-10-28 16:11:47 | INFO | Base_Logging | write_test_summary | FAIL: Failed to checkout
On
2019-10-28 16:11:47 | INFO | Base_Logging | write_test_summary | 
--------USEFUL EXCEPTION--------

2019-10-28 16:11:47 | INFO | Base_Logging | write_test_summary | 1- Check your locator-'xpath,//input[@type='email']' in the conf/locators.conf file
2019-10-28 16:11:47 | INFO | Base_Logging | write_test_summary | ************************
2019-10-28 16:13:24 | DEBUG | Base_Logging | conditional_write | Clicked on Buy sunscreen
2019-10-28 16:13:29 | DEBUG | Base_Logging | conditional_write | The heading of the page is Sunscreens
2019-10-28 16:13:31 | DEBUG | Base_Logging | conditional_write | Landed on Sunscreen screen
2019-10-28 16:13:32 | INFO | Base_Logging | log_result | PASS: Successfully clicked on right button

2019-10-28 16:13:35 | DEBUG | Base_Logging | conditional_write | Clicked on add button
2019-10-28 16:13:38 | DEBUG | Base_Logging | conditional_write | Clicked on add button
2019-10-28 16:13:41 | DEBUG | Base_Logging | conditional_write | Clicked on add button
2019-10-28 16:13:44 | DEBUG | Base_Logging | conditional_write | Clicked on add button
2019-10-28 16:13:47 | DEBUG | Base_Logging | conditional_write | Clicked on add button
2019-10-28 16:13:50 | DEBUG | Base_Logging | conditional_write | Clicked on add button
2019-10-28 16:13:51 | DEBUG | Base_Logging | conditional_write | All items added to the cart
2019-10-28 16:13:58 | DEBUG | Base_Logging | conditional_write | Clicked on cart button
2019-10-28 16:13:59 | DEBUG | Base_Logging | conditional_write | Could not land on cart screen
2019-10-28 16:13:59 | INFO | Base_Logging | log_result | FAIL: Failed to add all items to the cart
On
2019-10-28 16:14:02 | DEBUG | Base_Logging | conditional_write | Clicked on pay with card
2019-10-28 16:14:15 | INFO | Base_Logging | inner | You have this exception
2019-10-28 16:14:15 | INFO | Base_Logging | inner | Exception in method: switch_to_popup_iframe
2019-10-28 16:14:15 | INFO | Base_Logging | inner | PYTHON SAYS: Message: stripe_checkout_app1

2019-10-28 16:14:15 | INFO | Base_Logging | inner | You have this exception
2019-10-28 16:14:15 | INFO | Base_Logging | inner | Exception in method: do_checkout
2019-10-28 16:14:15 | INFO | Base_Logging | inner | PYTHON SAYS: unsupported operand type(s) for &=: 'bool' and 'NoneType'
2019-10-28 16:14:16 | INFO | Base_Logging | log_result | FAIL: Failed to checkout
On
2019-10-28 16:14:16 | INFO | Base_Logging | test_add_all_items_to_cart_and_checkout | Script duration: 71 seconds

2019-10-28 16:14:16 | INFO | Base_Logging | write_test_summary | 

************************
--------RESULT--------
Total number of checks=3
2019-10-28 16:14:16 | INFO | Base_Logging | write_test_summary | Total number of checks passed=1
----------------------
************************


2019-10-28 16:14:16 | INFO | Base_Logging | write_test_summary | Total number of mini-checks=13
2019-10-28 16:14:16 | INFO | Base_Logging | write_test_summary | Total number of mini-checks passed=12
2019-10-28 16:14:16 | INFO | Base_Logging | write_test_summary | 
--------FAILURE SUMMARY--------

2019-10-28 16:14:16 | INFO | Base_Logging | write_test_summary | FAIL: Failed to add all items to the cart
On
2019-10-28 16:14:16 | INFO | Base_Logging | write_test_summary | FAIL: Failed to checkout
On
2019-10-28 16:14:16 | INFO | Base_Logging | write_test_summary | ************************
2019-10-28 16:15:33 | DEBUG | Base_Logging | conditional_write | Clicked on Buy sunscreen
2019-10-28 16:15:39 | DEBUG | Base_Logging | conditional_write | The heading of the page is Sunscreens
2019-10-28 16:15:41 | DEBUG | Base_Logging | conditional_write | Landed on Sunscreen screen
2019-10-28 16:15:42 | INFO | Base_Logging | log_result | PASS: Successfully clicked on right button

2019-10-28 16:15:45 | DEBUG | Base_Logging | conditional_write | Clicked on add button
2019-10-28 16:15:48 | DEBUG | Base_Logging | conditional_write | Clicked on add button
2019-10-28 16:15:51 | DEBUG | Base_Logging | conditional_write | Clicked on add button
2019-10-28 16:15:54 | DEBUG | Base_Logging | conditional_write | Clicked on add button
2019-10-28 16:15:57 | DEBUG | Base_Logging | conditional_write | Clicked on add button
2019-10-28 16:16:00 | DEBUG | Base_Logging | conditional_write | Clicked on add button
2019-10-28 16:16:00 | DEBUG | Base_Logging | conditional_write | All items added to the cart
2019-10-28 16:16:07 | DEBUG | Base_Logging | conditional_write | Clicked on cart button
2019-10-28 16:16:07 | DEBUG | Base_Logging | conditional_write | Could not land on cart screen
2019-10-28 16:16:08 | INFO | Base_Logging | log_result | FAIL: Failed to add all items to the cart
On
2019-10-28 16:16:11 | DEBUG | Base_Logging | conditional_write | Clicked on pay with card
2019-10-28 16:16:18 | DEBUG | Base_Logging | conditional_write | Switched to Iframe
2019-10-28 16:16:19 | DEBUG | Base_Logging | conditional_write | Set the email to: aqvAoTI%7ANw@a.com
2019-10-28 16:16:20 | DEBUG | Base_Logging | conditional_write | Set the credit card number to: 4242 4242 4242 4242
2019-10-28 16:16:20 | DEBUG | Base_Logging | conditional_write | Set the mm/yy number to: 10/30
2019-10-28 16:16:21 | DEBUG | Base_Logging | conditional_write | Set the cvc number to: 123
2019-10-28 16:16:21 | DEBUG | Base_Logging | conditional_write | Set the zip code number to: 123456
2019-10-28 16:16:25 | DEBUG | Base_Logging | conditional_write | Set the remember me checkbox
2019-10-28 16:16:25 | DEBUG | Base_Logging | conditional_write | Set the phone number to: 9900378310
2019-10-28 16:16:29 | DEBUG | Base_Logging | conditional_write | Clicked on pay button
2019-10-28 16:16:29 | INFO | Base_Logging | inner | You have this exception
2019-10-28 16:16:29 | INFO | Base_Logging | inner | Exception in method: switch_out_from_popup_iframe
2019-10-28 16:16:29 | INFO | Base_Logging | inner | PYTHON SAYS: name 'stripe_checkout_app1' is not defined
2019-10-28 16:16:30 | INFO | Base_Logging | inner | You have this exception
2019-10-28 16:16:30 | INFO | Base_Logging | inner | Exception in method: do_checkout
2019-10-28 16:16:30 | INFO | Base_Logging | inner | PYTHON SAYS: unsupported operand type(s) for &=: 'bool' and 'NoneType'
2019-10-28 16:16:30 | INFO | Base_Logging | log_result | FAIL: Failed to checkout
On
2019-10-28 16:16:30 | INFO | Base_Logging | test_add_all_items_to_cart_and_checkout | Script duration: 76 seconds

2019-10-28 16:16:30 | INFO | Base_Logging | write_test_summary | 

************************
--------RESULT--------
Total number of checks=3
2019-10-28 16:16:30 | INFO | Base_Logging | write_test_summary | Total number of checks passed=1
----------------------
************************


2019-10-28 16:16:30 | INFO | Base_Logging | write_test_summary | Total number of mini-checks=22
2019-10-28 16:16:30 | INFO | Base_Logging | write_test_summary | Total number of mini-checks passed=21
2019-10-28 16:16:30 | INFO | Base_Logging | write_test_summary | 
--------FAILURE SUMMARY--------

2019-10-28 16:16:30 | INFO | Base_Logging | write_test_summary | FAIL: Failed to add all items to the cart
On
2019-10-28 16:16:30 | INFO | Base_Logging | write_test_summary | FAIL: Failed to checkout
On
2019-10-28 16:16:30 | INFO | Base_Logging | write_test_summary | ************************
2019-10-28 16:18:31 | DEBUG | Base_Logging | conditional_write | Clicked on Buy sunscreen
2019-10-28 16:18:36 | DEBUG | Base_Logging | conditional_write | The heading of the page is Sunscreens
2019-10-28 16:18:38 | DEBUG | Base_Logging | conditional_write | Landed on Sunscreen screen
2019-10-28 16:18:39 | INFO | Base_Logging | log_result | PASS: Successfully clicked on right button

2019-10-28 16:18:42 | DEBUG | Base_Logging | conditional_write | Clicked on add button
2019-10-28 16:18:45 | DEBUG | Base_Logging | conditional_write | Clicked on add button
2019-10-28 16:18:48 | DEBUG | Base_Logging | conditional_write | Clicked on add button
2019-10-28 16:18:51 | DEBUG | Base_Logging | conditional_write | Clicked on add button
2019-10-28 16:18:54 | DEBUG | Base_Logging | conditional_write | Clicked on add button
2019-10-28 16:18:57 | DEBUG | Base_Logging | conditional_write | Clicked on add button
2019-10-28 16:18:58 | DEBUG | Base_Logging | conditional_write | All items added to the cart
2019-10-28 16:19:03 | DEBUG | Base_Logging | conditional_write | Clicked on cart button
2019-10-28 16:19:03 | DEBUG | Base_Logging | conditional_write | Could not land on cart screen
2019-10-28 16:19:04 | INFO | Base_Logging | log_result | FAIL: Failed to add all items to the cart
On
2019-10-28 16:19:07 | DEBUG | Base_Logging | conditional_write | Clicked on pay with card
2019-10-28 16:19:14 | DEBUG | Base_Logging | conditional_write | Switched to Iframe
2019-10-28 16:19:15 | DEBUG | Base_Logging | conditional_write | Set the email to: aqMIe;ovMm_y@a.com
2019-10-28 16:19:16 | DEBUG | Base_Logging | conditional_write | Set the credit card number to: 4242 4242 4242 4242
2019-10-28 16:19:16 | DEBUG | Base_Logging | conditional_write | Set the mm/yy number to: 10/30
2019-10-28 16:19:17 | DEBUG | Base_Logging | conditional_write | Set the cvc number to: 123
2019-10-28 16:19:17 | DEBUG | Base_Logging | conditional_write | Set the zip code number to: 123456
2019-10-28 16:19:21 | DEBUG | Base_Logging | conditional_write | Set the remember me checkbox
2019-10-28 16:19:26 | DEBUG | Base_Logging | get_element | Message: no such element: Unable to locate element: {"method":"xpath","selector":"//*[contains(@class,'Fieldset-input Textbox-control')][1]/following::*[contains(@value,'+91')]"}
  (Session info: chrome=77.0.3865.120)

2019-10-28 16:19:26 | INFO | Base_Logging | get_element | Check your locator-'xpath,//*[contains(@class,'Fieldset-input Textbox-control')][1]/following::*[contains(@value,'+91')]' in the conf/locators.conf file
2019-10-28 16:19:26 | DEBUG | Base_Logging | conditional_write | Failed to set the phone in the form
2019-10-28 16:19:30 | DEBUG | Base_Logging | conditional_write | Clicked on pay button
2019-10-28 16:19:32 | DEBUG | Base_Logging | conditional_write | Switched back from Iframe
2019-10-28 16:19:32 | DEBUG | Base_Logging | conditional_write | Could not land on confirmation screen
2019-10-28 16:19:33 | INFO | Base_Logging | log_result | FAIL: Failed to checkout
On
2019-10-28 16:19:33 | INFO | Base_Logging | test_add_all_items_to_cart_and_checkout | Script duration: 81 seconds

2019-10-28 16:19:33 | INFO | Base_Logging | write_test_summary | 

************************
--------RESULT--------
Total number of checks=3
2019-10-28 16:19:33 | INFO | Base_Logging | write_test_summary | Total number of checks passed=1
----------------------
************************


2019-10-28 16:19:33 | INFO | Base_Logging | write_test_summary | Total number of mini-checks=24
2019-10-28 16:19:33 | INFO | Base_Logging | write_test_summary | Total number of mini-checks passed=21
2019-10-28 16:19:33 | INFO | Base_Logging | write_test_summary | 
--------FAILURE SUMMARY--------

2019-10-28 16:19:33 | INFO | Base_Logging | write_test_summary | FAIL: Failed to add all items to the cart
On
2019-10-28 16:19:33 | INFO | Base_Logging | write_test_summary | FAIL: Failed to checkout
On
2019-10-28 16:19:33 | INFO | Base_Logging | write_test_summary | 
--------USEFUL EXCEPTION--------

2019-10-28 16:19:33 | INFO | Base_Logging | write_test_summary | 1- Check your locator-'xpath,//*[contains(@class,'Fieldset-input Textbox-control')][1]/following::*[contains(@value,'+91')]' in the conf/locators.conf file
2019-10-28 16:19:33 | INFO | Base_Logging | write_test_summary | ************************
2019-10-28 16:44:41 | DEBUG | Base_Logging | conditional_write | Clicked on Buy sunscreen
2019-10-28 16:44:53 | DEBUG | Base_Logging | get_element | Message: no such element: Unable to locate element: {"method":"xpath","selector":"//h2[contains(text(),'Sunscreens')]"}
  (Session info: chrome=77.0.3865.120)

2019-10-28 16:44:53 | INFO | Base_Logging | get_element | Check your locator-'xpath,//h2[contains(text(),'Sunscreens')]' in the conf/locators.conf file
2019-10-28 16:44:53 | INFO | Base_Logging | get_text | 'NoneType' object has no attribute 'text'
2019-10-28 16:44:53 | INFO | Base_Logging | inner | You have this exception
2019-10-28 16:44:53 | INFO | Base_Logging | inner | Exception in method: get_page_heading
2019-10-28 16:44:53 | INFO | Base_Logging | inner | PYTHON SAYS: 'NoneType' object has no attribute 'decode'
2019-10-28 16:44:54 | INFO | Base_Logging | inner | You have this exception
2019-10-28 16:44:54 | INFO | Base_Logging | inner | Exception in method: check_redirect_sunscreen
2019-10-28 16:44:54 | INFO | Base_Logging | inner | PYTHON SAYS: 'NoneType' object is not subscriptable
2019-10-28 16:44:54 | INFO | Base_Logging | inner | You have this exception
2019-10-28 16:44:54 | INFO | Base_Logging | inner | Exception in method: check_temp_and_click_product_category
2019-10-28 16:44:54 | INFO | Base_Logging | inner | PYTHON SAYS: unsupported operand type(s) for &=: 'bool' and 'NoneType'
2019-10-28 16:44:55 | INFO | Base_Logging | log_result | FAIL: Failed to click right button
On
2019-10-28 16:45:06 | INFO | Base_Logging | get_text | 'NoneType' object has no attribute 'text'
2019-10-28 16:45:06 | INFO | Base_Logging | inner | You have this exception
2019-10-28 16:45:06 | INFO | Base_Logging | inner | Exception in method: check_added_count
2019-10-28 16:45:06 | INFO | Base_Logging | inner | PYTHON SAYS: 'NoneType' object has no attribute 'decode'
2019-10-28 16:45:06 | INFO | Base_Logging | inner | You have this exception
2019-10-28 16:45:06 | INFO | Base_Logging | inner | Exception in method: add_all_items_and_verify_cart
2019-10-28 16:45:06 | INFO | Base_Logging | inner | PYTHON SAYS: Message: no such window: target window already closed
from unknown error: web view not found
  (Session info: chrome=77.0.3865.120)

2019-10-28 16:59:24 | DEBUG | Base_Logging | conditional_write | Clicked on Buy sunscreen
2019-10-28 16:59:29 | DEBUG | Base_Logging | conditional_write | The heading of the page is Sunscreens
2019-10-28 16:59:32 | DEBUG | Base_Logging | conditional_write | Landed on Sunscreen screen
2019-10-28 16:59:32 | INFO | Base_Logging | log_result | PASS: Successfully clicked on right button

2019-10-28 16:59:35 | DEBUG | Base_Logging | conditional_write | Clicked on add button
2019-10-28 16:59:38 | DEBUG | Base_Logging | conditional_write | Clicked on add button
2019-10-28 16:59:41 | DEBUG | Base_Logging | conditional_write | Clicked on add button
2019-10-28 16:59:44 | DEBUG | Base_Logging | conditional_write | Clicked on add button
2019-10-28 16:59:47 | DEBUG | Base_Logging | conditional_write | Clicked on add button
2019-10-28 16:59:50 | DEBUG | Base_Logging | conditional_write | Clicked on add button
2019-10-28 16:59:51 | DEBUG | Base_Logging | conditional_write | All items added to the cart
2019-10-28 16:59:56 | DEBUG | Base_Logging | conditional_write | Clicked on cart button
2019-10-28 16:59:56 | DEBUG | Base_Logging | conditional_write | Could not land on cart screen
2019-10-28 16:59:57 | INFO | Base_Logging | log_result | FAIL: Failed to add all items to the cart
On
2019-10-28 17:00:00 | DEBUG | Base_Logging | conditional_write | Clicked on pay with card
2019-10-28 17:00:07 | DEBUG | Base_Logging | conditional_write | Switched to Iframe
2019-10-28 17:00:08 | DEBUG | Base_Logging | conditional_write | Set the email to: aqvE2oIlk)(X@a.com
2019-10-28 17:00:09 | DEBUG | Base_Logging | conditional_write | Set the credit card number to: 4242 4242 4242 4242
2019-10-28 17:00:09 | DEBUG | Base_Logging | conditional_write | Set the mm/yy number to: 10/30
2019-10-28 17:00:10 | DEBUG | Base_Logging | conditional_write | Set the cvc number to: 123
2019-10-28 17:00:10 | DEBUG | Base_Logging | conditional_write | Set the zip code number to: 123456
2019-10-28 17:00:14 | DEBUG | Base_Logging | conditional_write | Set the remember me checkbox
2019-10-28 17:00:19 | DEBUG | Base_Logging | get_element | Message: no such element: Unable to locate element: {"method":"xpath","selector":"//*[contains(@class,'Fieldset-input Textbox-control')][1]/following::*[contains(@value,'+91')]"}
  (Session info: chrome=77.0.3865.120)

2019-10-28 17:00:19 | INFO | Base_Logging | get_element | Check your locator-'xpath,//*[contains(@class,'Fieldset-input Textbox-control')][1]/following::*[contains(@value,'+91')]' in the conf/locators.conf file
2019-10-28 17:00:19 | DEBUG | Base_Logging | conditional_write | Failed to set the phone in the form
2019-10-28 17:00:23 | DEBUG | Base_Logging | conditional_write | Clicked on pay button
2019-10-28 17:00:25 | DEBUG | Base_Logging | conditional_write | Switched back from Iframe
2019-10-28 17:00:26 | DEBUG | Base_Logging | conditional_write | Could not land on confirmation screen
2019-10-28 17:00:26 | INFO | Base_Logging | log_result | FAIL: Failed to checkout
On
2019-10-28 17:00:26 | INFO | Base_Logging | test_add_all_items_to_cart_and_checkout | Script duration: 81 seconds

2019-10-28 17:00:26 | INFO | Base_Logging | write_test_summary | 

************************
--------RESULT--------
Total number of checks=3
2019-10-28 17:00:26 | INFO | Base_Logging | write_test_summary | Total number of checks passed=1
----------------------
************************


2019-10-28 17:00:26 | INFO | Base_Logging | write_test_summary | Total number of mini-checks=24
2019-10-28 17:00:26 | INFO | Base_Logging | write_test_summary | Total number of mini-checks passed=21
2019-10-28 17:00:26 | INFO | Base_Logging | write_test_summary | 
--------FAILURE SUMMARY--------

2019-10-28 17:00:26 | INFO | Base_Logging | write_test_summary | FAIL: Failed to add all items to the cart
On
2019-10-28 17:00:26 | INFO | Base_Logging | write_test_summary | FAIL: Failed to checkout
On
2019-10-28 17:00:26 | INFO | Base_Logging | write_test_summary | 
--------USEFUL EXCEPTION--------

2019-10-28 17:00:26 | INFO | Base_Logging | write_test_summary | 1- Check your locator-'xpath,//*[contains(@class,'Fieldset-input Textbox-control')][1]/following::*[contains(@value,'+91')]' in the conf/locators.conf file
2019-10-28 17:00:26 | INFO | Base_Logging | write_test_summary | ************************
2019-10-29 20:00:30 | DEBUG | Base_Logging | conditional_write | Clicked on Buy sunscreen
2019-10-29 20:00:36 | DEBUG | Base_Logging | conditional_write | The heading of the page is Sunscreens
2019-10-29 20:00:38 | DEBUG | Base_Logging | conditional_write | Landed on Sunscreen screen
2019-10-29 20:00:39 | INFO | Base_Logging | log_result | PASS: Successfully clicked on right button

2019-10-29 20:00:42 | DEBUG | Base_Logging | conditional_write | Clicked on add button
2019-10-29 20:00:50 | DEBUG | Base_Logging | conditional_write | Clicked on cart button
2019-10-29 20:00:53 | DEBUG | Base_Logging | conditional_write | Landed on cart screen
2019-10-29 20:00:53 | INFO | Base_Logging | log_result | FAIL: Failed to add all items to the cart
On
2019-10-29 20:00:56 | DEBUG | Base_Logging | conditional_write | Clicked on pay with card
2019-10-29 20:01:04 | DEBUG | Base_Logging | conditional_write | Switched to Iframe
2019-10-29 20:01:05 | DEBUG | Base_Logging | conditional_write | Set the email to: aqdbvQv[7C}$@a.com
2019-10-29 20:01:07 | DEBUG | Base_Logging | conditional_write | Set the credit card number to: 4242 4242 4242 4242
2019-10-29 20:01:08 | DEBUG | Base_Logging | conditional_write | Set the mm/yy number to: 10/30
2019-10-29 20:01:08 | DEBUG | Base_Logging | conditional_write | Set the cvc number to: 123
2019-10-29 20:01:09 | DEBUG | Base_Logging | conditional_write | Set the zip code number to: 123456
2019-10-29 20:01:13 | DEBUG | Base_Logging | conditional_write | Set the remember me checkbox
2019-10-29 20:01:14 | DEBUG | Base_Logging | conditional_write | Set the phone number to: 9900378310
2019-10-29 20:01:17 | DEBUG | Base_Logging | conditional_write | Clicked on pay button
2019-10-29 20:01:20 | DEBUG | Base_Logging | conditional_write | Switched back from Iframe
2019-10-29 20:01:20 | DEBUG | Base_Logging | conditional_write | Landed on confirmation screen
2019-10-29 20:01:21 | INFO | Base_Logging | log_result | PASS: Successfully checkout is completed

2019-10-29 20:01:21 | INFO | Base_Logging | test_add_all_items_to_cart_and_checkout | Script duration: 70 seconds

2019-10-29 20:01:21 | INFO | Base_Logging | write_test_summary | 

************************
--------RESULT--------
Total number of checks=3
2019-10-29 20:01:21 | INFO | Base_Logging | write_test_summary | Total number of checks passed=2
----------------------
************************


2019-10-29 20:01:21 | INFO | Base_Logging | write_test_summary | Total number of mini-checks=18
2019-10-29 20:01:21 | INFO | Base_Logging | write_test_summary | Total number of mini-checks passed=18
2019-10-29 20:01:21 | INFO | Base_Logging | write_test_summary | 
--------FAILURE SUMMARY--------

2019-10-29 20:01:21 | INFO | Base_Logging | write_test_summary | FAIL: Failed to add all items to the cart
On
2019-10-29 20:01:21 | INFO | Base_Logging | write_test_summary | ************************
2019-10-29 20:01:46 | DEBUG | Base_Logging | conditional_write | Most expensive item array is created
2019-10-29 20:01:49 | DEBUG | Base_Logging | conditional_write | Clicked on add of most expensive sunscreen
2019-10-29 20:01:58 | DEBUG | Base_Logging | conditional_write | Clicked on cart button
2019-10-29 20:02:01 | DEBUG | Base_Logging | conditional_write | Landed on cart screen
2019-10-29 20:02:01 | INFO | Base_Logging | log_result | PASS: Selected the most expensive sunscreen

2019-10-29 20:02:01 | INFO | Base_Logging | test_most_expensive_sunscreen | Script duration: 35 seconds

2019-10-29 20:02:01 | INFO | Base_Logging | write_test_summary | 

************************
--------RESULT--------
Total number of checks=1
2019-10-29 20:02:01 | INFO | Base_Logging | write_test_summary | Total number of checks passed=1
----------------------
************************


2019-10-29 20:02:01 | INFO | Base_Logging | write_test_summary | Total number of mini-checks=4
2019-10-29 20:02:01 | INFO | Base_Logging | write_test_summary | Total number of mini-checks passed=4
2019-10-29 20:02:01 | INFO | Base_Logging | write_test_summary | ************************
2019-10-29 20:02:28 | DEBUG | Base_Logging | conditional_write | SPF-50 sunscreens are added to the array
2019-10-29 20:02:28 | DEBUG | Base_Logging | conditional_write | SPF-50 sunscreens are added to the array
2019-10-29 20:02:28 | DEBUG | Base_Logging | conditional_write | SPF-50 sunscreens are added to the array
2019-10-29 20:02:34 | DEBUG | Base_Logging | conditional_write | SPF-30 sunscreens are added to the array
2019-10-29 20:02:34 | DEBUG | Base_Logging | conditional_write | SPF-30 sunscreens are added to the array
2019-10-29 20:02:38 | DEBUG | Base_Logging | conditional_write | Clicked on SPF-50 sunscreen add button
2019-10-29 20:02:41 | DEBUG | Base_Logging | conditional_write | Clicked on SPF-30 sunscreen add button
2019-10-29 20:02:49 | DEBUG | Base_Logging | conditional_write | Clicked on cart button
2019-10-29 20:02:51 | DEBUG | Base_Logging | conditional_write | Landed on cart screen
2019-10-29 20:02:52 | INFO | Base_Logging | log_result | PASS: Selected 2 least expensive sunscreens

2019-10-29 20:02:52 | INFO | Base_Logging | test_select_2_least_expensive_sunscreens | Script duration: 45 seconds

2019-10-29 20:02:52 | INFO | Base_Logging | write_test_summary | 

************************
--------RESULT--------
Total number of checks=1
2019-10-29 20:02:52 | INFO | Base_Logging | write_test_summary | Total number of checks passed=1
----------------------
************************


2019-10-29 20:02:52 | INFO | Base_Logging | write_test_summary | Total number of mini-checks=9
2019-10-29 20:02:52 | INFO | Base_Logging | write_test_summary | Total number of mini-checks passed=9
2019-10-29 20:02:52 | INFO | Base_Logging | write_test_summary | ************************
2019-10-29 20:30:25 | INFO | Base_Logging | inner | You have this exception
2019-10-29 20:30:25 | INFO | Base_Logging | inner | Exception in method: check_temp_and_click_product_category
2019-10-29 20:30:25 | INFO | Base_Logging | inner | PYTHON SAYS: 'charmap' codec can't encode character '\u2103' in position 40: character maps to <undefined>
2019-10-29 20:30:26 | INFO | Base_Logging | log_result | FAIL: Failed to click right button
On
2019-10-29 20:30:31 | DEBUG | Base_Logging | conditional_write | Clicked on add button
2019-10-29 20:30:37 | DEBUG | Base_Logging | get_element | Message: no such element: Unable to locate element: {"method":"xpath","selector":"//span[contains(text(),'item(s)')]"}
  (Session info: chrome=77.0.3865.120)

2019-10-29 20:30:37 | INFO | Base_Logging | get_element | Check your locator-'xpath,//span[contains(text(),'item(s)')]' in the conf/locators.conf file
2019-10-29 20:30:37 | INFO | Base_Logging | get_text | 'NoneType' object has no attribute 'text'
2019-10-29 20:30:37 | INFO | Base_Logging | inner | You have this exception
2019-10-29 20:30:37 | INFO | Base_Logging | inner | Exception in method: check_added_count
2019-10-29 20:30:37 | INFO | Base_Logging | inner | PYTHON SAYS: 'NoneType' object has no attribute 'decode'
2019-10-29 20:30:37 | INFO | Base_Logging | inner | You have this exception
2019-10-29 20:30:37 | INFO | Base_Logging | inner | Exception in method: add_all_items_and_verify_cart
2019-10-29 20:30:38 | INFO | Base_Logging | inner | PYTHON SAYS: unsupported operand type(s) for &=: 'bool' and 'NoneType'
2019-10-29 20:30:38 | INFO | Base_Logging | log_result | FAIL: Failed to add all items to the cart
On
2019-10-29 20:30:43 | DEBUG | Base_Logging | get_element | Message: no such element: Unable to locate element: {"method":"xpath","selector":"//button[@type='submit']"}
  (Session info: chrome=77.0.3865.120)

2019-10-29 20:30:43 | INFO | Base_Logging | get_element | Check your locator-'xpath,//button[@type='submit']' in the conf/locators.conf file
2019-10-29 20:30:43 | DEBUG | Base_Logging | conditional_write | Could not click pay with card button
2019-10-29 20:30:56 | INFO | Base_Logging | inner | You have this exception
2019-10-29 20:30:56 | INFO | Base_Logging | inner | Exception in method: switch_to_popup_iframe
2019-10-29 20:30:56 | INFO | Base_Logging | inner | PYTHON SAYS: Message: stripe_checkout_app

2019-10-29 20:30:56 | INFO | Base_Logging | inner | You have this exception
2019-10-29 20:30:56 | INFO | Base_Logging | inner | Exception in method: do_checkout
2019-10-29 20:30:56 | INFO | Base_Logging | inner | PYTHON SAYS: unsupported operand type(s) for &=: 'bool' and 'NoneType'
2019-10-29 20:30:57 | INFO | Base_Logging | log_result | FAIL: Failed to checkout
On
2019-10-29 20:30:57 | INFO | Base_Logging | test_add_all_items_to_cart_and_checkout | Script duration: 45 seconds

2019-10-29 20:30:57 | INFO | Base_Logging | write_test_summary | 

************************
--------RESULT--------
Total number of checks=3
2019-10-29 20:30:57 | INFO | Base_Logging | write_test_summary | Total number of checks passed=0
----------------------
************************


2019-10-29 20:30:57 | INFO | Base_Logging | write_test_summary | Total number of mini-checks=2
2019-10-29 20:30:57 | INFO | Base_Logging | write_test_summary | Total number of mini-checks passed=1
2019-10-29 20:30:57 | INFO | Base_Logging | write_test_summary | 
--------FAILURE SUMMARY--------

2019-10-29 20:30:57 | INFO | Base_Logging | write_test_summary | FAIL: Failed to click right button
On
2019-10-29 20:30:57 | INFO | Base_Logging | write_test_summary | FAIL: Failed to add all items to the cart
On
2019-10-29 20:30:57 | INFO | Base_Logging | write_test_summary | FAIL: Failed to checkout
On
2019-10-29 20:30:57 | INFO | Base_Logging | write_test_summary | 
--------USEFUL EXCEPTION--------

2019-10-29 20:30:57 | INFO | Base_Logging | write_test_summary | 1- Error when getting text from the path-'xpath,//span[contains(text(),'item(s)')]' in the conf/locators.conf file
2019-10-29 20:30:57 | INFO | Base_Logging | write_test_summary | 2- Check your locator-'xpath,//span[contains(text(),'item(s)')]' in the conf/locators.conf file
2019-10-29 20:30:57 | INFO | Base_Logging | write_test_summary | 3- Check your locator-'xpath,//button[@type='submit']' in the conf/locators.conf file
2019-10-29 20:30:57 | INFO | Base_Logging | write_test_summary | ************************
2019-10-29 20:31:20 | DEBUG | Base_Logging | conditional_write | Clicked on add moisturizer button
2019-10-29 20:31:23 | DEBUG | Base_Logging | conditional_write | Clicked on add moisturizer button
2019-10-29 20:31:26 | DEBUG | Base_Logging | conditional_write | Clicked on add moisturizer button
2019-10-29 20:31:29 | DEBUG | Base_Logging | conditional_write | Clicked on add moisturizer button
2019-10-29 20:31:32 | DEBUG | Base_Logging | conditional_write | Clicked on add moisturizer button
2019-10-29 20:31:35 | DEBUG | Base_Logging | conditional_write | Clicked on add moisturizer button
2019-10-29 20:31:36 | DEBUG | Base_Logging | conditional_write | All items added to the cart
2019-10-29 20:31:37 | INFO | Base_Logging | log_result | PASS: All moisturizers added successfully to the cart

2019-10-29 20:31:37 | INFO | Base_Logging | test_add_all_moiturizers_to_cart | Script duration: 35 seconds

2019-10-29 20:31:37 | INFO | Base_Logging | write_test_summary | 

************************
--------RESULT--------
Total number of checks=1
2019-10-29 20:31:37 | INFO | Base_Logging | write_test_summary | Total number of checks passed=1
----------------------
************************


2019-10-29 20:31:37 | INFO | Base_Logging | write_test_summary | Total number of mini-checks=7
2019-10-29 20:31:37 | INFO | Base_Logging | write_test_summary | Total number of mini-checks passed=7
2019-10-29 20:31:37 | INFO | Base_Logging | write_test_summary | ************************
2019-10-29 20:32:03 | DEBUG | Base_Logging | conditional_write | Most expensive item array is created
2019-10-29 20:32:06 | DEBUG | Base_Logging | conditional_write | Clicked on add of most expensive sunscreen
2019-10-29 20:32:14 | DEBUG | Base_Logging | conditional_write | Clicked on cart button
2019-10-29 20:32:17 | DEBUG | Base_Logging | conditional_write | Landed on cart screen
2019-10-29 20:32:17 | INFO | Base_Logging | log_result | PASS: Selected the most expensive sunscreen

2019-10-29 20:32:17 | INFO | Base_Logging | test_most_expensive_sunscreen | Script duration: 35 seconds

2019-10-29 20:32:17 | INFO | Base_Logging | write_test_summary | 

************************
--------RESULT--------
Total number of checks=1
2019-10-29 20:32:17 | INFO | Base_Logging | write_test_summary | Total number of checks passed=1
----------------------
************************


2019-10-29 20:32:17 | INFO | Base_Logging | write_test_summary | Total number of mini-checks=4
2019-10-29 20:32:17 | INFO | Base_Logging | write_test_summary | Total number of mini-checks passed=4
2019-10-29 20:32:17 | INFO | Base_Logging | write_test_summary | ************************
2019-10-29 20:32:44 | DEBUG | Base_Logging | conditional_write | SPF-50 sunscreens are added to the array
2019-10-29 20:32:44 | DEBUG | Base_Logging | conditional_write | SPF-50 sunscreens are added to the array
2019-10-29 20:32:44 | DEBUG | Base_Logging | conditional_write | SPF-50 sunscreens are added to the array
2019-10-29 20:32:49 | DEBUG | Base_Logging | conditional_write | SPF-30 sunscreens are added to the array
2019-10-29 20:32:49 | DEBUG | Base_Logging | conditional_write | SPF-30 sunscreens are added to the array
2019-10-29 20:32:53 | DEBUG | Base_Logging | conditional_write | Clicked on SPF-50 sunscreen add button
2019-10-29 20:32:57 | DEBUG | Base_Logging | conditional_write | Clicked on SPF-30 sunscreen add button
2019-10-29 20:33:05 | DEBUG | Base_Logging | conditional_write | Clicked on cart button
2019-10-29 20:33:07 | DEBUG | Base_Logging | conditional_write | Landed on cart screen
2019-10-29 20:33:08 | INFO | Base_Logging | log_result | PASS: Selected 2 least expensive sunscreens

2019-10-29 20:33:08 | INFO | Base_Logging | test_select_2_least_expensive_sunscreens | Script duration: 45 seconds

2019-10-29 20:33:08 | INFO | Base_Logging | write_test_summary | 

************************
--------RESULT--------
Total number of checks=1
2019-10-29 20:33:08 | INFO | Base_Logging | write_test_summary | Total number of checks passed=1
----------------------
************************


2019-10-29 20:33:08 | INFO | Base_Logging | write_test_summary | Total number of mini-checks=9
2019-10-29 20:33:08 | INFO | Base_Logging | write_test_summary | Total number of mini-checks passed=9
2019-10-29 20:33:08 | INFO | Base_Logging | write_test_summary | ************************
2019-10-29 20:35:27 | DEBUG | Base_Logging | conditional_write | Clicked on Buy sunscreen
2019-10-29 20:35:33 | DEBUG | Base_Logging | conditional_write | The heading of the page is Sunscreens
2019-10-29 20:35:35 | DEBUG | Base_Logging | conditional_write | Landed on Sunscreen screen
2019-10-29 20:35:36 | INFO | Base_Logging | log_result | PASS: Successfully clicked on right button

2019-10-29 20:35:39 | DEBUG | Base_Logging | conditional_write | Clicked on add button
2019-10-29 20:35:40 | DEBUG | Base_Logging | conditional_write | One items added to the cart
2019-10-29 20:35:46 | DEBUG | Base_Logging | conditional_write | Clicked on cart button
2019-10-29 20:35:48 | DEBUG | Base_Logging | conditional_write | Landed on cart screen
2019-10-29 20:35:49 | INFO | Base_Logging | log_result | PASS: All items added successfully to the cart

2019-10-29 20:35:52 | DEBUG | Base_Logging | conditional_write | Clicked on pay with card
2019-10-29 20:36:00 | DEBUG | Base_Logging | conditional_write | Switched to Iframe
2019-10-29 20:36:01 | DEBUG | Base_Logging | conditional_write | Set the email to: aqZN*!0O:7Ih@a.com
2019-10-29 20:36:02 | DEBUG | Base_Logging | conditional_write | Set the credit card number to: 4242 4242 4242 4242
2019-10-29 20:36:03 | DEBUG | Base_Logging | conditional_write | Set the mm/yy number to: 10/30
2019-10-29 20:36:04 | DEBUG | Base_Logging | conditional_write | Set the cvc number to: 123
2019-10-29 20:36:05 | DEBUG | Base_Logging | conditional_write | Set the zip code number to: 123456
2019-10-29 20:36:09 | DEBUG | Base_Logging | conditional_write | Set the remember me checkbox
2019-10-29 20:36:14 | DEBUG | Base_Logging | get_element | Message: no such element: Unable to locate element: {"method":"xpath","selector":"//*[contains(@class,'Fieldset-input Textbox-control')][1]/following::*[contains(@value,'+91')]"}
  (Session info: chrome=77.0.3865.120)

2019-10-29 20:36:14 | INFO | Base_Logging | get_element | Check your locator-'xpath,//*[contains(@class,'Fieldset-input Textbox-control')][1]/following::*[contains(@value,'+91')]' in the conf/locators.conf file
2019-10-29 20:36:14 | DEBUG | Base_Logging | conditional_write | Failed to set the phone in the form
2019-10-29 20:36:18 | DEBUG | Base_Logging | conditional_write | Clicked on pay button
2019-10-29 20:36:20 | DEBUG | Base_Logging | conditional_write | Switched back from Iframe
2019-10-29 20:36:21 | DEBUG | Base_Logging | conditional_write | Could not land on confirmation screen
2019-10-29 20:36:22 | INFO | Base_Logging | log_result | FAIL: Failed to checkout
On
2019-10-29 20:36:22 | INFO | Base_Logging | test_add_all_items_to_cart_and_checkout | Script duration: 74 seconds

2019-10-29 20:36:22 | INFO | Base_Logging | write_test_summary | 

************************
--------RESULT--------
Total number of checks=3
2019-10-29 20:36:22 | INFO | Base_Logging | write_test_summary | Total number of checks passed=2
----------------------
************************


2019-10-29 20:36:22 | INFO | Base_Logging | write_test_summary | Total number of mini-checks=19
2019-10-29 20:36:22 | INFO | Base_Logging | write_test_summary | Total number of mini-checks passed=17
2019-10-29 20:36:22 | INFO | Base_Logging | write_test_summary | 
--------FAILURE SUMMARY--------

2019-10-29 20:36:22 | INFO | Base_Logging | write_test_summary | FAIL: Failed to checkout
On
2019-10-29 20:36:22 | INFO | Base_Logging | write_test_summary | 
--------USEFUL EXCEPTION--------

2019-10-29 20:36:22 | INFO | Base_Logging | write_test_summary | 1- Check your locator-'xpath,//*[contains(@class,'Fieldset-input Textbox-control')][1]/following::*[contains(@value,'+91')]' in the conf/locators.conf file
2019-10-29 20:36:22 | INFO | Base_Logging | write_test_summary | ************************
2019-10-29 20:39:02 | DEBUG | Base_Logging | conditional_write | Clicked on Buy sunscreen
2019-10-29 20:39:08 | DEBUG | Base_Logging | conditional_write | The heading of the page is Sunscreens
2019-10-29 20:39:10 | DEBUG | Base_Logging | conditional_write | Landed on Sunscreen screen
2019-10-29 20:39:11 | INFO | Base_Logging | log_result | PASS: Successfully clicked on right button

2019-10-29 20:39:14 | DEBUG | Base_Logging | conditional_write | Clicked on add button
2019-10-29 20:39:15 | DEBUG | Base_Logging | conditional_write | One items added to the cart
2019-10-29 20:39:22 | DEBUG | Base_Logging | conditional_write | Clicked on cart button
2019-10-29 20:39:24 | DEBUG | Base_Logging | conditional_write | Landed on cart screen
2019-10-29 20:39:25 | INFO | Base_Logging | log_result | PASS: All items added successfully to the cart

2019-10-29 20:39:28 | DEBUG | Base_Logging | conditional_write | Clicked on pay with card
2019-10-29 20:39:35 | DEBUG | Base_Logging | conditional_write | Switched to Iframe
2019-10-29 20:39:36 | DEBUG | Base_Logging | conditional_write | Set the email to: aq:BM%qOLYyn@a.com
2019-10-29 20:39:37 | DEBUG | Base_Logging | conditional_write | Set the credit card number to: 4242 4242 4242 4242
2019-10-29 20:39:38 | DEBUG | Base_Logging | conditional_write | Set the mm/yy number to: 10/30
2019-10-29 20:39:39 | DEBUG | Base_Logging | conditional_write | Set the cvc number to: 123
2019-10-29 20:39:39 | DEBUG | Base_Logging | conditional_write | Set the zip code number to: 123456
2019-10-29 20:39:43 | DEBUG | Base_Logging | conditional_write | Set the remember me checkbox
2019-10-29 20:39:44 | DEBUG | Base_Logging | conditional_write | Set the phone number to: 121325345
2019-10-29 20:39:47 | DEBUG | Base_Logging | conditional_write | Clicked on pay button
2019-10-29 20:39:50 | DEBUG | Base_Logging | conditional_write | Switched back from Iframe
2019-10-29 20:39:50 | DEBUG | Base_Logging | conditional_write | Landed on confirmation screen
2019-10-29 20:39:51 | INFO | Base_Logging | log_result | PASS: Successfully checkout is completed

2019-10-29 20:39:51 | INFO | Base_Logging | test_add_all_items_to_cart_and_checkout | Script duration: 67 seconds

2019-10-29 20:39:51 | INFO | Base_Logging | write_test_summary | 

************************
--------RESULT--------
Total number of checks=3
2019-10-29 20:39:51 | INFO | Base_Logging | write_test_summary | Total number of checks passed=3
----------------------
************************


2019-10-29 20:39:51 | INFO | Base_Logging | write_test_summary | Total number of mini-checks=19
2019-10-29 20:39:51 | INFO | Base_Logging | write_test_summary | Total number of mini-checks passed=19
2019-10-29 20:39:51 | INFO | Base_Logging | write_test_summary | ************************
2019-10-31 15:49:50 | DEBUG | Base_Logging | conditional_write | Clicked on Buy sunscreen
2019-10-31 15:49:55 | DEBUG | Base_Logging | conditional_write | The heading of the page is Sunscreens
2019-10-31 15:49:58 | DEBUG | Base_Logging | conditional_write | Landed on Sunscreen screen
2019-10-31 15:49:58 | INFO | Base_Logging | log_result | PASS: Successfully clicked on right button

2019-10-31 15:50:01 | DEBUG | Base_Logging | conditional_write | Clicked on add sunscreen button
2019-10-31 15:50:04 | DEBUG | Base_Logging | conditional_write | Clicked on add sunscreen button
2019-10-31 15:50:08 | DEBUG | Base_Logging | conditional_write | Clicked on add sunscreen button
2019-10-31 15:50:11 | DEBUG | Base_Logging | conditional_write | Clicked on add sunscreen button
2019-10-31 15:50:14 | DEBUG | Base_Logging | conditional_write | Clicked on add sunscreen button
2019-10-31 15:50:17 | DEBUG | Base_Logging | conditional_write | Clicked on add sunscreen button
2019-10-31 15:50:17 | DEBUG | Base_Logging | conditional_write | All sunscreens added to the cart
2019-10-31 15:50:17 | INFO | Base_Logging | inner | You have this exception
2019-10-31 15:50:17 | INFO | Base_Logging | inner | Exception in method: click_cart
2019-10-31 15:50:17 | INFO | Base_Logging | inner | PYTHON SAYS: 'Sunscreen_Page' object has no attribute 'cart_button'
2019-10-31 15:50:18 | INFO | Base_Logging | inner | You have this exception
2019-10-31 15:50:18 | INFO | Base_Logging | inner | Exception in method: add_all_items_and_verify_cart
2019-10-31 15:50:18 | INFO | Base_Logging | inner | PYTHON SAYS: unsupported operand type(s) for &=: 'bool' and 'NoneType'
2019-10-31 15:50:18 | INFO | Base_Logging | log_result | FAIL: Failed to add all items to the cart
On
2019-10-31 15:50:23 | DEBUG | Base_Logging | get_element | Message: no such element: Unable to locate element: {"method":"xpath","selector":"//button[@type='submit']"}
  (Session info: chrome=77.0.3865.120)

2019-10-31 15:50:23 | INFO | Base_Logging | get_element | Check your locator-'xpath,//button[@type='submit']' in the conf/locators.conf file
2019-10-31 15:50:23 | DEBUG | Base_Logging | conditional_write | Could not click pay with card button
2019-10-31 15:50:36 | INFO | Base_Logging | inner | You have this exception
2019-10-31 15:50:36 | INFO | Base_Logging | inner | Exception in method: switch_to_popup_iframe
2019-10-31 15:50:36 | INFO | Base_Logging | inner | PYTHON SAYS: Message: stripe_checkout_app

2019-10-31 15:50:36 | INFO | Base_Logging | inner | You have this exception
2019-10-31 15:50:36 | INFO | Base_Logging | inner | Exception in method: do_checkout
2019-10-31 15:50:36 | INFO | Base_Logging | inner | PYTHON SAYS: unsupported operand type(s) for &=: 'bool' and 'NoneType'
2019-10-31 15:50:36 | INFO | Base_Logging | log_result | FAIL: Failed to checkout
On
2019-10-31 15:50:36 | INFO | Base_Logging | test_add_all_items_to_cart_and_checkout | Script duration: 64 seconds

2019-10-31 15:50:36 | INFO | Base_Logging | write_test_summary | 

************************
--------RESULT--------
Total number of checks=3
2019-10-31 15:50:36 | INFO | Base_Logging | write_test_summary | Total number of checks passed=1
----------------------
************************


2019-10-31 15:50:36 | INFO | Base_Logging | write_test_summary | Total number of mini-checks=11
2019-10-31 15:50:36 | INFO | Base_Logging | write_test_summary | Total number of mini-checks passed=10
2019-10-31 15:50:36 | INFO | Base_Logging | write_test_summary | 
--------FAILURE SUMMARY--------

2019-10-31 15:50:36 | INFO | Base_Logging | write_test_summary | FAIL: Failed to add all items to the cart
On
2019-10-31 15:50:36 | INFO | Base_Logging | write_test_summary | FAIL: Failed to checkout
On
2019-10-31 15:50:37 | INFO | Base_Logging | write_test_summary | 
--------USEFUL EXCEPTION--------

2019-10-31 15:50:37 | INFO | Base_Logging | write_test_summary | 1- Check your locator-'xpath,//button[@type='submit']' in the conf/locators.conf file
2019-10-31 15:50:37 | INFO | Base_Logging | write_test_summary | ************************
2019-10-31 15:52:05 | INFO | Base_Logging | inner | You have this exception
2019-10-31 15:52:05 | INFO | Base_Logging | inner | Exception in method: check_temp_and_click_product_category
2019-10-31 15:52:05 | INFO | Base_Logging | inner | PYTHON SAYS: 'charmap' codec can't encode character '\u2103' in position 40: character maps to <undefined>
2019-10-31 15:52:05 | INFO | Base_Logging | log_result | FAIL: Failed to click right button
On
2019-10-31 15:52:32 | DEBUG | Base_Logging | conditional_write | Clicked on add moisturizer button
2019-10-31 15:52:46 | DEBUG | Base_Logging | get_element | Message: chrome not reachable
  (Session info: chrome=77.0.3865.120)

2019-10-31 15:52:46 | INFO | Base_Logging | get_element | Check your locator-'xpath,//button[@class='btn btn-primary']' in the conf/locators.conf file
2019-10-31 15:52:46 | DEBUG | Base_Logging | conditional_write | Could not click on add moisturizer button
2019-10-31 15:53:00 | DEBUG | Base_Logging | get_element | Message: chrome not reachable
  (Session info: chrome=77.0.3865.120)

2019-10-31 15:53:00 | INFO | Base_Logging | get_element | Check your locator-'xpath,//button[@class='btn btn-primary']' in the conf/locators.conf file
2019-10-31 15:53:00 | DEBUG | Base_Logging | conditional_write | Could not click on add moisturizer button
2019-10-31 15:53:14 | DEBUG | Base_Logging | get_element | Message: chrome not reachable
  (Session info: chrome=77.0.3865.120)

2019-10-31 15:53:14 | INFO | Base_Logging | get_element | Check your locator-'xpath,//button[@class='btn btn-primary']' in the conf/locators.conf file
2019-10-31 15:53:14 | DEBUG | Base_Logging | conditional_write | Could not click on add moisturizer button
2019-10-31 15:53:28 | DEBUG | Base_Logging | get_element | Message: chrome not reachable
  (Session info: chrome=77.0.3865.120)

2019-10-31 15:53:28 | INFO | Base_Logging | get_element | Check your locator-'xpath,//button[@class='btn btn-primary']' in the conf/locators.conf file
2019-10-31 15:53:28 | DEBUG | Base_Logging | conditional_write | Could not click on add moisturizer button
2019-10-31 15:53:42 | DEBUG | Base_Logging | get_element | Message: chrome not reachable
  (Session info: chrome=77.0.3865.120)

2019-10-31 15:53:42 | INFO | Base_Logging | get_element | Check your locator-'xpath,//button[@class='btn btn-primary']' in the conf/locators.conf file
2019-10-31 15:53:42 | DEBUG | Base_Logging | conditional_write | Could not click on add moisturizer button
2019-10-31 15:53:56 | INFO | Base_Logging | inner | You have this exception
2019-10-31 15:53:56 | INFO | Base_Logging | inner | Exception in method: add_all_moisturizers_verify_cart
2019-10-31 15:53:56 | INFO | Base_Logging | inner | PYTHON SAYS: Message: chrome not reachable
  (Session info: chrome=77.0.3865.120)

2019-10-31 15:55:03 | INFO | Base_Logging | inner | You have this exception
2019-10-31 15:55:03 | INFO | Base_Logging | inner | Exception in method: check_temp_and_click_product_category
2019-10-31 15:55:03 | INFO | Base_Logging | inner | PYTHON SAYS: 'charmap' codec can't encode character '\u2103' in position 39: character maps to <undefined>
2019-10-31 15:55:04 | INFO | Base_Logging | log_result | FAIL: Failed to click right button
On
2019-10-31 15:55:34 | DEBUG | Base_Logging | conditional_write | Clicked on add moisturizer button
2019-10-31 15:55:37 | DEBUG | Base_Logging | conditional_write | Clicked on add moisturizer button
2019-10-31 15:55:40 | DEBUG | Base_Logging | conditional_write | Clicked on add moisturizer button
2019-10-31 15:55:43 | DEBUG | Base_Logging | conditional_write | Clicked on add moisturizer button
2019-10-31 15:55:46 | DEBUG | Base_Logging | conditional_write | Clicked on add moisturizer button
2019-10-31 15:55:49 | DEBUG | Base_Logging | conditional_write | Clicked on add moisturizer button
2019-10-31 15:55:49 | DEBUG | Base_Logging | conditional_write | All moisturizers added to the cart
2019-10-31 15:55:50 | INFO | Base_Logging | log_result | PASS: All moisturizers added successfully to the cart

2019-10-31 15:55:50 | INFO | Base_Logging | test_add_all_moiturizers_to_cart | Script duration: 40 seconds

2019-10-31 15:55:50 | INFO | Base_Logging | write_test_summary | 

************************
--------RESULT--------
Total number of checks=2
2019-10-31 15:55:50 | INFO | Base_Logging | write_test_summary | Total number of checks passed=1
----------------------
************************


2019-10-31 15:55:50 | INFO | Base_Logging | write_test_summary | Total number of mini-checks=7
2019-10-31 15:55:50 | INFO | Base_Logging | write_test_summary | Total number of mini-checks passed=7
2019-10-31 15:55:50 | INFO | Base_Logging | write_test_summary | 
--------FAILURE SUMMARY--------

2019-10-31 15:55:50 | INFO | Base_Logging | write_test_summary | FAIL: Failed to click right button
On
2019-10-31 15:55:50 | INFO | Base_Logging | write_test_summary | ************************
2019-10-31 15:56:16 | DEBUG | Base_Logging | conditional_write | Most expensive item array is created
2019-10-31 15:56:19 | DEBUG | Base_Logging | conditional_write | Clicked on add of most expensive sunscreen
2019-10-31 15:56:25 | DEBUG | Base_Logging | conditional_write | Clicked on cart button
2019-10-31 15:56:28 | DEBUG | Base_Logging | conditional_write | Landed on cart screen
2019-10-31 15:56:28 | INFO | Base_Logging | log_result | PASS: Selected the most expensive sunscreen

2019-10-31 15:56:28 | INFO | Base_Logging | test_most_expensive_sunscreen | Script duration: 33 seconds

2019-10-31 15:56:28 | INFO | Base_Logging | write_test_summary | 

************************
--------RESULT--------
Total number of checks=1
2019-10-31 15:56:28 | INFO | Base_Logging | write_test_summary | Total number of checks passed=1
----------------------
************************


2019-10-31 15:56:28 | INFO | Base_Logging | write_test_summary | Total number of mini-checks=4
2019-10-31 15:56:28 | INFO | Base_Logging | write_test_summary | Total number of mini-checks passed=4
2019-10-31 15:56:28 | INFO | Base_Logging | write_test_summary | ************************
2019-10-31 15:56:52 | DEBUG | Base_Logging | conditional_write | SPF-50 sunscreens are added to the array
2019-10-31 15:56:52 | DEBUG | Base_Logging | conditional_write | SPF-50 sunscreens are added to the array
2019-10-31 15:56:58 | DEBUG | Base_Logging | conditional_write | SPF-30 sunscreens are added to the array
2019-10-31 15:56:58 | DEBUG | Base_Logging | conditional_write | SPF-30 sunscreens are added to the array
2019-10-31 15:56:58 | DEBUG | Base_Logging | conditional_write | SPF-30 sunscreens are added to the array
2019-10-31 15:57:01 | DEBUG | Base_Logging | conditional_write | Clicked on SPF-50 sunscreen add button
2019-10-31 15:57:05 | DEBUG | Base_Logging | conditional_write | Clicked on SPF-30 sunscreen add button
2019-10-31 15:57:11 | DEBUG | Base_Logging | conditional_write | Clicked on cart button
2019-10-31 15:57:14 | DEBUG | Base_Logging | conditional_write | Landed on cart screen
2019-10-31 15:57:14 | INFO | Base_Logging | log_result | PASS: Selected 2 least expensive sunscreens

2019-10-31 15:57:14 | INFO | Base_Logging | test_select_2_least_expensive_sunscreens | Script duration: 41 seconds

2019-10-31 15:57:14 | INFO | Base_Logging | write_test_summary | 

************************
--------RESULT--------
Total number of checks=1
2019-10-31 15:57:14 | INFO | Base_Logging | write_test_summary | Total number of checks passed=1
----------------------
************************


2019-10-31 15:57:14 | INFO | Base_Logging | write_test_summary | Total number of mini-checks=9
2019-10-31 15:57:14 | INFO | Base_Logging | write_test_summary | Total number of mini-checks passed=9
2019-10-31 15:57:14 | INFO | Base_Logging | write_test_summary | ************************
2019-10-31 16:05:49 | INFO | Base_Logging | inner | You have this exception
2019-10-31 16:05:49 | INFO | Base_Logging | inner | Exception in method: check_temp_and_click_product_category
2019-10-31 16:05:49 | INFO | Base_Logging | inner | PYTHON SAYS: 'charmap' codec can't encode character '\u2103' in position 39: character maps to <undefined>
2019-10-31 16:05:49 | INFO | Base_Logging | log_result | FAIL: Failed to click right button
On
2019-10-31 16:39:48 | INFO | Base_Logging | inner | You have this exception
2019-10-31 16:39:48 | INFO | Base_Logging | inner | Exception in method: check_temp_and_click_product_category
2019-10-31 16:39:48 | INFO | Base_Logging | inner | PYTHON SAYS: 'charmap' codec can't encode character '\u2103' in position 40: character maps to <undefined>
2019-10-31 16:39:49 | INFO | Base_Logging | log_result | FAIL: Failed to click right button
On
2019-10-31 16:39:54 | DEBUG | Base_Logging | conditional_write | Clicked on add button
2019-10-31 16:40:00 | DEBUG | Base_Logging | get_element | Message: no such element: Unable to locate element: {"method":"xpath","selector":"//span[contains(text(),'item(s)')]"}
  (Session info: chrome=77.0.3865.120)

2019-10-31 16:40:00 | INFO | Base_Logging | get_element | Check your locator-'xpath,//span[contains(text(),'item(s)')]' in the conf/locators.conf file
2019-10-31 16:40:00 | INFO | Base_Logging | get_text | 'NoneType' object has no attribute 'text'
2019-10-31 16:40:00 | INFO | Base_Logging | inner | You have this exception
2019-10-31 16:40:00 | INFO | Base_Logging | inner | Exception in method: check_added_count
2019-10-31 16:40:00 | INFO | Base_Logging | inner | PYTHON SAYS: 'NoneType' object has no attribute 'decode'
2019-10-31 16:40:00 | INFO | Base_Logging | inner | You have this exception
2019-10-31 16:40:00 | INFO | Base_Logging | inner | Exception in method: add_all_items_and_verify_cart
2019-10-31 16:40:00 | INFO | Base_Logging | inner | PYTHON SAYS: unsupported operand type(s) for &=: 'bool' and 'NoneType'
2019-10-31 16:40:00 | INFO | Base_Logging | log_result | FAIL: Failed to add all items to the cart
On
2019-10-31 16:40:06 | DEBUG | Base_Logging | get_element | Message: no such element: Unable to locate element: {"method":"xpath","selector":"//button[@type='submit']"}
  (Session info: chrome=77.0.3865.120)

2019-10-31 16:40:06 | INFO | Base_Logging | get_element | Check your locator-'xpath,//button[@type='submit']' in the conf/locators.conf file
2019-10-31 16:40:06 | DEBUG | Base_Logging | conditional_write | Could not click pay with card button
2019-10-31 16:40:18 | INFO | Base_Logging | inner | You have this exception
2019-10-31 16:40:18 | INFO | Base_Logging | inner | Exception in method: switch_to_popup_iframe
2019-10-31 16:40:18 | INFO | Base_Logging | inner | PYTHON SAYS: Message: stripe_checkout_app

2019-10-31 16:40:18 | INFO | Base_Logging | inner | You have this exception
2019-10-31 16:40:18 | INFO | Base_Logging | inner | Exception in method: do_checkout
2019-10-31 16:40:18 | INFO | Base_Logging | inner | PYTHON SAYS: unsupported operand type(s) for &=: 'bool' and 'NoneType'
2019-10-31 16:40:19 | INFO | Base_Logging | log_result | FAIL: Failed to checkout
On
2019-10-31 16:40:19 | INFO | Base_Logging | test_add_all_items_to_cart_and_checkout | Script duration: 44 seconds

2019-10-31 16:40:19 | INFO | Base_Logging | write_test_summary | 

************************
--------RESULT--------
Total number of checks=3
2019-10-31 16:40:19 | INFO | Base_Logging | write_test_summary | Total number of checks passed=0
----------------------
************************


2019-10-31 16:40:19 | INFO | Base_Logging | write_test_summary | Total number of mini-checks=2
2019-10-31 16:40:19 | INFO | Base_Logging | write_test_summary | Total number of mini-checks passed=1
2019-10-31 16:40:19 | INFO | Base_Logging | write_test_summary | 
--------FAILURE SUMMARY--------

2019-10-31 16:40:19 | INFO | Base_Logging | write_test_summary | FAIL: Failed to click right button
On
2019-10-31 16:40:19 | INFO | Base_Logging | write_test_summary | FAIL: Failed to add all items to the cart
On
2019-10-31 16:40:19 | INFO | Base_Logging | write_test_summary | FAIL: Failed to checkout
On
2019-10-31 16:40:19 | INFO | Base_Logging | write_test_summary | 
--------USEFUL EXCEPTION--------

2019-10-31 16:40:19 | INFO | Base_Logging | write_test_summary | 1- Check your locator-'xpath,//span[contains(text(),'item(s)')]' in the conf/locators.conf file
2019-10-31 16:40:19 | INFO | Base_Logging | write_test_summary | 2- Error when getting text from the path-'xpath,//span[contains(text(),'item(s)')]' in the conf/locators.conf file
2019-10-31 16:40:19 | INFO | Base_Logging | write_test_summary | 3- Check your locator-'xpath,//button[@type='submit']' in the conf/locators.conf file
2019-10-31 16:40:19 | INFO | Base_Logging | write_test_summary | ************************
2019-10-31 16:40:41 | DEBUG | Base_Logging | conditional_write | Clicked on add  button
2019-10-31 16:40:44 | DEBUG | Base_Logging | conditional_write | Clicked on add  button
2019-10-31 16:40:47 | DEBUG | Base_Logging | conditional_write | Clicked on add  button
2019-10-31 16:40:50 | DEBUG | Base_Logging | conditional_write | Clicked on add  button
2019-10-31 16:40:53 | DEBUG | Base_Logging | conditional_write | Clicked on add  button
2019-10-31 16:40:56 | DEBUG | Base_Logging | conditional_write | Clicked on add  button
2019-10-31 16:40:57 | DEBUG | Base_Logging | conditional_write | All items added to the cart
2019-10-31 16:40:57 | INFO | Base_Logging | log_result | PASS: All moisturizers added successfully to the cart

2019-10-31 16:40:57 | INFO | Base_Logging | test_add_all_moiturizers_to_cart | Script duration: 33 seconds

2019-10-31 16:40:57 | INFO | Base_Logging | write_test_summary | 

************************
--------RESULT--------
Total number of checks=1
2019-10-31 16:40:57 | INFO | Base_Logging | write_test_summary | Total number of checks passed=1
----------------------
************************


2019-10-31 16:40:57 | INFO | Base_Logging | write_test_summary | Total number of mini-checks=7
2019-10-31 16:40:57 | INFO | Base_Logging | write_test_summary | Total number of mini-checks passed=7
2019-10-31 16:40:57 | INFO | Base_Logging | write_test_summary | ************************
2019-10-31 16:41:24 | DEBUG | Base_Logging | conditional_write | Most expensive item array is created
2019-10-31 16:41:28 | DEBUG | Base_Logging | conditional_write | Clicked on add of most expensive sunscreen
2019-10-31 16:41:33 | DEBUG | Base_Logging | conditional_write | Clicked on cart button
2019-10-31 16:41:35 | DEBUG | Base_Logging | conditional_write | Landed on cart screen
2019-10-31 16:41:36 | INFO | Base_Logging | log_result | PASS: Selected the most expensive sunscreen

2019-10-31 16:41:36 | INFO | Base_Logging | test_most_expensive_sunscreen | Script duration: 33 seconds

2019-10-31 16:41:36 | INFO | Base_Logging | write_test_summary | 

************************
--------RESULT--------
Total number of checks=1
2019-10-31 16:41:36 | INFO | Base_Logging | write_test_summary | Total number of checks passed=1
----------------------
************************


2019-10-31 16:41:36 | INFO | Base_Logging | write_test_summary | Total number of mini-checks=4
2019-10-31 16:41:36 | INFO | Base_Logging | write_test_summary | Total number of mini-checks passed=4
2019-10-31 16:41:36 | INFO | Base_Logging | write_test_summary | ************************
2019-10-31 16:42:00 | DEBUG | Base_Logging | conditional_write | SPF-50 sunscreens are added to the array
2019-10-31 16:42:00 | DEBUG | Base_Logging | conditional_write | SPF-50 sunscreens are added to the array
2019-10-31 16:42:06 | DEBUG | Base_Logging | conditional_write | SPF-30 sunscreens are added to the array
2019-10-31 16:42:06 | DEBUG | Base_Logging | conditional_write | SPF-30 sunscreens are added to the array
2019-10-31 16:42:06 | DEBUG | Base_Logging | conditional_write | SPF-30 sunscreens are added to the array
2019-10-31 16:42:06 | DEBUG | Base_Logging | conditional_write | SPF-30 sunscreens are added to the array
2019-10-31 16:42:09 | DEBUG | Base_Logging | conditional_write | Clicked on SPF-50 sunscreen add button
2019-10-31 16:42:12 | DEBUG | Base_Logging | conditional_write | Clicked on SPF-30 sunscreen add button
2019-10-31 16:42:19 | DEBUG | Base_Logging | conditional_write | Clicked on cart button
2019-10-31 16:42:21 | DEBUG | Base_Logging | conditional_write | Landed on cart screen
2019-10-31 16:42:22 | INFO | Base_Logging | log_result | PASS: Selected 2 least expensive sunscreens

2019-10-31 16:42:22 | INFO | Base_Logging | test_select_2_least_expensive_sunscreens | Script duration: 41 seconds

2019-10-31 16:42:22 | INFO | Base_Logging | write_test_summary | 

************************
--------RESULT--------
Total number of checks=1
2019-10-31 16:42:22 | INFO | Base_Logging | write_test_summary | Total number of checks passed=1
----------------------
************************


2019-10-31 16:42:22 | INFO | Base_Logging | write_test_summary | Total number of mini-checks=10
2019-10-31 16:42:22 | INFO | Base_Logging | write_test_summary | Total number of mini-checks passed=10
2019-10-31 16:42:22 | INFO | Base_Logging | write_test_summary | ************************
2019-10-31 16:42:55 | INFO | Base_Logging | inner | You have this exception
2019-10-31 16:42:55 | INFO | Base_Logging | inner | Exception in method: check_temp_and_click_product_category
2019-10-31 16:42:55 | INFO | Base_Logging | inner | PYTHON SAYS: 'charmap' codec can't encode character '\u2103' in position 39: character maps to <undefined>
2019-10-31 16:42:55 | INFO | Base_Logging | log_result | FAIL: Failed to click right button
On
2019-10-31 16:43:00 | DEBUG | Base_Logging | conditional_write | Clicked on add button
2019-10-31 16:43:06 | DEBUG | Base_Logging | get_element | Message: no such element: Unable to locate element: {"method":"xpath","selector":"//span[contains(text(),'item(s)')]"}
  (Session info: chrome=77.0.3865.120)

2019-10-31 16:43:06 | INFO | Base_Logging | get_element | Check your locator-'xpath,//span[contains(text(),'item(s)')]' in the conf/locators.conf file
2019-10-31 16:43:06 | INFO | Base_Logging | get_text | 'NoneType' object has no attribute 'text'
2019-10-31 16:43:06 | INFO | Base_Logging | inner | You have this exception
2019-10-31 16:43:06 | INFO | Base_Logging | inner | Exception in method: check_added_count
2019-10-31 16:43:06 | INFO | Base_Logging | inner | PYTHON SAYS: 'NoneType' object has no attribute 'decode'
2019-10-31 16:43:06 | INFO | Base_Logging | inner | You have this exception
2019-10-31 16:43:06 | INFO | Base_Logging | inner | Exception in method: add_all_items_and_verify_cart
2019-10-31 16:43:06 | INFO | Base_Logging | inner | PYTHON SAYS: unsupported operand type(s) for &=: 'bool' and 'NoneType'
2019-10-31 16:43:06 | INFO | Base_Logging | log_result | FAIL: Failed to add all items to the cart
On
2019-10-31 16:43:11 | DEBUG | Base_Logging | get_element | Message: no such element: Unable to locate element: {"method":"xpath","selector":"//button[@type='submit']"}
  (Session info: chrome=77.0.3865.120)

2019-10-31 16:43:11 | INFO | Base_Logging | get_element | Check your locator-'xpath,//button[@type='submit']' in the conf/locators.conf file
2019-10-31 16:43:11 | DEBUG | Base_Logging | conditional_write | Could not click pay with card button
2019-10-31 16:43:20 | INFO | Base_Logging | inner | You have this exception
2019-10-31 16:43:20 | INFO | Base_Logging | inner | Exception in method: switch_to_popup_iframe
2019-10-31 16:43:20 | INFO | Base_Logging | inner | PYTHON SAYS: Message: unknown error: session deleted because of page crash
from unknown error: cannot determine loading status
from tab crashed
  (Session info: chrome=77.0.3865.120)

2019-10-31 16:43:20 | INFO | Base_Logging | inner | You have this exception
2019-10-31 16:43:20 | INFO | Base_Logging | inner | Exception in method: do_checkout
2019-10-31 16:43:20 | INFO | Base_Logging | inner | PYTHON SAYS: Message: invalid session id

2019-10-31 16:49:28 | DEBUG | Base_Logging | conditional_write | Clicked on Buy sunscreen
2019-10-31 16:49:34 | DEBUG | Base_Logging | conditional_write | The heading of the page is Sunscreens
2019-10-31 16:49:36 | DEBUG | Base_Logging | conditional_write | Landed on Sunscreen screen
2019-10-31 16:49:37 | INFO | Base_Logging | log_result | PASS: Successfully clicked on right button

2019-10-31 16:49:40 | DEBUG | Base_Logging | conditional_write | Clicked on add button
2019-10-31 16:49:40 | DEBUG | Base_Logging | conditional_write | One items added to the cart
2019-10-31 16:49:46 | DEBUG | Base_Logging | conditional_write | Clicked on cart button
2019-10-31 16:49:49 | DEBUG | Base_Logging | conditional_write | Landed on cart screen
2019-10-31 16:49:49 | INFO | Base_Logging | log_result | PASS: All items added successfully to the cart

2019-10-31 16:49:53 | DEBUG | Base_Logging | conditional_write | Clicked on pay with card
2019-10-31 16:50:00 | DEBUG | Base_Logging | conditional_write | Switched to Iframe
2019-10-31 16:50:01 | DEBUG | Base_Logging | conditional_write | Set the email to: aqrC@!(`3E&{@a.com
2019-10-31 16:50:01 | DEBUG | Base_Logging | conditional_write | Set the credit card number to: 4242 4242 4242 4242
2019-10-31 16:50:02 | DEBUG | Base_Logging | conditional_write | Set the mm/yy number to: 10/30
2019-10-31 16:50:02 | DEBUG | Base_Logging | conditional_write | Set the cvc number to: 123
2019-10-31 16:50:03 | DEBUG | Base_Logging | conditional_write | Set the zip code number to: 123456
2019-10-31 16:50:06 | DEBUG | Base_Logging | conditional_write | Set the remember me checkbox
2019-10-31 16:50:07 | DEBUG | Base_Logging | conditional_write | Set the phone number to: 121325345
2019-10-31 16:50:10 | DEBUG | Base_Logging | conditional_write | Clicked on pay button
2019-10-31 16:50:13 | DEBUG | Base_Logging | conditional_write | Switched back from Iframe
2019-10-31 16:50:13 | DEBUG | Base_Logging | conditional_write | Landed on confirmation screen
2019-10-31 16:50:14 | INFO | Base_Logging | log_result | PASS: Successfully checkout is completed

2019-10-31 16:50:14 | INFO | Base_Logging | test_add_all_items_to_cart_and_checkout | Script duration: 64 seconds

2019-10-31 16:50:14 | INFO | Base_Logging | write_test_summary | 

************************
--------RESULT--------
Total number of checks=3
2019-10-31 16:50:14 | INFO | Base_Logging | write_test_summary | Total number of checks passed=3
----------------------
************************


2019-10-31 16:50:14 | INFO | Base_Logging | write_test_summary | Total number of mini-checks=19
2019-10-31 16:50:14 | INFO | Base_Logging | write_test_summary | Total number of mini-checks passed=19
2019-10-31 16:50:14 | INFO | Base_Logging | write_test_summary | ************************
2019-10-31 16:50:36 | DEBUG | Base_Logging | conditional_write | Clicked on add  button
2019-10-31 16:50:39 | DEBUG | Base_Logging | conditional_write | Clicked on add  button
2019-10-31 16:50:42 | DEBUG | Base_Logging | conditional_write | Clicked on add  button
2019-10-31 16:50:45 | DEBUG | Base_Logging | conditional_write | Clicked on add  button
2019-10-31 16:50:48 | DEBUG | Base_Logging | conditional_write | Clicked on add  button
2019-10-31 16:50:51 | DEBUG | Base_Logging | conditional_write | Clicked on add  button
2019-10-31 16:50:52 | DEBUG | Base_Logging | conditional_write | All items added to the cart
2019-10-31 16:50:52 | INFO | Base_Logging | log_result | PASS: All moisturizers added successfully to the cart

2019-10-31 16:50:52 | INFO | Base_Logging | test_add_all_moiturizers_to_cart | Script duration: 33 seconds

2019-10-31 16:50:52 | INFO | Base_Logging | write_test_summary | 

************************
--------RESULT--------
Total number of checks=1
2019-10-31 16:50:52 | INFO | Base_Logging | write_test_summary | Total number of checks passed=1
----------------------
************************


2019-10-31 16:50:52 | INFO | Base_Logging | write_test_summary | Total number of mini-checks=7
2019-10-31 16:50:52 | INFO | Base_Logging | write_test_summary | Total number of mini-checks passed=7
2019-10-31 16:50:52 | INFO | Base_Logging | write_test_summary | ************************
2019-10-31 16:51:16 | DEBUG | Base_Logging | conditional_write | Most expensive item array is created
2019-10-31 16:51:20 | DEBUG | Base_Logging | conditional_write | Clicked on add of most expensive sunscreen
2019-10-31 16:51:26 | DEBUG | Base_Logging | conditional_write | Clicked on cart button
2019-10-31 16:51:28 | DEBUG | Base_Logging | conditional_write | Landed on cart screen
2019-10-31 16:51:29 | INFO | Base_Logging | log_result | PASS: Selected the most expensive sunscreen

2019-10-31 16:51:29 | INFO | Base_Logging | test_most_expensive_sunscreen | Script duration: 32 seconds

2019-10-31 16:51:29 | INFO | Base_Logging | write_test_summary | 

************************
--------RESULT--------
Total number of checks=1
2019-10-31 16:51:29 | INFO | Base_Logging | write_test_summary | Total number of checks passed=1
----------------------
************************


2019-10-31 16:51:29 | INFO | Base_Logging | write_test_summary | Total number of mini-checks=4
2019-10-31 16:51:29 | INFO | Base_Logging | write_test_summary | Total number of mini-checks passed=4
2019-10-31 16:51:29 | INFO | Base_Logging | write_test_summary | ************************
2019-10-31 16:51:53 | DEBUG | Base_Logging | conditional_write | SPF-50 sunscreens are added to the array
2019-10-31 16:51:53 | DEBUG | Base_Logging | conditional_write | SPF-50 sunscreens are added to the array
2019-10-31 16:51:58 | DEBUG | Base_Logging | conditional_write | SPF-30 sunscreens are added to the array
2019-10-31 16:51:58 | DEBUG | Base_Logging | conditional_write | SPF-30 sunscreens are added to the array
2019-10-31 16:51:58 | DEBUG | Base_Logging | conditional_write | SPF-30 sunscreens are added to the array
2019-10-31 16:52:02 | DEBUG | Base_Logging | conditional_write | Clicked on SPF-50 sunscreen add button
2019-10-31 16:52:05 | DEBUG | Base_Logging | conditional_write | Clicked on SPF-30 sunscreen add button
2019-10-31 16:52:11 | DEBUG | Base_Logging | conditional_write | Clicked on cart button
2019-10-31 16:52:13 | DEBUG | Base_Logging | conditional_write | Landed on cart screen
2019-10-31 16:52:14 | INFO | Base_Logging | log_result | PASS: Selected 2 least expensive sunscreens

2019-10-31 16:52:14 | INFO | Base_Logging | test_select_2_least_expensive_sunscreens | Script duration: 40 seconds

2019-10-31 16:52:14 | INFO | Base_Logging | write_test_summary | 

************************
--------RESULT--------
Total number of checks=1
2019-10-31 16:52:14 | INFO | Base_Logging | write_test_summary | Total number of checks passed=1
----------------------
************************


2019-10-31 16:52:14 | INFO | Base_Logging | write_test_summary | Total number of mini-checks=9
2019-10-31 16:52:14 | INFO | Base_Logging | write_test_summary | Total number of mini-checks passed=9
2019-10-31 16:52:14 | INFO | Base_Logging | write_test_summary | ************************
